dataset cache file:  /home/yuhaoge2/data/tpugraphs/cache/tile/xla/027fa03fc80419f183ffebabc0dc0bfa-cache.npz
loaded from /home/yuhaoge2/data/tpugraphs/cache/tile/xla/027fa03fc80419f183ffebabc0dc0bfa-cache.npz
dataset cache file:  /home/yuhaoge2/data/tpugraphs/cache/tile/xla/a0d31b6910f2f0ab2ad99d48e6cecc27-cache.npz
loaded from /home/yuhaoge2/data/tpugraphs/cache/tile/xla/a0d31b6910f2f0ab2ad99d48e6cecc27-cache.npz
dataset cache file:  /home/yuhaoge2/data/tpugraphs/cache/tile/xla/f49ccbd77dd342efcacfac025d19814e-cache.npz
loaded from /home/yuhaoge2/data/tpugraphs/cache/tile/xla/f49ccbd77dd342efcacfac025d19814e-cache.npz
Loading model <class 'tpu_graphs.baselines.tiles.models.MLP'> from  /home/yuhaoge2/out/tpugraphs_tiles/run_08ddbb54c03116a1ef17265db2358d39.jsonz
{
  "1": {
    "bert_pretraining.4x4.fp16": 1.1845847368240356,
    "inception_v3_batch_128_train": 2.222465753555298,
    "mlperf_bert_batch_24_2x2": 0.7248358726501465,
    "resnet50.4x4.fp16": 1.1278117895126343,
    "resnet_v1_50_official_batch_128_bf16": 1.0961798429489136,
    "tf2_bert_pretrain_dynamic_batch_size": 0.908270001411438,
    "unet_3d.4x4.bf16": 1.4718735218048096
  },
  "5": {
    "bert_pretraining.4x4.fp16": 0.2972167134284973,
    "inception_v3_batch_128_train": 1.0944479703903198,
    "mlperf_bert_batch_24_2x2": 0.33455729484558105,
    "resnet50.4x4.fp16": 0.6382068395614624,
    "resnet_v1_50_official_batch_128_bf16": 0.5930031538009644,
    "tf2_bert_pretrain_dynamic_batch_size": 0.2220507115125656,
    "unet_3d.4x4.bf16": 0.4540465474128723
  }
}
dataset cache file:  /home/yuhaoge2/data/tpugraphs/cache/tile/xla/027fa03fc80419f183ffebabc0dc0bfa-cache.npz
loaded from /home/yuhaoge2/data/tpugraphs/cache/tile/xla/027fa03fc80419f183ffebabc0dc0bfa-cache.npz
dataset cache file:  /home/yuhaoge2/data/tpugraphs/cache/tile/xla/a0d31b6910f2f0ab2ad99d48e6cecc27-cache.npz
loaded from /home/yuhaoge2/data/tpugraphs/cache/tile/xla/a0d31b6910f2f0ab2ad99d48e6cecc27-cache.npz
dataset cache file:  /home/yuhaoge2/data/tpugraphs/cache/tile/xla/f49ccbd77dd342efcacfac025d19814e-cache.npz
loaded from /home/yuhaoge2/data/tpugraphs/cache/tile/xla/f49ccbd77dd342efcacfac025d19814e-cache.npz
Loading model <class 'tpu_graphs.baselines.tiles.models.LateJoinResGCN'> from  /home/yuhaoge2/out/tpugraphs_tiles/run_3e20c8dd3a1edad3476324a0182470d9.jsonz
{
  "1": {
    "bert_pretraining.4x4.fp16": 0.1315050572156906,
    "inception_v3_batch_128_train": 0.09084603190422058,
    "mlperf_bert_batch_24_2x2": 0.2720266580581665,
    "resnet50.4x4.fp16": 0.18981577455997467,
    "resnet_v1_50_official_batch_128_bf16": 0.22283869981765747,
    "tf2_bert_pretrain_dynamic_batch_size": 0.12213101238012314,
    "unet_3d.4x4.bf16": 0.5475025177001953
  },
  "5": {
    "bert_pretraining.4x4.fp16": 0.03574100509285927,
    "inception_v3_batch_128_train": 0.030972206965088844,
    "mlperf_bert_batch_24_2x2": 0.10153929144144058,
    "resnet50.4x4.fp16": 0.08150897920131683,
    "resnet_v1_50_official_batch_128_bf16": 0.1310638040304184,
    "tf2_bert_pretrain_dynamic_batch_size": 0.06124764308333397,
    "unet_3d.4x4.bf16": 0.23881849646568298
  }
}
dataset cache file:  /home/yuhaoge2/data/tpugraphs/cache/tile/xla/027fa03fc80419f183ffebabc0dc0bfa-cache.npz
loaded from /home/yuhaoge2/data/tpugraphs/cache/tile/xla/027fa03fc80419f183ffebabc0dc0bfa-cache.npz
dataset cache file:  /home/yuhaoge2/data/tpugraphs/cache/tile/xla/a0d31b6910f2f0ab2ad99d48e6cecc27-cache.npz
loaded from /home/yuhaoge2/data/tpugraphs/cache/tile/xla/a0d31b6910f2f0ab2ad99d48e6cecc27-cache.npz
dataset cache file:  /home/yuhaoge2/data/tpugraphs/cache/tile/xla/f49ccbd77dd342efcacfac025d19814e-cache.npz
loaded from /home/yuhaoge2/data/tpugraphs/cache/tile/xla/f49ccbd77dd342efcacfac025d19814e-cache.npz
Loading model <class 'tpu_graphs.baselines.tiles.models.EarlyJoinResGCN'> from  /home/yuhaoge2/out/tpugraphs_tiles/run_7eca281edb52d5b161573264426dfac8.jsonz
{
  "1": {
    "bert_pretraining.4x4.fp16": 0.137180894613266,
    "inception_v3_batch_128_train": 0.09895604848861694,
    "mlperf_bert_batch_24_2x2": 0.15151582658290863,
    "resnet50.4x4.fp16": 0.15050731599330902,
    "resnet_v1_50_official_batch_128_bf16": 0.14289674162864685,
    "tf2_bert_pretrain_dynamic_batch_size": 0.06474997103214264,
    "unet_3d.4x4.bf16": 0.3087872862815857
  },
  "5": {
    "bert_pretraining.4x4.fp16": 0.027345797047019005,
    "inception_v3_batch_128_train": 0.033276330679655075,
    "mlperf_bert_batch_24_2x2": 0.0656852051615715,
    "resnet50.4x4.fp16": 0.06759151071310043,
    "resnet_v1_50_official_batch_128_bf16": 0.0698302835226059,
    "tf2_bert_pretrain_dynamic_batch_size": 0.033448874950408936,
    "unet_3d.4x4.bf16": 0.07707029581069946
  }
}
dataset cache file:  /home/yuhaoge2/data/tpugraphs/cache/tile/xla/027fa03fc80419f183ffebabc0dc0bfa-cache.npz
loaded from /home/yuhaoge2/data/tpugraphs/cache/tile/xla/027fa03fc80419f183ffebabc0dc0bfa-cache.npz
dataset cache file:  /home/yuhaoge2/data/tpugraphs/cache/tile/xla/a0d31b6910f2f0ab2ad99d48e6cecc27-cache.npz
loaded from /home/yuhaoge2/data/tpugraphs/cache/tile/xla/a0d31b6910f2f0ab2ad99d48e6cecc27-cache.npz
dataset cache file:  /home/yuhaoge2/data/tpugraphs/cache/tile/xla/f49ccbd77dd342efcacfac025d19814e-cache.npz
loaded from /home/yuhaoge2/data/tpugraphs/cache/tile/xla/f49ccbd77dd342efcacfac025d19814e-cache.npz
Loading model <class 'tpu_graphs.baselines.tiles.models.LateJoinSAGE'> from  /home/yuhaoge2/out/tpugraphs_tiles/run_c18b6d0bdf18980c3f995d433a9b4f61.jsonz
{
  "1": {
    "bert_pretraining.4x4.fp16": 0.1096225380897522,
    "inception_v3_batch_128_train": 0.08808590471744537,
    "mlperf_bert_batch_24_2x2": 0.16577035188674927,
    "resnet50.4x4.fp16": 0.181325301527977,
    "resnet_v1_50_official_batch_128_bf16": 0.19222716987133026,
    "tf2_bert_pretrain_dynamic_batch_size": 0.11116000264883041,
    "unet_3d.4x4.bf16": 0.41702184081077576
  },
  "5": {
    "bert_pretraining.4x4.fp16": 0.027873607352375984,
    "inception_v3_batch_128_train": 0.035996004939079285,
    "mlperf_bert_batch_24_2x2": 0.09356208890676498,
    "resnet50.4x4.fp16": 0.07842041552066803,
    "resnet_v1_50_official_batch_128_bf16": 0.10745947808027267,
    "tf2_bert_pretrain_dynamic_batch_size": 0.06315246224403381,
    "unet_3d.4x4.bf16": 0.021565858274698257
  }
}
dataset cache file:  /home/yuhaoge2/data/tpugraphs/cache/tile/xla/027fa03fc80419f183ffebabc0dc0bfa-cache.npz
loaded from /home/yuhaoge2/data/tpugraphs/cache/tile/xla/027fa03fc80419f183ffebabc0dc0bfa-cache.npz
dataset cache file:  /home/yuhaoge2/data/tpugraphs/cache/tile/xla/a0d31b6910f2f0ab2ad99d48e6cecc27-cache.npz
loaded from /home/yuhaoge2/data/tpugraphs/cache/tile/xla/a0d31b6910f2f0ab2ad99d48e6cecc27-cache.npz
dataset cache file:  /home/yuhaoge2/data/tpugraphs/cache/tile/xla/f49ccbd77dd342efcacfac025d19814e-cache.npz
loaded from /home/yuhaoge2/data/tpugraphs/cache/tile/xla/f49ccbd77dd342efcacfac025d19814e-cache.npz
Loading model <class 'tpu_graphs.baselines.tiles.models.EarlyJoinSAGE'> from  /home/yuhaoge2/out/tpugraphs_tiles/run_cafb90fcc7cf26b1f45911a410c75168.jsonz
{
  "1": {
    "bert_pretraining.4x4.fp16": 0.08898107707500458,
    "inception_v3_batch_128_train": 0.08918288350105286,
    "mlperf_bert_batch_24_2x2": 0.1544126570224762,
    "resnet50.4x4.fp16": 0.15900330245494843,
    "resnet_v1_50_official_batch_128_bf16": 0.11173610389232635,
    "tf2_bert_pretrain_dynamic_batch_size": 0.046045541763305664,
    "unet_3d.4x4.bf16": 0.7901048064231873
  },
  "5": {
    "bert_pretraining.4x4.fp16": 0.021764790639281273,
    "inception_v3_batch_128_train": 0.02438836172223091,
    "mlperf_bert_batch_24_2x2": 0.06698578596115112,
    "resnet50.4x4.fp16": 0.06209626421332359,
    "resnet_v1_50_official_batch_128_bf16": 0.04075794667005539,
    "tf2_bert_pretrain_dynamic_batch_size": 0.0159151591360569,
    "unet_3d.4x4.bf16": 0.35344260931015015
  }
}
