2023-11-28 14:08:25.301473: I tensorflow/core/util/port.cc:113] oneDNN custom operations are on. You may see slightly different numerical results due to floating-point round-off errors from different computation orders. To turn them off, set the environment variable `TF_ENABLE_ONEDNN_OPTS=0`.
2023-11-28 14:08:25.303319: I external/local_tsl/tsl/cuda/cudart_stub.cc:31] Could not find cuda drivers on your machine, GPU will not be used.
2023-11-28 14:08:25.334654: E external/local_xla/xla/stream_executor/cuda/cuda_dnn.cc:9261] Unable to register cuDNN factory: Attempting to register factory for plugin cuDNN when one has already been registered
2023-11-28 14:08:25.334681: E external/local_xla/xla/stream_executor/cuda/cuda_fft.cc:607] Unable to register cuFFT factory: Attempting to register factory for plugin cuFFT when one has already been registered
2023-11-28 14:08:25.335555: E external/local_xla/xla/stream_executor/cuda/cuda_blas.cc:1515] Unable to register cuBLAS factory: Attempting to register factory for plugin cuBLAS when one has already been registered
2023-11-28 14:08:25.340458: I external/local_tsl/tsl/cuda/cudart_stub.cc:31] Could not find cuda drivers on your machine, GPU will not be used.
2023-11-28 14:08:25.340616: I tensorflow/core/platform/cpu_feature_guard.cc:182] This TensorFlow binary is optimized to use available CPU instructions in performance-critical operations.
To enable the following instructions: AVX2 AVX512F AVX512_VNNI FMA, in other operations, rebuild TensorFlow with the appropriate compiler flags.
2023-11-28 14:08:25.927547: W tensorflow/compiler/tf2tensorrt/utils/py_utils.cc:38] TF-TRT Warning: Could not find TensorRT
2023-11-28 14:08:28.547855: W tensorflow/core/common_runtime/gpu/gpu_device.cc:2256] Cannot dlopen some GPU libraries. Please make sure the missing libraries mentioned above are installed properly if you would like to use GPU. Follow the guide at https://www.tensorflow.org/install/gpu for how to download and setup the required libraries for your platform.
Skipping registering GPU devices...
dataset cache file:  /home/yuhaoge2/data/tpugraphs/cache/tile/850114d2e6959563f2452bbccd804c35-cache.npz
0%|          | 0/5709 [00:00<?, ?it/s]
1%|          | 51/5709 [00:00<00:11, 502.22it/s]
2%|▏         | 102/5709 [00:00<00:11, 503.50it/s]
3%|▎         | 156/5709 [00:00<00:10, 518.05it/s]
4%|▎         | 210/5709 [00:00<00:10, 524.39it/s]
5%|▍         | 263/5709 [00:00<00:10, 515.58it/s]
6%|▌         | 322/5709 [00:00<00:10, 536.98it/s]
7%|▋         | 376/5709 [00:00<00:10, 528.48it/s]
8%|▊         | 431/5709 [00:00<00:09, 535.08it/s]
9%|▊         | 489/5709 [00:00<00:09, 548.20it/s]
10%|▉         | 544/5709 [00:01<00:09, 538.70it/s]
10%|█         | 598/5709 [00:01<00:09, 533.92it/s]
11%|█▏        | 652/5709 [00:01<00:09, 515.40it/s]
12%|█▏        | 707/5709 [00:01<00:09, 524.13it/s]
13%|█▎        | 761/5709 [00:01<00:09, 528.04it/s]
14%|█▍        | 820/5709 [00:01<00:09, 540.01it/s]
15%|█▌        | 875/5709 [00:01<00:09, 529.48it/s]
16%|█▋        | 931/5709 [00:01<00:08, 535.72it/s]
17%|█▋        | 986/5709 [00:01<00:08, 539.86it/s]
18%|█▊        | 1041/5709 [00:01<00:08, 530.86it/s]
19%|█▉        | 1095/5709 [00:02<00:08, 525.98it/s]
20%|██        | 1151/5709 [00:02<00:08, 533.92it/s]
21%|██        | 1205/5709 [00:02<00:08, 509.36it/s]
22%|██▏       | 1257/5709 [00:02<00:08, 511.16it/s]
23%|██▎       | 1309/5709 [00:02<00:08, 511.30it/s]
24%|██▍       | 1364/5709 [00:02<00:08, 522.54it/s]
25%|██▍       | 1424/5709 [00:02<00:07, 542.53it/s]
26%|██▌       | 1480/5709 [00:02<00:07, 542.85it/s]
27%|██▋       | 1535/5709 [00:02<00:07, 542.93it/s]
28%|██▊       | 1590/5709 [00:03<00:07, 534.18it/s]
29%|██▉       | 1644/5709 [00:03<00:07, 519.83it/s]
30%|██▉       | 1697/5709 [00:03<00:07, 519.42it/s]
31%|███       | 1757/5709 [00:03<00:07, 542.33it/s]
32%|███▏      | 1812/5709 [00:03<00:07, 520.74it/s]
33%|███▎      | 1865/5709 [00:03<00:07, 516.82it/s]
34%|███▎      | 1918/5709 [00:03<00:07, 518.81it/s]
35%|███▍      | 1971/5709 [00:03<00:07, 515.43it/s]
36%|███▌      | 2030/5709 [00:03<00:06, 536.74it/s]
37%|███▋      | 2085/5709 [00:03<00:06, 540.35it/s]
38%|███▊      | 2146/5709 [00:04<00:06, 559.97it/s]
39%|███▊      | 2203/5709 [00:04<00:06, 546.90it/s]
40%|███▉      | 2258/5709 [00:04<00:06, 545.90it/s]
41%|████      | 2314/5709 [00:04<00:06, 545.49it/s]
41%|████▏     | 2369/5709 [00:04<00:06, 535.62it/s]
42%|████▏     | 2423/5709 [00:04<00:06, 531.11it/s]
43%|████▎     | 2479/5709 [00:04<00:06, 538.27it/s]
44%|████▍     | 2533/5709 [00:04<00:05, 534.03it/s]
45%|████▌     | 2592/5709 [00:04<00:05, 548.75it/s]
46%|████▋     | 2647/5709 [00:04<00:05, 536.72it/s]
47%|████▋     | 2703/5709 [00:05<00:05, 542.05it/s]
48%|████▊     | 2758/5709 [00:05<00:05, 534.49it/s]
49%|████▉     | 2813/5709 [00:05<00:05, 538.76it/s]
50%|█████     | 2867/5709 [00:05<00:05, 536.67it/s]
51%|█████     | 2921/5709 [00:05<00:05, 529.25it/s]
52%|█████▏    | 2974/5709 [00:05<00:05, 527.17it/s]
53%|█████▎    | 3032/5709 [00:05<00:04, 541.98it/s]
54%|█████▍    | 3087/5709 [00:05<00:04, 531.96it/s]
55%|█████▌    | 3141/5709 [00:05<00:04, 528.49it/s]
56%|█████▌    | 3194/5709 [00:06<00:04, 521.02it/s]
57%|█████▋    | 3247/5709 [00:06<00:04, 520.01it/s]
58%|█████▊    | 3300/5709 [00:06<00:04, 513.28it/s]
59%|█████▊    | 3352/5709 [00:06<00:04, 507.31it/s]
60%|█████▉    | 3407/5709 [00:06<00:04, 516.65it/s]
61%|██████    | 3466/5709 [00:06<00:04, 536.06it/s]
62%|██████▏   | 3520/5709 [00:06<00:04, 527.15it/s]
63%|██████▎   | 3573/5709 [00:06<00:04, 525.52it/s]
64%|██████▎   | 3627/5709 [00:06<00:03, 523.54it/s]
64%|██████▍   | 3680/5709 [00:06<00:03, 520.11it/s]
65%|██████▌   | 3733/5709 [00:07<00:03, 504.42it/s]
66%|██████▋   | 3790/5709 [00:07<00:03, 522.98it/s]
67%|██████▋   | 3843/5709 [00:07<00:03, 519.97it/s]
68%|██████▊   | 3899/5709 [00:07<00:03, 528.84it/s]
69%|██████▉   | 3952/5709 [00:07<00:03, 524.30it/s]
70%|███████   | 4008/5709 [00:07<00:03, 533.13it/s]
71%|███████   | 4062/5709 [00:07<00:03, 525.67it/s]
72%|███████▏  | 4119/5709 [00:07<00:02, 534.31it/s]
73%|███████▎  | 4173/5709 [00:07<00:02, 524.49it/s]
74%|███████▍  | 4226/5709 [00:07<00:02, 518.18it/s]
75%|███████▌  | 4282/5709 [00:08<00:02, 526.66it/s]
76%|███████▌  | 4335/5709 [00:08<00:02, 519.43it/s]
77%|███████▋  | 4394/5709 [00:08<00:02, 538.12it/s]
78%|███████▊  | 4450/5709 [00:08<00:02, 541.77it/s]
79%|███████▉  | 4505/5709 [00:08<00:02, 538.16it/s]
80%|███████▉  | 4559/5709 [00:08<00:02, 536.48it/s]
81%|████████  | 4614/5709 [00:08<00:02, 540.10it/s]
82%|████████▏ | 4669/5709 [00:08<00:01, 531.85it/s]
83%|████████▎ | 4727/5709 [00:08<00:01, 545.47it/s]
84%|████████▍ | 4782/5709 [00:09<00:01, 542.54it/s]
85%|████████▍ | 4837/5709 [00:09<00:01, 535.84it/s]
86%|████████▌ | 4891/5709 [00:09<00:01, 527.81it/s]
87%|████████▋ | 4944/5709 [00:09<00:01, 515.82it/s]
88%|████████▊ | 5004/5709 [00:09<00:01, 539.10it/s]
89%|████████▊ | 5059/5709 [00:09<00:01, 529.02it/s]
90%|████████▉ | 5113/5709 [00:09<00:01, 521.05it/s]
91%|█████████ | 5167/5709 [00:09<00:01, 524.42it/s]
91%|█████████▏| 5220/5709 [00:09<00:00, 525.24it/s]
92%|█████████▏| 5277/5709 [00:09<00:00, 536.12it/s]
93%|█████████▎| 5333/5709 [00:10<00:00, 540.84it/s]
94%|█████████▍| 5388/5709 [00:10<00:00, 542.93it/s]
95%|█████████▌| 5446/5709 [00:10<00:00, 552.39it/s]
96%|█████████▋| 5502/5709 [00:10<00:00, 545.92it/s]
97%|█████████▋| 5557/5709 [00:10<00:00, 533.78it/s]
98%|█████████▊| 5611/5709 [00:10<00:00, 534.46it/s]
99%|█████████▉| 5666/5709 [00:10<00:00, 534.83it/s]
100%|██████████| 5709/5709 [00:10<00:00, 530.66it/s]
skipping tile with only 14 configurations
skipping tile with only 14 configurations
skipping tile with only 16 configurations
skipping tile with only 8 configurations
skipping tile with only 2 configurations
skipping tile with only 16 configurations
skipping tile with only 4 configurations
skipping tile with only 12 configurations
skipping tile with only 8 configurations
skipping tile with only 16 configurations
skipping tile with only 7 configurations
skipping tile with only 2 configurations
skipping tile with only 15 configurations
skipping tile with only 4 configurations
skipping tile with only 8 configurations
skipping tile with only 16 configurations
skipping tile with only 4 configurations
skipping tile with only 4 configurations
skipping tile with only 16 configurations
skipping tile with only 7 configurations
skipping tile with only 5 configurations
skipping tile with only 14 configurations
skipping tile with only 16 configurations
skipping tile with only 12 configurations
skipping tile with only 18 configurations
skipping tile with only 2 configurations
skipping tile with only 12 configurations
skipping tile with only 16 configurations
skipping tile with only 16 configurations
skipping tile with only 9 configurations
skipping tile with only 12 configurations
skipping tile with only 2 configurations
skipping tile with only 14 configurations
skipping tile with only 12 configurations
skipping tile with only 4 configurations
skipping tile with only 6 configurations
skipping tile with only 11 configurations
skipping tile with only 17 configurations
skipping tile with only 8 configurations
skipping tile with only 7 configurations
skipping tile with only 15 configurations
skipping tile with only 16 configurations
skipping tile with only 19 configurations
skipping tile with only 8 configurations
skipping tile with only 16 configurations
skipping tile with only 2 configurations
skipping tile with only 7 configurations
skipping tile with only 16 configurations
skipping tile with only 16 configurations
skipping tile with only 18 configurations
skipping tile with only 16 configurations
skipping tile with only 12 configurations
skipping tile with only 8 configurations
skipping tile with only 14 configurations
skipping tile with only 8 configurations
skipping tile with only 8 configurations
skipping tile with only 14 configurations
skipping tile with only 6 configurations
skipping tile with only 5 configurations
skipping tile with only 6 configurations
skipping tile with only 16 configurations
skipping tile with only 16 configurations
skipping tile with only 16 configurations
skipping tile with only 4 configurations
skipping tile with only 19 configurations
skipping tile with only 15 configurations
skipping tile with only 16 configurations
skipping tile with only 4 configurations
skipping tile with only 8 configurations
skipping tile with only 14 configurations
skipping tile with only 14 configurations
skipping tile with only 4 configurations
skipping tile with only 12 configurations
skipping tile with only 7 configurations
skipping tile with only 6 configurations
skipping tile with only 8 configurations
skipping tile with only 18 configurations
skipping tile with only 8 configurations
skipping tile with only 12 configurations
skipping tile with only 14 configurations
skipping tile with only 19 configurations
skipping tile with only 14 configurations
skipping tile with only 4 configurations
skipping tile with only 6 configurations
skipping tile with only 12 configurations
skipping tile with only 12 configurations
skipping tile with only 16 configurations
skipping tile with only 16 configurations
skipping tile with only 8 configurations
skipping tile with only 16 configurations
skipping tile with only 14 configurations
skipping tile with only 12 configurations
skipping tile with only 16 configurations
skipping tile with only 12 configurations
skipping tile with only 14 configurations
skipping tile with only 4 configurations
skipping tile with only 8 configurations
skipping tile with only 16 configurations
skipping tile with only 16 configurations
skipping tile with only 7 configurations
skipping tile with only 18 configurations
skipping tile with only 13 configurations
skipping tile with only 17 configurations
skipping tile with only 8 configurations
skipping tile with only 7 configurations
skipping tile with only 16 configurations
skipping tile with only 16 configurations
skipping tile with only 17 configurations
skipping tile with only 12 configurations
skipping tile with only 8 configurations
skipping tile with only 16 configurations
skipping tile with only 8 configurations
skipping tile with only 9 configurations
skipping tile with only 3 configurations
skipping tile with only 16 configurations
skipping tile with only 4 configurations
skipping tile with only 5 configurations
skipping tile with only 4 configurations
skipping tile with only 17 configurations
skipping tile with only 12 configurations
skipping tile with only 8 configurations
skipping tile with only 14 configurations
skipping tile with only 6 configurations
skipping tile with only 4 configurations
skipping tile with only 16 configurations
skipping tile with only 2 configurations
skipping tile with only 8 configurations
skipping tile with only 6 configurations
skipping tile with only 4 configurations
skipping tile with only 5 configurations
skipping tile with only 4 configurations
skipping tile with only 11 configurations
skipping tile with only 6 configurations
skipping tile with only 6 configurations
skipping tile with only 16 configurations
skipping tile with only 16 configurations
skipping tile with only 18 configurations
skipping tile with only 7 configurations
skipping tile with only 5 configurations
skipping tile with only 14 configurations
skipping tile with only 16 configurations
skipping tile with only 8 configurations
skipping tile with only 5 configurations
skipping tile with only 8 configurations
skipping tile with only 6 configurations
skipping tile with only 16 configurations
skipping tile with only 15 configurations
skipping tile with only 8 configurations
skipping tile with only 6 configurations
skipping tile with only 6 configurations
skipping tile with only 4 configurations
skipping tile with only 4 configurations
skipping tile with only 15 configurations
skipping tile with only 16 configurations
skipping tile with only 18 configurations
skipping tile with only 16 configurations
skipping tile with only 16 configurations
skipping tile with only 16 configurations
skipping tile with only 7 configurations
skipping tile with only 12 configurations
skipping tile with only 16 configurations
skipping tile with only 8 configurations
skipping tile with only 14 configurations
skipping tile with only 6 configurations
skipping tile with only 6 configurations
skipping tile with only 10 configurations
skipping tile with only 12 configurations
skipping tile with only 14 configurations
skipping tile with only 18 configurations
skipping tile with only 5 configurations
skipping tile with only 8 configurations
skipping tile with only 16 configurations
skipping tile with only 16 configurations
skipping tile with only 6 configurations
skipping tile with only 3 configurations
skipping tile with only 19 configurations
skipping tile with only 14 configurations
skipping tile with only 8 configurations
skipping tile with only 16 configurations
skipping tile with only 11 configurations
skipping tile with only 6 configurations
skipping tile with only 11 configurations
skipping tile with only 11 configurations
skipping tile with only 8 configurations
wrote /home/yuhaoge2/data/tpugraphs/cache/tile/850114d2e6959563f2452bbccd804c35-cache.npz
wrote /home/yuhaoge2/data/tpugraphs/cache/tile/850114d2e6959563f2452bbccd804c35-cache.npz.tiles.txt
dataset cache file:  /home/yuhaoge2/data/tpugraphs/cache/tile/a0d31b6910f2f0ab2ad99d48e6cecc27-cache.npz
node_feat (31699, 140)
node_opcode (31699,)
edge_index (33519, 2)
config_feat (1042735, 24)
config_runtime (1042735,)
config_runtime_normalizers (1042735,)
edge_ranges (677,)
node_ranges (677,)
config_ranges (677,)
tile_id (676,)
loaded from /home/yuhaoge2/data/tpugraphs/cache/tile/a0d31b6910f2f0ab2ad99d48e6cecc27-cache.npz
dataset cache file:  /home/yuhaoge2/data/tpugraphs/cache/tile/f49ccbd77dd342efcacfac025d19814e-cache.npz
node_feat (30749, 140)
node_opcode (30749,)
edge_index (31747, 2)
config_feat (1420536, 24)
config_runtime (1420536,)
config_runtime_normalizers (1420536,)
edge_ranges (845,)
node_ranges (845,)
config_ranges (845,)
tile_id (844,)
loaded from /home/yuhaoge2/data/tpugraphs/cache/tile/f49ccbd77dd342efcacfac025d19814e-cache.npz
model_name EarlyJoinSAGEAGG
model_class <class 'tpu_graphs.baselines.tiles.models.EarlyJoinSAGEAGG'>
138/138 [==============================] - 65s 436ms/step - loss: 5.8860 - opa_metric: 0.7352 - val_loss: 5.1849 - val_opa_metric: 0.7722
I1128 14:10:33.728842 139997073475392 train_lib.py:154]  * [@0] Validation (NEW BEST): 0.7721662521362305
I1128 14:10:33.729404 139997073475392 train_lib.py:70] wrote /home/yuhaoge2/out/tpugraphs_tiles/run_23ce23114f97087f3d990a376af7c5a5.jsonz
I1128 14:10:34.859087 139997073475392 signature_serialization.py:156] Function `_wrapped_model` contains input name(s) args_0, 39793, resource with unsupported characters which will be renamed to args_0_18, early_join_sageagg_private__op_embedding_embedding_embedding_lookup_39793, early_join_sageagg_sequential_3_dense_6_tensordot_readvariableop_resource in the SavedModel.
I1128 14:10:35.152805 139997073475392 save.py:289] Found untraced functions such as _update_step_xla while saving (showing 1 of 1). These functions will not be directly callable after loading.
INFO:tensorflow:Assets written to: /home/yuhaoge2/out/tpugraphs_tiles/model_23ce23114f97087f3d990a376af7c5a5/assets
I1128 14:10:35.579990 139997073475392 builder_impl.py:801] Assets written to: /home/yuhaoge2/out/tpugraphs_tiles/model_23ce23114f97087f3d990a376af7c5a5/assets
I1128 14:10:35.603835 139997073475392 fingerprinting_utils.py:49] Writing fingerprint to /home/yuhaoge2/out/tpugraphs_tiles/model_23ce23114f97087f3d990a376af7c5a5/fingerprint.pb
I1128 14:10:35.630671 139997073475392 train_lib.py:75] wrote /home/yuhaoge2/out/tpugraphs_tiles/model_23ce23114f97087f3d990a376af7c5a5
138/138 [==============================] - 62s 441ms/step - loss: 4.6480 - opa_metric: 0.8022 - val_loss: 4.4888 - val_opa_metric: 0.8152
I1128 14:11:38.130086 139997073475392 train_lib.py:154]  * [@1] Validation (NEW BEST): 0.8151878714561462
I1128 14:11:38.130793 139997073475392 train_lib.py:70] wrote /home/yuhaoge2/out/tpugraphs_tiles/run_23ce23114f97087f3d990a376af7c5a5.jsonz
I1128 14:11:39.112130 139997073475392 signature_serialization.py:156] Function `_wrapped_model` contains input name(s) args_0, 43240, resource with unsupported characters which will be renamed to args_0_18, early_join_sageagg_private__op_embedding_embedding_embedding_lookup_43240, early_join_sageagg_sequential_3_dense_6_tensordot_readvariableop_resource in the SavedModel.
I1128 14:11:39.374170 139997073475392 save.py:289] Found untraced functions such as _update_step_xla while saving (showing 1 of 1). These functions will not be directly callable after loading.
INFO:tensorflow:Assets written to: /home/yuhaoge2/out/tpugraphs_tiles/model_23ce23114f97087f3d990a376af7c5a5/assets
I1128 14:11:40.069412 139997073475392 builder_impl.py:801] Assets written to: /home/yuhaoge2/out/tpugraphs_tiles/model_23ce23114f97087f3d990a376af7c5a5/assets
I1128 14:11:40.093562 139997073475392 fingerprinting_utils.py:49] Writing fingerprint to /home/yuhaoge2/out/tpugraphs_tiles/model_23ce23114f97087f3d990a376af7c5a5/fingerprint.pb
I1128 14:11:40.119733 139997073475392 train_lib.py:75] wrote /home/yuhaoge2/out/tpugraphs_tiles/model_23ce23114f97087f3d990a376af7c5a5
138/138 [==============================] - 62s 442ms/step - loss: 4.1535 - opa_metric: 0.8248 - val_loss: 4.0333 - val_opa_metric: 0.8395
I1128 14:12:42.401876 139997073475392 train_lib.py:154]  * [@2] Validation (NEW BEST): 0.8394756317138672
I1128 14:12:42.402367 139997073475392 train_lib.py:70] wrote /home/yuhaoge2/out/tpugraphs_tiles/run_23ce23114f97087f3d990a376af7c5a5.jsonz
I1128 14:12:43.543320 139997073475392 signature_serialization.py:156] Function `_wrapped_model` contains input name(s) args_0, 46658, resource with unsupported characters which will be renamed to args_0_18, early_join_sageagg_private__op_embedding_embedding_embedding_lookup_46658, early_join_sageagg_sequential_3_dense_6_tensordot_readvariableop_resource in the SavedModel.
I1128 14:12:43.802434 139997073475392 save.py:289] Found untraced functions such as _update_step_xla while saving (showing 1 of 1). These functions will not be directly callable after loading.
INFO:tensorflow:Assets written to: /home/yuhaoge2/out/tpugraphs_tiles/model_23ce23114f97087f3d990a376af7c5a5/assets
I1128 14:12:44.479935 139997073475392 builder_impl.py:801] Assets written to: /home/yuhaoge2/out/tpugraphs_tiles/model_23ce23114f97087f3d990a376af7c5a5/assets
I1128 14:12:44.504041 139997073475392 fingerprinting_utils.py:49] Writing fingerprint to /home/yuhaoge2/out/tpugraphs_tiles/model_23ce23114f97087f3d990a376af7c5a5/fingerprint.pb
I1128 14:12:44.529977 139997073475392 train_lib.py:75] wrote /home/yuhaoge2/out/tpugraphs_tiles/model_23ce23114f97087f3d990a376af7c5a5
138/138 [==============================] - 62s 441ms/step - loss: 3.8658 - opa_metric: 0.8369 - val_loss: 3.7404 - val_opa_metric: 0.8426
I1128 14:13:47.065509 139997073475392 train_lib.py:154]  * [@3] Validation (NEW BEST): 0.8425796627998352
I1128 14:13:47.066421 139997073475392 train_lib.py:70] wrote /home/yuhaoge2/out/tpugraphs_tiles/run_23ce23114f97087f3d990a376af7c5a5.jsonz
I1128 14:13:48.034998 139997073475392 signature_serialization.py:156] Function `_wrapped_model` contains input name(s) args_0, 50076, resource with unsupported characters which will be renamed to args_0_18, early_join_sageagg_private__op_embedding_embedding_embedding_lookup_50076, early_join_sageagg_sequential_3_dense_6_tensordot_readvariableop_resource in the SavedModel.
I1128 14:13:48.299032 139997073475392 save.py:289] Found untraced functions such as _update_step_xla while saving (showing 1 of 1). These functions will not be directly callable after loading.
INFO:tensorflow:Assets written to: /home/yuhaoge2/out/tpugraphs_tiles/model_23ce23114f97087f3d990a376af7c5a5/assets
I1128 14:13:49.006572 139997073475392 builder_impl.py:801] Assets written to: /home/yuhaoge2/out/tpugraphs_tiles/model_23ce23114f97087f3d990a376af7c5a5/assets
I1128 14:13:49.032931 139997073475392 fingerprinting_utils.py:49] Writing fingerprint to /home/yuhaoge2/out/tpugraphs_tiles/model_23ce23114f97087f3d990a376af7c5a5/fingerprint.pb
I1128 14:13:49.062745 139997073475392 train_lib.py:75] wrote /home/yuhaoge2/out/tpugraphs_tiles/model_23ce23114f97087f3d990a376af7c5a5
138/138 [==============================] - 61s 435ms/step - loss: 3.6422 - opa_metric: 0.8461 - val_loss: 3.7046 - val_opa_metric: 0.8451
I1128 14:14:50.197498 139997073475392 train_lib.py:154]  * [@4] Validation (NEW BEST): 0.8450860381126404
I1128 14:14:50.198162 139997073475392 train_lib.py:70] wrote /home/yuhaoge2/out/tpugraphs_tiles/run_23ce23114f97087f3d990a376af7c5a5.jsonz
I1128 14:14:51.148049 139997073475392 signature_serialization.py:156] Function `_wrapped_model` contains input name(s) args_0, 53494, resource with unsupported characters which will be renamed to args_0_18, early_join_sageagg_private__op_embedding_embedding_embedding_lookup_53494, early_join_sageagg_sequential_3_dense_6_tensordot_readvariableop_resource in the SavedModel.
I1128 14:14:51.678935 139997073475392 save.py:289] Found untraced functions such as _update_step_xla while saving (showing 1 of 1). These functions will not be directly callable after loading.
INFO:tensorflow:Assets written to: /home/yuhaoge2/out/tpugraphs_tiles/model_23ce23114f97087f3d990a376af7c5a5/assets
I1128 14:14:52.402182 139997073475392 builder_impl.py:801] Assets written to: /home/yuhaoge2/out/tpugraphs_tiles/model_23ce23114f97087f3d990a376af7c5a5/assets
I1128 14:14:52.429131 139997073475392 fingerprinting_utils.py:49] Writing fingerprint to /home/yuhaoge2/out/tpugraphs_tiles/model_23ce23114f97087f3d990a376af7c5a5/fingerprint.pb
I1128 14:14:52.460371 139997073475392 train_lib.py:75] wrote /home/yuhaoge2/out/tpugraphs_tiles/model_23ce23114f97087f3d990a376af7c5a5
138/138 [==============================] - 58s 415ms/step - loss: 3.4610 - opa_metric: 0.8526 - val_loss: 3.5617 - val_opa_metric: 0.8496
I1128 14:15:51.088593 139997073475392 train_lib.py:154]  * [@5] Validation (NEW BEST): 0.8495854735374451
I1128 14:15:51.090160 139997073475392 train_lib.py:70] wrote /home/yuhaoge2/out/tpugraphs_tiles/run_23ce23114f97087f3d990a376af7c5a5.jsonz
I1128 14:15:52.068975 139997073475392 signature_serialization.py:156] Function `_wrapped_model` contains input name(s) args_0, 56912, resource with unsupported characters which will be renamed to args_0_18, early_join_sageagg_private__op_embedding_embedding_embedding_lookup_56912, early_join_sageagg_sequential_3_dense_6_tensordot_readvariableop_resource in the SavedModel.
I1128 14:15:52.329472 139997073475392 save.py:289] Found untraced functions such as _update_step_xla while saving (showing 1 of 1). These functions will not be directly callable after loading.
INFO:tensorflow:Assets written to: /home/yuhaoge2/out/tpugraphs_tiles/model_23ce23114f97087f3d990a376af7c5a5/assets
I1128 14:15:53.047033 139997073475392 builder_impl.py:801] Assets written to: /home/yuhaoge2/out/tpugraphs_tiles/model_23ce23114f97087f3d990a376af7c5a5/assets
I1128 14:15:53.072978 139997073475392 fingerprinting_utils.py:49] Writing fingerprint to /home/yuhaoge2/out/tpugraphs_tiles/model_23ce23114f97087f3d990a376af7c5a5/fingerprint.pb
I1128 14:15:53.100716 139997073475392 train_lib.py:75] wrote /home/yuhaoge2/out/tpugraphs_tiles/model_23ce23114f97087f3d990a376af7c5a5
138/138 [==============================] - 58s 410ms/step - loss: 3.3457 - opa_metric: 0.8576 - val_loss: 3.4138 - val_opa_metric: 0.8570
I1128 14:16:50.849740 139997073475392 train_lib.py:154]  * [@6] Validation (NEW BEST): 0.8570147156715393
I1128 14:16:50.850370 139997073475392 train_lib.py:70] wrote /home/yuhaoge2/out/tpugraphs_tiles/run_23ce23114f97087f3d990a376af7c5a5.jsonz
I1128 14:16:51.840180 139997073475392 signature_serialization.py:156] Function `_wrapped_model` contains input name(s) args_0, 60330, resource with unsupported characters which will be renamed to args_0_18, early_join_sageagg_private__op_embedding_embedding_embedding_lookup_60330, early_join_sageagg_sequential_3_dense_6_tensordot_readvariableop_resource in the SavedModel.
I1128 14:16:52.105189 139997073475392 save.py:289] Found untraced functions such as _update_step_xla while saving (showing 1 of 1). These functions will not be directly callable after loading.
INFO:tensorflow:Assets written to: /home/yuhaoge2/out/tpugraphs_tiles/model_23ce23114f97087f3d990a376af7c5a5/assets
I1128 14:16:52.790187 139997073475392 builder_impl.py:801] Assets written to: /home/yuhaoge2/out/tpugraphs_tiles/model_23ce23114f97087f3d990a376af7c5a5/assets
I1128 14:16:52.814509 139997073475392 fingerprinting_utils.py:49] Writing fingerprint to /home/yuhaoge2/out/tpugraphs_tiles/model_23ce23114f97087f3d990a376af7c5a5/fingerprint.pb
I1128 14:16:52.842483 139997073475392 train_lib.py:75] wrote /home/yuhaoge2/out/tpugraphs_tiles/model_23ce23114f97087f3d990a376af7c5a5
138/138 [==============================] - 58s 410ms/step - loss: 3.2165 - opa_metric: 0.8634 - val_loss: 3.3994 - val_opa_metric: 0.8595
I1128 14:17:50.581244 139997073475392 train_lib.py:154]  * [@7] Validation (NEW BEST): 0.859483003616333
I1128 14:17:50.581846 139997073475392 train_lib.py:70] wrote /home/yuhaoge2/out/tpugraphs_tiles/run_23ce23114f97087f3d990a376af7c5a5.jsonz
I1128 14:17:51.879070 139997073475392 signature_serialization.py:156] Function `_wrapped_model` contains input name(s) args_0, 63748, resource with unsupported characters which will be renamed to args_0_18, early_join_sageagg_private__op_embedding_embedding_embedding_lookup_63748, early_join_sageagg_sequential_3_dense_6_tensordot_readvariableop_resource in the SavedModel.
I1128 14:17:52.140302 139997073475392 save.py:289] Found untraced functions such as _update_step_xla while saving (showing 1 of 1). These functions will not be directly callable after loading.
INFO:tensorflow:Assets written to: /home/yuhaoge2/out/tpugraphs_tiles/model_23ce23114f97087f3d990a376af7c5a5/assets
I1128 14:17:52.814589 139997073475392 builder_impl.py:801] Assets written to: /home/yuhaoge2/out/tpugraphs_tiles/model_23ce23114f97087f3d990a376af7c5a5/assets
I1128 14:17:52.840005 139997073475392 fingerprinting_utils.py:49] Writing fingerprint to /home/yuhaoge2/out/tpugraphs_tiles/model_23ce23114f97087f3d990a376af7c5a5/fingerprint.pb
I1128 14:17:52.868419 139997073475392 train_lib.py:75] wrote /home/yuhaoge2/out/tpugraphs_tiles/model_23ce23114f97087f3d990a376af7c5a5
138/138 [==============================] - 58s 411ms/step - loss: 3.1246 - opa_metric: 0.8667 - val_loss: 3.2370 - val_opa_metric: 0.8630
I1128 14:18:50.916609 139997073475392 train_lib.py:154]  * [@8] Validation (NEW BEST): 0.8630181550979614
I1128 14:18:50.917236 139997073475392 train_lib.py:70] wrote /home/yuhaoge2/out/tpugraphs_tiles/run_23ce23114f97087f3d990a376af7c5a5.jsonz
I1128 14:18:51.889406 139997073475392 signature_serialization.py:156] Function `_wrapped_model` contains input name(s) args_0, 67166, resource with unsupported characters which will be renamed to args_0_18, early_join_sageagg_private__op_embedding_embedding_embedding_lookup_67166, early_join_sageagg_sequential_3_dense_6_tensordot_readvariableop_resource in the SavedModel.
I1128 14:18:52.153529 139997073475392 save.py:289] Found untraced functions such as _update_step_xla while saving (showing 1 of 1). These functions will not be directly callable after loading.
INFO:tensorflow:Assets written to: /home/yuhaoge2/out/tpugraphs_tiles/model_23ce23114f97087f3d990a376af7c5a5/assets
I1128 14:18:52.852251 139997073475392 builder_impl.py:801] Assets written to: /home/yuhaoge2/out/tpugraphs_tiles/model_23ce23114f97087f3d990a376af7c5a5/assets
I1128 14:18:52.877626 139997073475392 fingerprinting_utils.py:49] Writing fingerprint to /home/yuhaoge2/out/tpugraphs_tiles/model_23ce23114f97087f3d990a376af7c5a5/fingerprint.pb
I1128 14:18:52.906708 139997073475392 train_lib.py:75] wrote /home/yuhaoge2/out/tpugraphs_tiles/model_23ce23114f97087f3d990a376af7c5a5
138/138 [==============================] - 58s 410ms/step - loss: 3.0931 - opa_metric: 0.8686 - val_loss: 3.2128 - val_opa_metric: 0.8649
I1128 14:19:50.967495 139997073475392 train_lib.py:154]  * [@9] Validation (NEW BEST): 0.8648831844329834
I1128 14:19:50.968280 139997073475392 train_lib.py:70] wrote /home/yuhaoge2/out/tpugraphs_tiles/run_23ce23114f97087f3d990a376af7c5a5.jsonz
I1128 14:19:52.128289 139997073475392 signature_serialization.py:156] Function `_wrapped_model` contains input name(s) args_0, 70584, resource with unsupported characters which will be renamed to args_0_18, early_join_sageagg_private__op_embedding_embedding_embedding_lookup_70584, early_join_sageagg_sequential_3_dense_6_tensordot_readvariableop_resource in the SavedModel.
I1128 14:19:52.388414 139997073475392 save.py:289] Found untraced functions such as _update_step_xla while saving (showing 1 of 1). These functions will not be directly callable after loading.
INFO:tensorflow:Assets written to: /home/yuhaoge2/out/tpugraphs_tiles/model_23ce23114f97087f3d990a376af7c5a5/assets
I1128 14:19:53.069067 139997073475392 builder_impl.py:801] Assets written to: /home/yuhaoge2/out/tpugraphs_tiles/model_23ce23114f97087f3d990a376af7c5a5/assets
I1128 14:19:53.093743 139997073475392 fingerprinting_utils.py:49] Writing fingerprint to /home/yuhaoge2/out/tpugraphs_tiles/model_23ce23114f97087f3d990a376af7c5a5/fingerprint.pb
I1128 14:19:53.120674 139997073475392 train_lib.py:75] wrote /home/yuhaoge2/out/tpugraphs_tiles/model_23ce23114f97087f3d990a376af7c5a5
138/138 [==============================] - 57s 408ms/step - loss: 3.0156 - opa_metric: 0.8710 - val_loss: 3.1085 - val_opa_metric: 0.8670
I1128 14:20:50.503325 139997073475392 train_lib.py:154]  * [@10] Validation (NEW BEST): 0.867026150226593
I1128 14:20:50.503910 139997073475392 train_lib.py:70] wrote /home/yuhaoge2/out/tpugraphs_tiles/run_23ce23114f97087f3d990a376af7c5a5.jsonz
I1128 14:20:51.441278 139997073475392 signature_serialization.py:156] Function `_wrapped_model` contains input name(s) args_0, 74002, resource with unsupported characters which will be renamed to args_0_18, early_join_sageagg_private__op_embedding_embedding_embedding_lookup_74002, early_join_sageagg_sequential_3_dense_6_tensordot_readvariableop_resource in the SavedModel.
I1128 14:20:51.697522 139997073475392 save.py:289] Found untraced functions such as _update_step_xla while saving (showing 1 of 1). These functions will not be directly callable after loading.
INFO:tensorflow:Assets written to: /home/yuhaoge2/out/tpugraphs_tiles/model_23ce23114f97087f3d990a376af7c5a5/assets
I1128 14:20:52.367079 139997073475392 builder_impl.py:801] Assets written to: /home/yuhaoge2/out/tpugraphs_tiles/model_23ce23114f97087f3d990a376af7c5a5/assets
I1128 14:20:52.391261 139997073475392 fingerprinting_utils.py:49] Writing fingerprint to /home/yuhaoge2/out/tpugraphs_tiles/model_23ce23114f97087f3d990a376af7c5a5/fingerprint.pb
I1128 14:20:52.418072 139997073475392 train_lib.py:75] wrote /home/yuhaoge2/out/tpugraphs_tiles/model_23ce23114f97087f3d990a376af7c5a5
138/138 [==============================] - 58s 412ms/step - loss: 2.9733 - opa_metric: 0.8728 - val_loss: 3.0730 - val_opa_metric: 0.8705
I1128 14:21:50.541223 139997073475392 train_lib.py:154]  * [@11] Validation (NEW BEST): 0.8705393075942993
I1128 14:21:50.541839 139997073475392 train_lib.py:70] wrote /home/yuhaoge2/out/tpugraphs_tiles/run_23ce23114f97087f3d990a376af7c5a5.jsonz
I1128 14:21:51.655314 139997073475392 signature_serialization.py:156] Function `_wrapped_model` contains input name(s) args_0, 77420, resource with unsupported characters which will be renamed to args_0_18, early_join_sageagg_private__op_embedding_embedding_embedding_lookup_77420, early_join_sageagg_sequential_3_dense_6_tensordot_readvariableop_resource in the SavedModel.
I1128 14:21:51.911918 139997073475392 save.py:289] Found untraced functions such as _update_step_xla while saving (showing 1 of 1). These functions will not be directly callable after loading.
INFO:tensorflow:Assets written to: /home/yuhaoge2/out/tpugraphs_tiles/model_23ce23114f97087f3d990a376af7c5a5/assets
I1128 14:21:52.572143 139997073475392 builder_impl.py:801] Assets written to: /home/yuhaoge2/out/tpugraphs_tiles/model_23ce23114f97087f3d990a376af7c5a5/assets
I1128 14:21:52.596622 139997073475392 fingerprinting_utils.py:49] Writing fingerprint to /home/yuhaoge2/out/tpugraphs_tiles/model_23ce23114f97087f3d990a376af7c5a5/fingerprint.pb
I1128 14:21:52.623669 139997073475392 train_lib.py:75] wrote /home/yuhaoge2/out/tpugraphs_tiles/model_23ce23114f97087f3d990a376af7c5a5
138/138 [==============================] - 60s 426ms/step - loss: 2.9357 - opa_metric: 0.8750 - val_loss: 3.0619 - val_opa_metric: 0.8721
I1128 14:22:52.977938 139997073475392 train_lib.py:154]  * [@12] Validation (NEW BEST): 0.8721417188644409
I1128 14:22:52.978784 139997073475392 train_lib.py:70] wrote /home/yuhaoge2/out/tpugraphs_tiles/run_23ce23114f97087f3d990a376af7c5a5.jsonz
I1128 14:22:53.926133 139997073475392 signature_serialization.py:156] Function `_wrapped_model` contains input name(s) args_0, 80838, resource with unsupported characters which will be renamed to args_0_18, early_join_sageagg_private__op_embedding_embedding_embedding_lookup_80838, early_join_sageagg_sequential_3_dense_6_tensordot_readvariableop_resource in the SavedModel.
I1128 14:22:54.181923 139997073475392 save.py:289] Found untraced functions such as _update_step_xla while saving (showing 1 of 1). These functions will not be directly callable after loading.
INFO:tensorflow:Assets written to: /home/yuhaoge2/out/tpugraphs_tiles/model_23ce23114f97087f3d990a376af7c5a5/assets
I1128 14:22:54.852808 139997073475392 builder_impl.py:801] Assets written to: /home/yuhaoge2/out/tpugraphs_tiles/model_23ce23114f97087f3d990a376af7c5a5/assets
I1128 14:22:54.877126 139997073475392 fingerprinting_utils.py:49] Writing fingerprint to /home/yuhaoge2/out/tpugraphs_tiles/model_23ce23114f97087f3d990a376af7c5a5/fingerprint.pb
I1128 14:22:54.904105 139997073475392 train_lib.py:75] wrote /home/yuhaoge2/out/tpugraphs_tiles/model_23ce23114f97087f3d990a376af7c5a5
138/138 [==============================] - 61s 430ms/step - loss: 2.8522 - opa_metric: 0.8784 - val_loss: 3.1070 - val_opa_metric: 0.8679
138/138 [==============================] - 61s 430ms/step - loss: 2.8794 - opa_metric: 0.8762 - val_loss: 3.0616 - val_opa_metric: 0.8735
I1128 14:24:56.565110 139997073475392 train_lib.py:154]  * [@14] Validation (NEW BEST): 0.8734845519065857
I1128 14:24:56.565710 139997073475392 train_lib.py:70] wrote /home/yuhaoge2/out/tpugraphs_tiles/run_23ce23114f97087f3d990a376af7c5a5.jsonz
I1128 14:24:57.532309 139997073475392 signature_serialization.py:156] Function `_wrapped_model` contains input name(s) args_0, 84936, resource with unsupported characters which will be renamed to args_0_18, early_join_sageagg_private__op_embedding_embedding_embedding_lookup_84936, early_join_sageagg_sequential_3_dense_6_tensordot_readvariableop_resource in the SavedModel.
I1128 14:24:57.997920 139997073475392 save.py:289] Found untraced functions such as _update_step_xla while saving (showing 1 of 1). These functions will not be directly callable after loading.
INFO:tensorflow:Assets written to: /home/yuhaoge2/out/tpugraphs_tiles/model_23ce23114f97087f3d990a376af7c5a5/assets
I1128 14:24:58.688984 139997073475392 builder_impl.py:801] Assets written to: /home/yuhaoge2/out/tpugraphs_tiles/model_23ce23114f97087f3d990a376af7c5a5/assets
I1128 14:24:58.714199 139997073475392 fingerprinting_utils.py:49] Writing fingerprint to /home/yuhaoge2/out/tpugraphs_tiles/model_23ce23114f97087f3d990a376af7c5a5/fingerprint.pb
I1128 14:24:58.743035 139997073475392 train_lib.py:75] wrote /home/yuhaoge2/out/tpugraphs_tiles/model_23ce23114f97087f3d990a376af7c5a5
138/138 [==============================] - 61s 430ms/step - loss: 2.8368 - opa_metric: 0.8786 - val_loss: 3.0246 - val_opa_metric: 0.8735
138/138 [==============================] - 58s 415ms/step - loss: 2.8102 - opa_metric: 0.8799 - val_loss: 3.2456 - val_opa_metric: 0.8621
138/138 [==============================] - 58s 412ms/step - loss: 2.8306 - opa_metric: 0.8785 - val_loss: 3.0039 - val_opa_metric: 0.8758
I1128 14:27:56.034982 139997073475392 train_lib.py:154]  * [@17] Validation (NEW BEST): 0.8757860064506531
I1128 14:27:56.035865 139997073475392 train_lib.py:70] wrote /home/yuhaoge2/out/tpugraphs_tiles/run_23ce23114f97087f3d990a376af7c5a5.jsonz
I1128 14:27:56.994132 139997073475392 signature_serialization.py:156] Function `_wrapped_model` contains input name(s) args_0, 89714, resource with unsupported characters which will be renamed to args_0_18, early_join_sageagg_private__op_embedding_embedding_embedding_lookup_89714, early_join_sageagg_sequential_3_dense_6_tensordot_readvariableop_resource in the SavedModel.
I1128 14:27:57.252710 139997073475392 save.py:289] Found untraced functions such as _update_step_xla while saving (showing 1 of 1). These functions will not be directly callable after loading.
INFO:tensorflow:Assets written to: /home/yuhaoge2/out/tpugraphs_tiles/model_23ce23114f97087f3d990a376af7c5a5/assets
I1128 14:27:57.941673 139997073475392 builder_impl.py:801] Assets written to: /home/yuhaoge2/out/tpugraphs_tiles/model_23ce23114f97087f3d990a376af7c5a5/assets
I1128 14:27:57.966146 139997073475392 fingerprinting_utils.py:49] Writing fingerprint to /home/yuhaoge2/out/tpugraphs_tiles/model_23ce23114f97087f3d990a376af7c5a5/fingerprint.pb
I1128 14:27:57.992541 139997073475392 train_lib.py:75] wrote /home/yuhaoge2/out/tpugraphs_tiles/model_23ce23114f97087f3d990a376af7c5a5
138/138 [==============================] - 58s 410ms/step - loss: 2.7460 - opa_metric: 0.8832 - val_loss: 2.9559 - val_opa_metric: 0.8742
138/138 [==============================] - 58s 411ms/step - loss: 2.7387 - opa_metric: 0.8827 - val_loss: 2.8777 - val_opa_metric: 0.8799
I1128 14:29:53.891456 139997073475392 train_lib.py:154]  * [@19] Validation (NEW BEST): 0.879859983921051
I1128 14:29:53.892128 139997073475392 train_lib.py:70] wrote /home/yuhaoge2/out/tpugraphs_tiles/run_23ce23114f97087f3d990a376af7c5a5.jsonz
I1128 14:29:54.858839 139997073475392 signature_serialization.py:156] Function `_wrapped_model` contains input name(s) args_0, 93812, resource with unsupported characters which will be renamed to args_0_18, early_join_sageagg_private__op_embedding_embedding_embedding_lookup_93812, early_join_sageagg_sequential_3_dense_6_tensordot_readvariableop_resource in the SavedModel.
I1128 14:29:55.120990 139997073475392 save.py:289] Found untraced functions such as _update_step_xla while saving (showing 1 of 1). These functions will not be directly callable after loading.
INFO:tensorflow:Assets written to: /home/yuhaoge2/out/tpugraphs_tiles/model_23ce23114f97087f3d990a376af7c5a5/assets
I1128 14:29:55.820011 139997073475392 builder_impl.py:801] Assets written to: /home/yuhaoge2/out/tpugraphs_tiles/model_23ce23114f97087f3d990a376af7c5a5/assets
I1128 14:29:55.844449 139997073475392 fingerprinting_utils.py:49] Writing fingerprint to /home/yuhaoge2/out/tpugraphs_tiles/model_23ce23114f97087f3d990a376af7c5a5/fingerprint.pb
I1128 14:29:55.871992 139997073475392 train_lib.py:75] wrote /home/yuhaoge2/out/tpugraphs_tiles/model_23ce23114f97087f3d990a376af7c5a5
138/138 [==============================] - 57s 407ms/step - loss: 2.6807 - opa_metric: 0.8850 - val_loss: 3.0334 - val_opa_metric: 0.8745
138/138 [==============================] - 58s 413ms/step - loss: 2.7032 - opa_metric: 0.8835 - val_loss: 2.9332 - val_opa_metric: 0.8757
138/138 [==============================] - 58s 410ms/step - loss: 2.6745 - opa_metric: 0.8851 - val_loss: 3.0998 - val_opa_metric: 0.8746
138/138 [==============================] - 58s 411ms/step - loss: 2.6799 - opa_metric: 0.8851 - val_loss: 2.9875 - val_opa_metric: 0.8741
138/138 [==============================] - 58s 410ms/step - loss: 2.6412 - opa_metric: 0.8867 - val_loss: 2.8425 - val_opa_metric: 0.8792
138/138 [==============================] - 57s 407ms/step - loss: 2.6613 - opa_metric: 0.8861 - val_loss: 2.8157 - val_opa_metric: 0.8806
I1128 14:35:42.690989 139997073475392 train_lib.py:154]  * [@25] Validation (NEW BEST): 0.8806396722793579
I1128 14:35:42.691964 139997073475392 train_lib.py:70] wrote /home/yuhaoge2/out/tpugraphs_tiles/run_23ce23114f97087f3d990a376af7c5a5.jsonz
I1128 14:35:43.914425 139997073475392 signature_serialization.py:156] Function `_wrapped_model` contains input name(s) args_0, 100630, resource with unsupported characters which will be renamed to args_0_18, early_join_sageagg_private__op_embedding_embedding_embedding_lookup_100630, early_join_sageagg_sequential_3_dense_6_tensordot_readvariableop_resource in the SavedModel.
I1128 14:35:44.175065 139997073475392 save.py:289] Found untraced functions such as _update_step_xla while saving (showing 1 of 1). These functions will not be directly callable after loading.
INFO:tensorflow:Assets written to: /home/yuhaoge2/out/tpugraphs_tiles/model_23ce23114f97087f3d990a376af7c5a5/assets
I1128 14:35:44.879914 139997073475392 builder_impl.py:801] Assets written to: /home/yuhaoge2/out/tpugraphs_tiles/model_23ce23114f97087f3d990a376af7c5a5/assets
I1128 14:35:44.904475 139997073475392 fingerprinting_utils.py:49] Writing fingerprint to /home/yuhaoge2/out/tpugraphs_tiles/model_23ce23114f97087f3d990a376af7c5a5/fingerprint.pb
I1128 14:35:44.931904 139997073475392 train_lib.py:75] wrote /home/yuhaoge2/out/tpugraphs_tiles/model_23ce23114f97087f3d990a376af7c5a5
138/138 [==============================] - 58s 410ms/step - loss: 2.6384 - opa_metric: 0.8868 - val_loss: 2.9476 - val_opa_metric: 0.8745
138/138 [==============================] - 58s 412ms/step - loss: 2.6168 - opa_metric: 0.8873 - val_loss: 2.7397 - val_opa_metric: 0.8830
I1128 14:37:41.691377 139997073475392 train_lib.py:154]  * [@27] Validation (NEW BEST): 0.8829681277275085
I1128 14:37:41.692071 139997073475392 train_lib.py:70] wrote /home/yuhaoge2/out/tpugraphs_tiles/run_23ce23114f97087f3d990a376af7c5a5.jsonz
I1128 14:37:42.631955 139997073475392 signature_serialization.py:156] Function `_wrapped_model` contains input name(s) args_0, 104728, resource with unsupported characters which will be renamed to args_0_18, early_join_sageagg_private__op_embedding_embedding_embedding_lookup_104728, early_join_sageagg_sequential_3_dense_6_tensordot_readvariableop_resource in the SavedModel.
I1128 14:37:42.887228 139997073475392 save.py:289] Found untraced functions such as _update_step_xla while saving (showing 1 of 1). These functions will not be directly callable after loading.
INFO:tensorflow:Assets written to: /home/yuhaoge2/out/tpugraphs_tiles/model_23ce23114f97087f3d990a376af7c5a5/assets
I1128 14:37:43.569376 139997073475392 builder_impl.py:801] Assets written to: /home/yuhaoge2/out/tpugraphs_tiles/model_23ce23114f97087f3d990a376af7c5a5/assets
I1128 14:37:43.593639 139997073475392 fingerprinting_utils.py:49] Writing fingerprint to /home/yuhaoge2/out/tpugraphs_tiles/model_23ce23114f97087f3d990a376af7c5a5/fingerprint.pb
I1128 14:37:43.620472 139997073475392 train_lib.py:75] wrote /home/yuhaoge2/out/tpugraphs_tiles/model_23ce23114f97087f3d990a376af7c5a5
138/138 [==============================] - 59s 418ms/step - loss: 2.5830 - opa_metric: 0.8890 - val_loss: 2.8661 - val_opa_metric: 0.8783
138/138 [==============================] - 61s 431ms/step - loss: 2.5877 - opa_metric: 0.8887 - val_loss: 2.8433 - val_opa_metric: 0.8786
138/138 [==============================] - 60s 431ms/step - loss: 2.6135 - opa_metric: 0.8879 - val_loss: 2.7515 - val_opa_metric: 0.8845
I1128 14:40:44.443499 139997073475392 train_lib.py:154]  * [@30] Validation (NEW BEST): 0.8845088481903076
I1128 14:40:44.445109 139997073475392 train_lib.py:70] wrote /home/yuhaoge2/out/tpugraphs_tiles/run_23ce23114f97087f3d990a376af7c5a5.jsonz
I1128 14:40:45.676455 139997073475392 signature_serialization.py:156] Function `_wrapped_model` contains input name(s) args_0, 109506, resource with unsupported characters which will be renamed to args_0_18, early_join_sageagg_private__op_embedding_embedding_embedding_lookup_109506, early_join_sageagg_sequential_3_dense_6_tensordot_readvariableop_resource in the SavedModel.
I1128 14:40:45.934977 139997073475392 save.py:289] Found untraced functions such as _update_step_xla while saving (showing 1 of 1). These functions will not be directly callable after loading.
INFO:tensorflow:Assets written to: /home/yuhaoge2/out/tpugraphs_tiles/model_23ce23114f97087f3d990a376af7c5a5/assets
I1128 14:40:46.643740 139997073475392 builder_impl.py:801] Assets written to: /home/yuhaoge2/out/tpugraphs_tiles/model_23ce23114f97087f3d990a376af7c5a5/assets
I1128 14:40:46.670034 139997073475392 fingerprinting_utils.py:49] Writing fingerprint to /home/yuhaoge2/out/tpugraphs_tiles/model_23ce23114f97087f3d990a376af7c5a5/fingerprint.pb
I1128 14:40:46.699706 139997073475392 train_lib.py:75] wrote /home/yuhaoge2/out/tpugraphs_tiles/model_23ce23114f97087f3d990a376af7c5a5
138/138 [==============================] - 61s 432ms/step - loss: 2.5896 - opa_metric: 0.8887 - val_loss: 2.8148 - val_opa_metric: 0.8803
138/138 [==============================] - 59s 419ms/step - loss: 2.5871 - opa_metric: 0.8885 - val_loss: 2.8413 - val_opa_metric: 0.8795
138/138 [==============================] - 58s 414ms/step - loss: 2.5484 - opa_metric: 0.8909 - val_loss: 2.7392 - val_opa_metric: 0.8849
I1128 14:43:45.672099 139997073475392 train_lib.py:154]  * [@33] Validation (NEW BEST): 0.8848714828491211
I1128 14:43:45.672868 139997073475392 train_lib.py:70] wrote /home/yuhaoge2/out/tpugraphs_tiles/run_23ce23114f97087f3d990a376af7c5a5.jsonz
I1128 14:43:46.635446 139997073475392 signature_serialization.py:156] Function `_wrapped_model` contains input name(s) args_0, 114284, resource with unsupported characters which will be renamed to args_0_18, early_join_sageagg_private__op_embedding_embedding_embedding_lookup_114284, early_join_sageagg_sequential_3_dense_6_tensordot_readvariableop_resource in the SavedModel.
I1128 14:43:46.896498 139997073475392 save.py:289] Found untraced functions such as _update_step_xla while saving (showing 1 of 1). These functions will not be directly callable after loading.
INFO:tensorflow:Assets written to: /home/yuhaoge2/out/tpugraphs_tiles/model_23ce23114f97087f3d990a376af7c5a5/assets
I1128 14:43:47.601469 139997073475392 builder_impl.py:801] Assets written to: /home/yuhaoge2/out/tpugraphs_tiles/model_23ce23114f97087f3d990a376af7c5a5/assets
I1128 14:43:47.627124 139997073475392 fingerprinting_utils.py:49] Writing fingerprint to /home/yuhaoge2/out/tpugraphs_tiles/model_23ce23114f97087f3d990a376af7c5a5/fingerprint.pb
I1128 14:43:47.656841 139997073475392 train_lib.py:75] wrote /home/yuhaoge2/out/tpugraphs_tiles/model_23ce23114f97087f3d990a376af7c5a5
138/138 [==============================] - 58s 409ms/step - loss: 2.5723 - opa_metric: 0.8897 - val_loss: 2.7915 - val_opa_metric: 0.8822
138/138 [==============================] - 58s 411ms/step - loss: 2.5125 - opa_metric: 0.8924 - val_loss: 2.8333 - val_opa_metric: 0.8813
138/138 [==============================] - 58s 410ms/step - loss: 2.5418 - opa_metric: 0.8909 - val_loss: 2.7839 - val_opa_metric: 0.8832
138/138 [==============================] - 57s 409ms/step - loss: 2.5234 - opa_metric: 0.8922 - val_loss: 2.7303 - val_opa_metric: 0.8841
138/138 [==============================] - 58s 409ms/step - loss: 2.5057 - opa_metric: 0.8929 - val_loss: 2.7238 - val_opa_metric: 0.8849
I1128 14:48:36.889339 139997073475392 train_lib.py:154]  * [@38] Validation (NEW BEST): 0.8849384784698486
I1128 14:48:36.890437 139997073475392 train_lib.py:70] wrote /home/yuhaoge2/out/tpugraphs_tiles/run_23ce23114f97087f3d990a376af7c5a5.jsonz
I1128 14:48:38.065005 139997073475392 signature_serialization.py:156] Function `_wrapped_model` contains input name(s) args_0, 120422, resource with unsupported characters which will be renamed to args_0_18, early_join_sageagg_private__op_embedding_embedding_embedding_lookup_120422, early_join_sageagg_sequential_3_dense_6_tensordot_readvariableop_resource in the SavedModel.
I1128 14:48:38.325513 139997073475392 save.py:289] Found untraced functions such as _update_step_xla while saving (showing 1 of 1). These functions will not be directly callable after loading.
INFO:tensorflow:Assets written to: /home/yuhaoge2/out/tpugraphs_tiles/model_23ce23114f97087f3d990a376af7c5a5/assets
I1128 14:48:39.024009 139997073475392 builder_impl.py:801] Assets written to: /home/yuhaoge2/out/tpugraphs_tiles/model_23ce23114f97087f3d990a376af7c5a5/assets
I1128 14:48:39.048933 139997073475392 fingerprinting_utils.py:49] Writing fingerprint to /home/yuhaoge2/out/tpugraphs_tiles/model_23ce23114f97087f3d990a376af7c5a5/fingerprint.pb
I1128 14:48:39.076896 139997073475392 train_lib.py:75] wrote /home/yuhaoge2/out/tpugraphs_tiles/model_23ce23114f97087f3d990a376af7c5a5
138/138 [==============================] - 58s 410ms/step - loss: 2.5092 - opa_metric: 0.8925 - val_loss: 2.8620 - val_opa_metric: 0.8806
138/138 [==============================] - 58s 411ms/step - loss: 2.5192 - opa_metric: 0.8919 - val_loss: 2.7607 - val_opa_metric: 0.8831
138/138 [==============================] - 58s 410ms/step - loss: 2.4804 - opa_metric: 0.8935 - val_loss: 2.7411 - val_opa_metric: 0.8851
I1128 14:51:33.513158 139997073475392 train_lib.py:154]  * [@41] Validation (NEW BEST): 0.8851214647293091
I1128 14:51:33.514921 139997073475392 train_lib.py:70] wrote /home/yuhaoge2/out/tpugraphs_tiles/run_23ce23114f97087f3d990a376af7c5a5.jsonz
I1128 14:51:34.482809 139997073475392 signature_serialization.py:156] Function `_wrapped_model` contains input name(s) args_0, 125200, resource with unsupported characters which will be renamed to args_0_18, early_join_sageagg_private__op_embedding_embedding_embedding_lookup_125200, early_join_sageagg_sequential_3_dense_6_tensordot_readvariableop_resource in the SavedModel.
I1128 14:51:34.739880 139997073475392 save.py:289] Found untraced functions such as _update_step_xla while saving (showing 1 of 1). These functions will not be directly callable after loading.
INFO:tensorflow:Assets written to: /home/yuhaoge2/out/tpugraphs_tiles/model_23ce23114f97087f3d990a376af7c5a5/assets
I1128 14:51:35.424576 139997073475392 builder_impl.py:801] Assets written to: /home/yuhaoge2/out/tpugraphs_tiles/model_23ce23114f97087f3d990a376af7c5a5/assets
I1128 14:51:35.448979 139997073475392 fingerprinting_utils.py:49] Writing fingerprint to /home/yuhaoge2/out/tpugraphs_tiles/model_23ce23114f97087f3d990a376af7c5a5/fingerprint.pb
I1128 14:51:35.474831 139997073475392 train_lib.py:75] wrote /home/yuhaoge2/out/tpugraphs_tiles/model_23ce23114f97087f3d990a376af7c5a5
138/138 [==============================] - 58s 412ms/step - loss: 2.5011 - opa_metric: 0.8928 - val_loss: 2.7621 - val_opa_metric: 0.8845
138/138 [==============================] - 58s 410ms/step - loss: 2.5002 - opa_metric: 0.8927 - val_loss: 2.7998 - val_opa_metric: 0.8835
138/138 [==============================] - 59s 418ms/step - loss: 2.4839 - opa_metric: 0.8930 - val_loss: 2.7347 - val_opa_metric: 0.8839
138/138 [==============================] - 61s 432ms/step - loss: 2.4639 - opa_metric: 0.8942 - val_loss: 2.8213 - val_opa_metric: 0.8810
138/138 [==============================] - 61s 437ms/step - loss: 2.4556 - opa_metric: 0.8944 - val_loss: 2.8641 - val_opa_metric: 0.8818
138/138 [==============================] - 61s 432ms/step - loss: 2.4752 - opa_metric: 0.8936 - val_loss: 2.7528 - val_opa_metric: 0.8850
138/138 [==============================] - 59s 421ms/step - loss: 2.4609 - opa_metric: 0.8941 - val_loss: 2.7729 - val_opa_metric: 0.8838
138/138 [==============================] - 58s 413ms/step - loss: 2.4664 - opa_metric: 0.8944 - val_loss: 2.6785 - val_opa_metric: 0.8875
I1128 14:59:31.045289 139997073475392 train_lib.py:154]  * [@49] Validation (NEW BEST): 0.8875391483306885
I1128 14:59:31.046441 139997073475392 train_lib.py:70] wrote /home/yuhaoge2/out/tpugraphs_tiles/run_23ce23114f97087f3d990a376af7c5a5.jsonz
I1128 14:59:32.003631 139997073475392 signature_serialization.py:156] Function `_wrapped_model` contains input name(s) args_0, 133378, resource with unsupported characters which will be renamed to args_0_18, early_join_sageagg_private__op_embedding_embedding_embedding_lookup_133378, early_join_sageagg_sequential_3_dense_6_tensordot_readvariableop_resource in the SavedModel.
I1128 14:59:32.260760 139997073475392 save.py:289] Found untraced functions such as _update_step_xla while saving (showing 1 of 1). These functions will not be directly callable after loading.
INFO:tensorflow:Assets written to: /home/yuhaoge2/out/tpugraphs_tiles/model_23ce23114f97087f3d990a376af7c5a5/assets
I1128 14:59:33.148299 139997073475392 builder_impl.py:801] Assets written to: /home/yuhaoge2/out/tpugraphs_tiles/model_23ce23114f97087f3d990a376af7c5a5/assets
I1128 14:59:33.174124 139997073475392 fingerprinting_utils.py:49] Writing fingerprint to /home/yuhaoge2/out/tpugraphs_tiles/model_23ce23114f97087f3d990a376af7c5a5/fingerprint.pb
I1128 14:59:33.202438 139997073475392 train_lib.py:75] wrote /home/yuhaoge2/out/tpugraphs_tiles/model_23ce23114f97087f3d990a376af7c5a5
138/138 [==============================] - 58s 411ms/step - loss: 2.4504 - opa_metric: 0.8952 - val_loss: 2.7866 - val_opa_metric: 0.8841
138/138 [==============================] - 58s 411ms/step - loss: 2.4396 - opa_metric: 0.8955 - val_loss: 2.8244 - val_opa_metric: 0.8828
138/138 [==============================] - 59s 414ms/step - loss: 2.4195 - opa_metric: 0.8965 - val_loss: 2.7993 - val_opa_metric: 0.8810
138/138 [==============================] - 58s 414ms/step - loss: 2.4362 - opa_metric: 0.8955 - val_loss: 2.6879 - val_opa_metric: 0.8852
138/138 [==============================] - 58s 412ms/step - loss: 2.4087 - opa_metric: 0.8969 - val_loss: 2.7234 - val_opa_metric: 0.8876
I1128 15:04:24.439193 139997073475392 train_lib.py:154]  * [@54] Validation (NEW BEST): 0.887565553188324
I1128 15:04:24.440327 139997073475392 train_lib.py:70] wrote /home/yuhaoge2/out/tpugraphs_tiles/run_23ce23114f97087f3d990a376af7c5a5.jsonz
I1128 15:04:25.388628 139997073475392 signature_serialization.py:156] Function `_wrapped_model` contains input name(s) args_0, 139516, resource with unsupported characters which will be renamed to args_0_18, early_join_sageagg_private__op_embedding_embedding_embedding_lookup_139516, early_join_sageagg_sequential_3_dense_6_tensordot_readvariableop_resource in the SavedModel.
I1128 15:04:25.643817 139997073475392 save.py:289] Found untraced functions such as _update_step_xla while saving (showing 1 of 1). These functions will not be directly callable after loading.
INFO:tensorflow:Assets written to: /home/yuhaoge2/out/tpugraphs_tiles/model_23ce23114f97087f3d990a376af7c5a5/assets
I1128 15:04:26.311503 139997073475392 builder_impl.py:801] Assets written to: /home/yuhaoge2/out/tpugraphs_tiles/model_23ce23114f97087f3d990a376af7c5a5/assets
I1128 15:04:26.335863 139997073475392 fingerprinting_utils.py:49] Writing fingerprint to /home/yuhaoge2/out/tpugraphs_tiles/model_23ce23114f97087f3d990a376af7c5a5/fingerprint.pb
I1128 15:04:26.362054 139997073475392 train_lib.py:75] wrote /home/yuhaoge2/out/tpugraphs_tiles/model_23ce23114f97087f3d990a376af7c5a5
138/138 [==============================] - 58s 412ms/step - loss: 2.4159 - opa_metric: 0.8964 - val_loss: 2.7339 - val_opa_metric: 0.8846
138/138 [==============================] - 58s 412ms/step - loss: 2.4214 - opa_metric: 0.8966 - val_loss: 2.7488 - val_opa_metric: 0.8858
138/138 [==============================] - 58s 411ms/step - loss: 2.4465 - opa_metric: 0.8954 - val_loss: 2.7785 - val_opa_metric: 0.8846
138/138 [==============================] - 58s 413ms/step - loss: 2.4441 - opa_metric: 0.8956 - val_loss: 2.7342 - val_opa_metric: 0.8835
138/138 [==============================] - 59s 416ms/step - loss: 2.3751 - opa_metric: 0.8981 - val_loss: 2.5911 - val_opa_metric: 0.8926
I1128 15:09:18.433351 139997073475392 train_lib.py:154]  * [@59] Validation (NEW BEST): 0.8926165103912354
I1128 15:09:18.434276 139997073475392 train_lib.py:70] wrote /home/yuhaoge2/out/tpugraphs_tiles/run_23ce23114f97087f3d990a376af7c5a5.jsonz
I1128 15:09:19.379651 139997073475392 signature_serialization.py:156] Function `_wrapped_model` contains input name(s) args_0, 145654, resource with unsupported characters which will be renamed to args_0_18, early_join_sageagg_private__op_embedding_embedding_embedding_lookup_145654, early_join_sageagg_sequential_3_dense_6_tensordot_readvariableop_resource in the SavedModel.
I1128 15:09:19.642231 139997073475392 save.py:289] Found untraced functions such as _update_step_xla while saving (showing 1 of 1). These functions will not be directly callable after loading.
INFO:tensorflow:Assets written to: /home/yuhaoge2/out/tpugraphs_tiles/model_23ce23114f97087f3d990a376af7c5a5/assets
I1128 15:09:20.341270 139997073475392 builder_impl.py:801] Assets written to: /home/yuhaoge2/out/tpugraphs_tiles/model_23ce23114f97087f3d990a376af7c5a5/assets
I1128 15:09:20.365393 139997073475392 fingerprinting_utils.py:49] Writing fingerprint to /home/yuhaoge2/out/tpugraphs_tiles/model_23ce23114f97087f3d990a376af7c5a5/fingerprint.pb
I1128 15:09:20.392508 139997073475392 train_lib.py:75] wrote /home/yuhaoge2/out/tpugraphs_tiles/model_23ce23114f97087f3d990a376af7c5a5
138/138 [==============================] - 58s 413ms/step - loss: 2.4183 - opa_metric: 0.8962 - val_loss: 2.7104 - val_opa_metric: 0.8883
138/138 [==============================] - 59s 422ms/step - loss: 2.3700 - opa_metric: 0.8986 - val_loss: 2.7723 - val_opa_metric: 0.8827
138/138 [==============================] - 61s 435ms/step - loss: 2.4076 - opa_metric: 0.8969 - val_loss: 2.6837 - val_opa_metric: 0.8859
138/138 [==============================] - 61s 437ms/step - loss: 2.4057 - opa_metric: 0.8971 - val_loss: 2.7921 - val_opa_metric: 0.8814
138/138 [==============================] - 61s 435ms/step - loss: 2.3795 - opa_metric: 0.8978 - val_loss: 2.6769 - val_opa_metric: 0.8900
138/138 [==============================] - 60s 430ms/step - loss: 2.3725 - opa_metric: 0.8985 - val_loss: 2.7012 - val_opa_metric: 0.8889
138/138 [==============================] - 59s 414ms/step - loss: 2.3863 - opa_metric: 0.8979 - val_loss: 2.7143 - val_opa_metric: 0.8872
138/138 [==============================] - 59s 415ms/step - loss: 2.3819 - opa_metric: 0.8979 - val_loss: 2.7070 - val_opa_metric: 0.8887
138/138 [==============================] - 59s 413ms/step - loss: 2.3917 - opa_metric: 0.8982 - val_loss: 2.8074 - val_opa_metric: 0.8817
138/138 [==============================] - 58s 413ms/step - loss: 2.3862 - opa_metric: 0.8975 - val_loss: 2.7317 - val_opa_metric: 0.8851
138/138 [==============================] - 58s 413ms/step - loss: 2.3769 - opa_metric: 0.8981 - val_loss: 2.6966 - val_opa_metric: 0.8864
138/138 [==============================] - 58s 412ms/step - loss: 2.3474 - opa_metric: 0.8994 - val_loss: 2.8163 - val_opa_metric: 0.8838
138/138 [==============================] - 59s 414ms/step - loss: 2.3724 - opa_metric: 0.8985 - val_loss: 2.7062 - val_opa_metric: 0.8860
138/138 [==============================] - 59s 416ms/step - loss: 2.3564 - opa_metric: 0.8993 - val_loss: 2.6500 - val_opa_metric: 0.8935
I1128 15:23:11.962795 139997073475392 train_lib.py:154]  * [@73] Validation (NEW BEST): 0.893515944480896
I1128 15:23:11.964016 139997073475392 train_lib.py:70] wrote /home/yuhaoge2/out/tpugraphs_tiles/run_23ce23114f97087f3d990a376af7c5a5.jsonz
I1128 15:23:13.155468 139997073475392 signature_serialization.py:156] Function `_wrapped_model` contains input name(s) args_0, 157912, resource with unsupported characters which will be renamed to args_0_18, early_join_sageagg_private__op_embedding_embedding_embedding_lookup_157912, early_join_sageagg_sequential_3_dense_6_tensordot_readvariableop_resource in the SavedModel.
I1128 15:23:13.411280 139997073475392 save.py:289] Found untraced functions such as _update_step_xla while saving (showing 1 of 1). These functions will not be directly callable after loading.
INFO:tensorflow:Assets written to: /home/yuhaoge2/out/tpugraphs_tiles/model_23ce23114f97087f3d990a376af7c5a5/assets
I1128 15:23:14.094778 139997073475392 builder_impl.py:801] Assets written to: /home/yuhaoge2/out/tpugraphs_tiles/model_23ce23114f97087f3d990a376af7c5a5/assets
I1128 15:23:14.119168 139997073475392 fingerprinting_utils.py:49] Writing fingerprint to /home/yuhaoge2/out/tpugraphs_tiles/model_23ce23114f97087f3d990a376af7c5a5/fingerprint.pb
I1128 15:23:14.146066 139997073475392 train_lib.py:75] wrote /home/yuhaoge2/out/tpugraphs_tiles/model_23ce23114f97087f3d990a376af7c5a5
138/138 [==============================] - 59s 416ms/step - loss: 2.3524 - opa_metric: 0.8994 - val_loss: 2.6491 - val_opa_metric: 0.8895
138/138 [==============================] - 59s 415ms/step - loss: 2.3235 - opa_metric: 0.9001 - val_loss: 2.6608 - val_opa_metric: 0.8898
138/138 [==============================] - 58s 413ms/step - loss: 2.4135 - opa_metric: 0.8968 - val_loss: 2.6102 - val_opa_metric: 0.8899
138/138 [==============================] - 60s 428ms/step - loss: 2.3340 - opa_metric: 0.9002 - val_loss: 2.6645 - val_opa_metric: 0.8888
138/138 [==============================] - 61s 436ms/step - loss: 2.3142 - opa_metric: 0.9011 - val_loss: 2.6903 - val_opa_metric: 0.8893
138/138 [==============================] - 61s 435ms/step - loss: 2.3724 - opa_metric: 0.8989 - val_loss: 2.7071 - val_opa_metric: 0.8897
138/138 [==============================] - 61s 434ms/step - loss: 2.3333 - opa_metric: 0.9001 - val_loss: 2.6566 - val_opa_metric: 0.8874
138/138 [==============================] - 59s 421ms/step - loss: 2.3390 - opa_metric: 0.9004 - val_loss: 2.6993 - val_opa_metric: 0.8862
138/138 [==============================] - 58s 415ms/step - loss: 2.3349 - opa_metric: 0.8999 - val_loss: 2.7665 - val_opa_metric: 0.8844
138/138 [==============================] - 58s 414ms/step - loss: 2.3542 - opa_metric: 0.8991 - val_loss: 2.6245 - val_opa_metric: 0.8904
138/138 [==============================] - 58s 414ms/step - loss: 2.3233 - opa_metric: 0.9004 - val_loss: 2.6831 - val_opa_metric: 0.8896
138/138 [==============================] - 58s 416ms/step - loss: 2.3119 - opa_metric: 0.9011 - val_loss: 2.6975 - val_opa_metric: 0.8857
138/138 [==============================] - 58s 415ms/step - loss: 2.3257 - opa_metric: 0.9007 - val_loss: 2.7578 - val_opa_metric: 0.8879
138/138 [==============================] - 58s 412ms/step - loss: 2.3297 - opa_metric: 0.9006 - val_loss: 2.6496 - val_opa_metric: 0.8885
138/138 [==============================] - 59s 415ms/step - loss: 2.3085 - opa_metric: 0.9013 - val_loss: 2.6976 - val_opa_metric: 0.8877
138/138 [==============================] - 59s 414ms/step - loss: 2.3235 - opa_metric: 0.9007 - val_loss: 2.6459 - val_opa_metric: 0.8890
138/138 [==============================] - 58s 413ms/step - loss: 2.3066 - opa_metric: 0.9009 - val_loss: 2.7039 - val_opa_metric: 0.8867
138/138 [==============================] - 58s 411ms/step - loss: 2.3117 - opa_metric: 0.9015 - val_loss: 2.5949 - val_opa_metric: 0.8905
138/138 [==============================] - 59s 419ms/step - loss: 2.2983 - opa_metric: 0.9016 - val_loss: 2.5896 - val_opa_metric: 0.8922
138/138 [==============================] - 61s 433ms/step - loss: 2.2964 - opa_metric: 0.9020 - val_loss: 2.6364 - val_opa_metric: 0.8871
I1128 15:42:57.653336 139997073475392 train_lib.py:158] [@93] Best accuracy was attained at epoch 73. Stopping.
I1128 15:54:23.941078 139997073475392 train_lib.py:70] wrote /home/yuhaoge2/out/tpugraphs_tiles/run_23ce23114f97087f3d990a376af7c5a5.jsonz
I1128 15:54:24.911566 139997073475392 signature_serialization.py:156] Function `_wrapped_model` contains input name(s) args_0, 632377, resource with unsupported characters which will be renamed to args_0_18, early_join_sageagg_private__op_embedding_embedding_embedding_lookup_632377, early_join_sageagg_sequential_3_dense_6_tensordot_readvariableop_resource in the SavedModel.
I1128 15:54:25.350181 139997073475392 save.py:289] Found untraced functions such as _update_step_xla while saving (showing 1 of 1). These functions will not be directly callable after loading.
INFO:tensorflow:Assets written to: /home/yuhaoge2/out/tpugraphs_tiles/model_23ce23114f97087f3d990a376af7c5a5/assets
I1128 15:54:26.058022 139997073475392 builder_impl.py:801] Assets written to: /home/yuhaoge2/out/tpugraphs_tiles/model_23ce23114f97087f3d990a376af7c5a5/assets
I1128 15:54:26.082969 139997073475392 fingerprinting_utils.py:49] Writing fingerprint to /home/yuhaoge2/out/tpugraphs_tiles/model_23ce23114f97087f3d990a376af7c5a5/fingerprint.pb
I1128 15:54:26.111971 139997073475392 train_lib.py:75] wrote /home/yuhaoge2/out/tpugraphs_tiles/model_23ce23114f97087f3d990a376af7c5a5
***  Wrote /home/yuhaoge2/out/tpugraphs_tiles/results_1701202108548.csv
