2023-11-28 12:48:33.662187: I tensorflow/core/util/port.cc:113] oneDNN custom operations are on. You may see slightly different numerical results due to floating-point round-off errors from different computation orders. To turn them off, set the environment variable `TF_ENABLE_ONEDNN_OPTS=0`.
2023-11-28 12:48:33.664013: I external/local_tsl/tsl/cuda/cudart_stub.cc:31] Could not find cuda drivers on your machine, GPU will not be used.
2023-11-28 12:48:33.695950: E external/local_xla/xla/stream_executor/cuda/cuda_dnn.cc:9261] Unable to register cuDNN factory: Attempting to register factory for plugin cuDNN when one has already been registered
2023-11-28 12:48:33.695979: E external/local_xla/xla/stream_executor/cuda/cuda_fft.cc:607] Unable to register cuFFT factory: Attempting to register factory for plugin cuFFT when one has already been registered
2023-11-28 12:48:33.696852: E external/local_xla/xla/stream_executor/cuda/cuda_blas.cc:1515] Unable to register cuBLAS factory: Attempting to register factory for plugin cuBLAS when one has already been registered
2023-11-28 12:48:33.701772: I external/local_tsl/tsl/cuda/cudart_stub.cc:31] Could not find cuda drivers on your machine, GPU will not be used.
2023-11-28 12:48:33.701932: I tensorflow/core/platform/cpu_feature_guard.cc:182] This TensorFlow binary is optimized to use available CPU instructions in performance-critical operations.
To enable the following instructions: AVX2 AVX512F AVX512_VNNI FMA, in other operations, rebuild TensorFlow with the appropriate compiler flags.
2023-11-28 12:48:34.292077: W tensorflow/compiler/tf2tensorrt/utils/py_utils.cc:38] TF-TRT Warning: Could not find TensorRT
2023-11-28 12:48:36.935300: W tensorflow/core/common_runtime/gpu/gpu_device.cc:2256] Cannot dlopen some GPU libraries. Please make sure the missing libraries mentioned above are installed properly if you would like to use GPU. Follow the guide at https://www.tensorflow.org/install/gpu for how to download and setup the required libraries for your platform.
Skipping registering GPU devices...
dataset cache file:  /home/yuhaoge2/data/tpugraphs/cache/tile/44c1d1b5b349d53913a79a6a496c4893-cache.npz
node_feat (225459, 140)
node_opcode (225459,)
edge_index (236894, 2)
config_feat (10947590, 24)
config_runtime (10947590,)
config_runtime_normalizers (10947590,)
edge_ranges (5626,)
node_ranges (5626,)
config_ranges (5626,)
tile_id (5625,)
loaded from /home/yuhaoge2/data/tpugraphs/cache/tile/44c1d1b5b349d53913a79a6a496c4893-cache.npz
dataset cache file:  /home/yuhaoge2/data/tpugraphs/cache/tile/a0d31b6910f2f0ab2ad99d48e6cecc27-cache.npz
node_feat (31699, 140)
node_opcode (31699,)
edge_index (33519, 2)
config_feat (1042735, 24)
config_runtime (1042735,)
config_runtime_normalizers (1042735,)
edge_ranges (677,)
node_ranges (677,)
config_ranges (677,)
tile_id (676,)
loaded from /home/yuhaoge2/data/tpugraphs/cache/tile/a0d31b6910f2f0ab2ad99d48e6cecc27-cache.npz
dataset cache file:  /home/yuhaoge2/data/tpugraphs/cache/tile/f49ccbd77dd342efcacfac025d19814e-cache.npz
node_feat (30749, 140)
node_opcode (30749,)
edge_index (31747, 2)
config_feat (1420536, 24)
config_runtime (1420536,)
config_runtime_normalizers (1420536,)
edge_ranges (845,)
node_ranges (845,)
config_ranges (845,)
tile_id (844,)
loaded from /home/yuhaoge2/data/tpugraphs/cache/tile/f49ccbd77dd342efcacfac025d19814e-cache.npz
model_name EarlyJoinSAGEAGG
model_class <class 'tpu_graphs.baselines.tiles.models.EarlyJoinSAGEAGG'>
140/140 [==============================] - 38s 239ms/step - loss: 3.1185 - opa_metric: 0.7166 - val_loss: 2.9782 - val_opa_metric: 0.7460
I1128 12:49:26.740438 139798689363776 train_lib.py:154]  * [@0] Validation (NEW BEST): 0.7459532618522644
I1128 12:49:26.740999 139798689363776 train_lib.py:70] wrote /home/yuhaoge2/out/tpugraphs_tiles/run_5c8e47d1ec0636094298e56617c4077d.jsonz
I1128 12:49:27.866317 139798689363776 signature_serialization.py:156] Function `_wrapped_model` contains input name(s) args_0, 6623, resource with unsupported characters which will be renamed to args_0_18, early_join_sageagg_private__op_embedding_embedding_embedding_lookup_6623, early_join_sageagg_sequential_3_dense_6_tensordot_readvariableop_resource in the SavedModel.
I1128 12:49:28.159572 139798689363776 save.py:289] Found untraced functions such as _update_step_xla while saving (showing 1 of 1). These functions will not be directly callable after loading.
INFO:tensorflow:Assets written to: /home/yuhaoge2/out/tpugraphs_tiles/model_5c8e47d1ec0636094298e56617c4077d/assets
I1128 12:49:28.591279 139798689363776 builder_impl.py:801] Assets written to: /home/yuhaoge2/out/tpugraphs_tiles/model_5c8e47d1ec0636094298e56617c4077d/assets
I1128 12:49:28.615203 139798689363776 fingerprinting_utils.py:49] Writing fingerprint to /home/yuhaoge2/out/tpugraphs_tiles/model_5c8e47d1ec0636094298e56617c4077d/fingerprint.pb
I1128 12:49:28.641891 139798689363776 train_lib.py:75] wrote /home/yuhaoge2/out/tpugraphs_tiles/model_5c8e47d1ec0636094298e56617c4077d
140/140 [==============================] - 33s 222ms/step - loss: 2.5854 - opa_metric: 0.7713 - val_loss: 2.4281 - val_opa_metric: 0.8033
I1128 12:50:01.356833 139798689363776 train_lib.py:154]  * [@1] Validation (NEW BEST): 0.8032649755477905
I1128 12:50:01.357568 139798689363776 train_lib.py:70] wrote /home/yuhaoge2/out/tpugraphs_tiles/run_5c8e47d1ec0636094298e56617c4077d.jsonz
I1128 12:50:02.336159 139798689363776 signature_serialization.py:156] Function `_wrapped_model` contains input name(s) args_0, 10082, resource with unsupported characters which will be renamed to args_0_18, early_join_sageagg_private__op_embedding_embedding_embedding_lookup_10082, early_join_sageagg_sequential_3_dense_6_tensordot_readvariableop_resource in the SavedModel.
I1128 12:50:02.605698 139798689363776 save.py:289] Found untraced functions such as _update_step_xla while saving (showing 1 of 1). These functions will not be directly callable after loading.
INFO:tensorflow:Assets written to: /home/yuhaoge2/out/tpugraphs_tiles/model_5c8e47d1ec0636094298e56617c4077d/assets
I1128 12:50:03.399152 139798689363776 builder_impl.py:801] Assets written to: /home/yuhaoge2/out/tpugraphs_tiles/model_5c8e47d1ec0636094298e56617c4077d/assets
I1128 12:50:03.423648 139798689363776 fingerprinting_utils.py:49] Writing fingerprint to /home/yuhaoge2/out/tpugraphs_tiles/model_5c8e47d1ec0636094298e56617c4077d/fingerprint.pb
I1128 12:50:03.450347 139798689363776 train_lib.py:75] wrote /home/yuhaoge2/out/tpugraphs_tiles/model_5c8e47d1ec0636094298e56617c4077d
140/140 [==============================] - 33s 226ms/step - loss: 2.2190 - opa_metric: 0.8074 - val_loss: 2.1849 - val_opa_metric: 0.8244
I1128 12:50:36.808785 139798689363776 train_lib.py:154]  * [@2] Validation (NEW BEST): 0.8244038224220276
I1128 12:50:36.809519 139798689363776 train_lib.py:70] wrote /home/yuhaoge2/out/tpugraphs_tiles/run_5c8e47d1ec0636094298e56617c4077d.jsonz
I1128 12:50:37.768152 139798689363776 signature_serialization.py:156] Function `_wrapped_model` contains input name(s) args_0, 13512, resource with unsupported characters which will be renamed to args_0_18, early_join_sageagg_private__op_embedding_embedding_embedding_lookup_13512, early_join_sageagg_sequential_3_dense_6_tensordot_readvariableop_resource in the SavedModel.
I1128 12:50:38.239313 139798689363776 save.py:289] Found untraced functions such as _update_step_xla while saving (showing 1 of 1). These functions will not be directly callable after loading.
INFO:tensorflow:Assets written to: /home/yuhaoge2/out/tpugraphs_tiles/model_5c8e47d1ec0636094298e56617c4077d/assets
I1128 12:50:38.975855 139798689363776 builder_impl.py:801] Assets written to: /home/yuhaoge2/out/tpugraphs_tiles/model_5c8e47d1ec0636094298e56617c4077d/assets
I1128 12:50:39.000837 139798689363776 fingerprinting_utils.py:49] Writing fingerprint to /home/yuhaoge2/out/tpugraphs_tiles/model_5c8e47d1ec0636094298e56617c4077d/fingerprint.pb
I1128 12:50:39.029010 139798689363776 train_lib.py:75] wrote /home/yuhaoge2/out/tpugraphs_tiles/model_5c8e47d1ec0636094298e56617c4077d
140/140 [==============================] - 33s 224ms/step - loss: 2.0608 - opa_metric: 0.8196 - val_loss: 1.8745 - val_opa_metric: 0.8415
I1128 12:51:12.066381 139798689363776 train_lib.py:154]  * [@3] Validation (NEW BEST): 0.8415258526802063
I1128 12:51:12.067068 139798689363776 train_lib.py:70] wrote /home/yuhaoge2/out/tpugraphs_tiles/run_5c8e47d1ec0636094298e56617c4077d.jsonz
I1128 12:51:13.028974 139798689363776 signature_serialization.py:156] Function `_wrapped_model` contains input name(s) args_0, 16942, resource with unsupported characters which will be renamed to args_0_18, early_join_sageagg_private__op_embedding_embedding_embedding_lookup_16942, early_join_sageagg_sequential_3_dense_6_tensordot_readvariableop_resource in the SavedModel.
I1128 12:51:13.289620 139798689363776 save.py:289] Found untraced functions such as _update_step_xla while saving (showing 1 of 1). These functions will not be directly callable after loading.
INFO:tensorflow:Assets written to: /home/yuhaoge2/out/tpugraphs_tiles/model_5c8e47d1ec0636094298e56617c4077d/assets
I1128 12:51:14.019366 139798689363776 builder_impl.py:801] Assets written to: /home/yuhaoge2/out/tpugraphs_tiles/model_5c8e47d1ec0636094298e56617c4077d/assets
I1128 12:51:14.043918 139798689363776 fingerprinting_utils.py:49] Writing fingerprint to /home/yuhaoge2/out/tpugraphs_tiles/model_5c8e47d1ec0636094298e56617c4077d/fingerprint.pb
I1128 12:51:14.071520 139798689363776 train_lib.py:75] wrote /home/yuhaoge2/out/tpugraphs_tiles/model_5c8e47d1ec0636094298e56617c4077d
140/140 [==============================] - 32s 223ms/step - loss: 1.8826 - opa_metric: 0.8324 - val_loss: 1.9402 - val_opa_metric: 0.8346
140/140 [==============================] - 33s 224ms/step - loss: 1.8228 - opa_metric: 0.8381 - val_loss: 1.8073 - val_opa_metric: 0.8404
140/140 [==============================] - 33s 223ms/step - loss: 1.8126 - opa_metric: 0.8391 - val_loss: 1.8027 - val_opa_metric: 0.8392
140/140 [==============================] - 33s 223ms/step - loss: 1.7113 - opa_metric: 0.8461 - val_loss: 1.6721 - val_opa_metric: 0.8510
I1128 12:53:24.655693 139798689363776 train_lib.py:154]  * [@7] Validation (NEW BEST): 0.8510460257530212
I1128 12:53:24.656481 139798689363776 train_lib.py:70] wrote /home/yuhaoge2/out/tpugraphs_tiles/run_5c8e47d1ec0636094298e56617c4077d.jsonz
I1128 12:53:25.616519 139798689363776 signature_serialization.py:156] Function `_wrapped_model` contains input name(s) args_0, 22448, resource with unsupported characters which will be renamed to args_0_18, early_join_sageagg_private__op_embedding_embedding_embedding_lookup_22448, early_join_sageagg_sequential_3_dense_6_tensordot_readvariableop_resource in the SavedModel.
I1128 12:53:25.874802 139798689363776 save.py:289] Found untraced functions such as _update_step_xla while saving (showing 1 of 1). These functions will not be directly callable after loading.
INFO:tensorflow:Assets written to: /home/yuhaoge2/out/tpugraphs_tiles/model_5c8e47d1ec0636094298e56617c4077d/assets
I1128 12:53:26.799714 139798689363776 builder_impl.py:801] Assets written to: /home/yuhaoge2/out/tpugraphs_tiles/model_5c8e47d1ec0636094298e56617c4077d/assets
I1128 12:53:26.824451 139798689363776 fingerprinting_utils.py:49] Writing fingerprint to /home/yuhaoge2/out/tpugraphs_tiles/model_5c8e47d1ec0636094298e56617c4077d/fingerprint.pb
I1128 12:53:26.859321 139798689363776 train_lib.py:75] wrote /home/yuhaoge2/out/tpugraphs_tiles/model_5c8e47d1ec0636094298e56617c4077d
140/140 [==============================] - 33s 223ms/step - loss: 1.6575 - opa_metric: 0.8521 - val_loss: 1.6611 - val_opa_metric: 0.8542
I1128 12:53:59.595225 139798689363776 train_lib.py:154]  * [@8] Validation (NEW BEST): 0.8542333841323853
I1128 12:53:59.595757 139798689363776 train_lib.py:70] wrote /home/yuhaoge2/out/tpugraphs_tiles/run_5c8e47d1ec0636094298e56617c4077d.jsonz
I1128 12:54:00.548426 139798689363776 signature_serialization.py:156] Function `_wrapped_model` contains input name(s) args_0, 25878, resource with unsupported characters which will be renamed to args_0_18, early_join_sageagg_private__op_embedding_embedding_embedding_lookup_25878, early_join_sageagg_sequential_3_dense_6_tensordot_readvariableop_resource in the SavedModel.
I1128 12:54:00.805060 139798689363776 save.py:289] Found untraced functions such as _update_step_xla while saving (showing 1 of 1). These functions will not be directly callable after loading.
INFO:tensorflow:Assets written to: /home/yuhaoge2/out/tpugraphs_tiles/model_5c8e47d1ec0636094298e56617c4077d/assets
I1128 12:54:01.526846 139798689363776 builder_impl.py:801] Assets written to: /home/yuhaoge2/out/tpugraphs_tiles/model_5c8e47d1ec0636094298e56617c4077d/assets
I1128 12:54:01.551313 139798689363776 fingerprinting_utils.py:49] Writing fingerprint to /home/yuhaoge2/out/tpugraphs_tiles/model_5c8e47d1ec0636094298e56617c4077d/fingerprint.pb
I1128 12:54:01.577887 139798689363776 train_lib.py:75] wrote /home/yuhaoge2/out/tpugraphs_tiles/model_5c8e47d1ec0636094298e56617c4077d
140/140 [==============================] - 33s 224ms/step - loss: 1.6173 - opa_metric: 0.8544 - val_loss: 1.7576 - val_opa_metric: 0.8402
140/140 [==============================] - 33s 223ms/step - loss: 1.6299 - opa_metric: 0.8526 - val_loss: 1.6861 - val_opa_metric: 0.8463
140/140 [==============================] - 33s 225ms/step - loss: 1.5874 - opa_metric: 0.8569 - val_loss: 1.5802 - val_opa_metric: 0.8549
I1128 12:55:40.102555 139798689363776 train_lib.py:154]  * [@11] Validation (NEW BEST): 0.8549156188964844
I1128 12:55:40.103370 139798689363776 train_lib.py:70] wrote /home/yuhaoge2/out/tpugraphs_tiles/run_5c8e47d1ec0636094298e56617c4077d.jsonz
I1128 12:55:41.100321 139798689363776 signature_serialization.py:156] Function `_wrapped_model` contains input name(s) args_0, 30692, resource with unsupported characters which will be renamed to args_0_18, early_join_sageagg_private__op_embedding_embedding_embedding_lookup_30692, early_join_sageagg_sequential_3_dense_6_tensordot_readvariableop_resource in the SavedModel.
I1128 12:55:41.372906 139798689363776 save.py:289] Found untraced functions such as _update_step_xla while saving (showing 1 of 1). These functions will not be directly callable after loading.
INFO:tensorflow:Assets written to: /home/yuhaoge2/out/tpugraphs_tiles/model_5c8e47d1ec0636094298e56617c4077d/assets
I1128 12:55:42.136155 139798689363776 builder_impl.py:801] Assets written to: /home/yuhaoge2/out/tpugraphs_tiles/model_5c8e47d1ec0636094298e56617c4077d/assets
I1128 12:55:42.161146 139798689363776 fingerprinting_utils.py:49] Writing fingerprint to /home/yuhaoge2/out/tpugraphs_tiles/model_5c8e47d1ec0636094298e56617c4077d/fingerprint.pb
I1128 12:55:42.188883 139798689363776 train_lib.py:75] wrote /home/yuhaoge2/out/tpugraphs_tiles/model_5c8e47d1ec0636094298e56617c4077d
140/140 [==============================] - 32s 224ms/step - loss: 1.5518 - opa_metric: 0.8604 - val_loss: 1.5718 - val_opa_metric: 0.8589
I1128 12:56:14.750439 139798689363776 train_lib.py:154]  * [@12] Validation (NEW BEST): 0.8588922619819641
I1128 12:56:14.751193 139798689363776 train_lib.py:70] wrote /home/yuhaoge2/out/tpugraphs_tiles/run_5c8e47d1ec0636094298e56617c4077d.jsonz
I1128 12:56:15.943851 139798689363776 signature_serialization.py:156] Function `_wrapped_model` contains input name(s) args_0, 34122, resource with unsupported characters which will be renamed to args_0_18, early_join_sageagg_private__op_embedding_embedding_embedding_lookup_34122, early_join_sageagg_sequential_3_dense_6_tensordot_readvariableop_resource in the SavedModel.
I1128 12:56:16.198470 139798689363776 save.py:289] Found untraced functions such as _update_step_xla while saving (showing 1 of 1). These functions will not be directly callable after loading.
INFO:tensorflow:Assets written to: /home/yuhaoge2/out/tpugraphs_tiles/model_5c8e47d1ec0636094298e56617c4077d/assets
I1128 12:56:16.902599 139798689363776 builder_impl.py:801] Assets written to: /home/yuhaoge2/out/tpugraphs_tiles/model_5c8e47d1ec0636094298e56617c4077d/assets
I1128 12:56:16.926986 139798689363776 fingerprinting_utils.py:49] Writing fingerprint to /home/yuhaoge2/out/tpugraphs_tiles/model_5c8e47d1ec0636094298e56617c4077d/fingerprint.pb
I1128 12:56:16.953392 139798689363776 train_lib.py:75] wrote /home/yuhaoge2/out/tpugraphs_tiles/model_5c8e47d1ec0636094298e56617c4077d
140/140 [==============================] - 32s 224ms/step - loss: 1.5153 - opa_metric: 0.8630 - val_loss: 1.6391 - val_opa_metric: 0.8589
I1128 12:56:49.477446 139798689363776 train_lib.py:154]  * [@13] Validation (NEW BEST): 0.8589025139808655
I1128 12:56:49.478006 139798689363776 train_lib.py:70] wrote /home/yuhaoge2/out/tpugraphs_tiles/run_5c8e47d1ec0636094298e56617c4077d.jsonz
I1128 12:56:50.417115 139798689363776 signature_serialization.py:156] Function `_wrapped_model` contains input name(s) args_0, 37552, resource with unsupported characters which will be renamed to args_0_18, early_join_sageagg_private__op_embedding_embedding_embedding_lookup_37552, early_join_sageagg_sequential_3_dense_6_tensordot_readvariableop_resource in the SavedModel.
I1128 12:56:50.670886 139798689363776 save.py:289] Found untraced functions such as _update_step_xla while saving (showing 1 of 1). These functions will not be directly callable after loading.
INFO:tensorflow:Assets written to: /home/yuhaoge2/out/tpugraphs_tiles/model_5c8e47d1ec0636094298e56617c4077d/assets
I1128 12:56:51.355553 139798689363776 builder_impl.py:801] Assets written to: /home/yuhaoge2/out/tpugraphs_tiles/model_5c8e47d1ec0636094298e56617c4077d/assets
I1128 12:56:51.379719 139798689363776 fingerprinting_utils.py:49] Writing fingerprint to /home/yuhaoge2/out/tpugraphs_tiles/model_5c8e47d1ec0636094298e56617c4077d/fingerprint.pb
I1128 12:56:51.406264 139798689363776 train_lib.py:75] wrote /home/yuhaoge2/out/tpugraphs_tiles/model_5c8e47d1ec0636094298e56617c4077d
140/140 [==============================] - 32s 223ms/step - loss: 1.4974 - opa_metric: 0.8648 - val_loss: 1.5395 - val_opa_metric: 0.8590
I1128 12:57:23.907856 139798689363776 train_lib.py:154]  * [@14] Validation (NEW BEST): 0.8589931130409241
I1128 12:57:23.908400 139798689363776 train_lib.py:70] wrote /home/yuhaoge2/out/tpugraphs_tiles/run_5c8e47d1ec0636094298e56617c4077d.jsonz
I1128 12:57:25.020785 139798689363776 signature_serialization.py:156] Function `_wrapped_model` contains input name(s) args_0, 40982, resource with unsupported characters which will be renamed to args_0_18, early_join_sageagg_private__op_embedding_embedding_embedding_lookup_40982, early_join_sageagg_sequential_3_dense_6_tensordot_readvariableop_resource in the SavedModel.
I1128 12:57:25.277929 139798689363776 save.py:289] Found untraced functions such as _update_step_xla while saving (showing 1 of 1). These functions will not be directly callable after loading.
INFO:tensorflow:Assets written to: /home/yuhaoge2/out/tpugraphs_tiles/model_5c8e47d1ec0636094298e56617c4077d/assets
I1128 12:57:25.966126 139798689363776 builder_impl.py:801] Assets written to: /home/yuhaoge2/out/tpugraphs_tiles/model_5c8e47d1ec0636094298e56617c4077d/assets
I1128 12:57:25.990523 139798689363776 fingerprinting_utils.py:49] Writing fingerprint to /home/yuhaoge2/out/tpugraphs_tiles/model_5c8e47d1ec0636094298e56617c4077d/fingerprint.pb
I1128 12:57:26.017392 139798689363776 train_lib.py:75] wrote /home/yuhaoge2/out/tpugraphs_tiles/model_5c8e47d1ec0636094298e56617c4077d
140/140 [==============================] - 32s 223ms/step - loss: 1.4949 - opa_metric: 0.8647 - val_loss: 1.5492 - val_opa_metric: 0.8611
I1128 12:57:58.317722 139798689363776 train_lib.py:154]  * [@15] Validation (NEW BEST): 0.8611149787902832
I1128 12:57:58.318320 139798689363776 train_lib.py:70] wrote /home/yuhaoge2/out/tpugraphs_tiles/run_5c8e47d1ec0636094298e56617c4077d.jsonz
I1128 12:57:59.255973 139798689363776 signature_serialization.py:156] Function `_wrapped_model` contains input name(s) args_0, 44412, resource with unsupported characters which will be renamed to args_0_18, early_join_sageagg_private__op_embedding_embedding_embedding_lookup_44412, early_join_sageagg_sequential_3_dense_6_tensordot_readvariableop_resource in the SavedModel.
I1128 12:57:59.509450 139798689363776 save.py:289] Found untraced functions such as _update_step_xla while saving (showing 1 of 1). These functions will not be directly callable after loading.
INFO:tensorflow:Assets written to: /home/yuhaoge2/out/tpugraphs_tiles/model_5c8e47d1ec0636094298e56617c4077d/assets
I1128 12:58:00.177716 139798689363776 builder_impl.py:801] Assets written to: /home/yuhaoge2/out/tpugraphs_tiles/model_5c8e47d1ec0636094298e56617c4077d/assets
I1128 12:58:00.201816 139798689363776 fingerprinting_utils.py:49] Writing fingerprint to /home/yuhaoge2/out/tpugraphs_tiles/model_5c8e47d1ec0636094298e56617c4077d/fingerprint.pb
I1128 12:58:00.228236 139798689363776 train_lib.py:75] wrote /home/yuhaoge2/out/tpugraphs_tiles/model_5c8e47d1ec0636094298e56617c4077d
140/140 [==============================] - 32s 224ms/step - loss: 1.4713 - opa_metric: 0.8660 - val_loss: 1.5662 - val_opa_metric: 0.8685
I1128 12:58:32.737099 139798689363776 train_lib.py:154]  * [@16] Validation (NEW BEST): 0.8684906959533691
I1128 12:58:32.737962 139798689363776 train_lib.py:70] wrote /home/yuhaoge2/out/tpugraphs_tiles/run_5c8e47d1ec0636094298e56617c4077d.jsonz
I1128 12:58:33.699495 139798689363776 signature_serialization.py:156] Function `_wrapped_model` contains input name(s) args_0, 47842, resource with unsupported characters which will be renamed to args_0_18, early_join_sageagg_private__op_embedding_embedding_embedding_lookup_47842, early_join_sageagg_sequential_3_dense_6_tensordot_readvariableop_resource in the SavedModel.
I1128 12:58:34.159514 139798689363776 save.py:289] Found untraced functions such as _update_step_xla while saving (showing 1 of 1). These functions will not be directly callable after loading.
INFO:tensorflow:Assets written to: /home/yuhaoge2/out/tpugraphs_tiles/model_5c8e47d1ec0636094298e56617c4077d/assets
I1128 12:58:34.839133 139798689363776 builder_impl.py:801] Assets written to: /home/yuhaoge2/out/tpugraphs_tiles/model_5c8e47d1ec0636094298e56617c4077d/assets
I1128 12:58:34.864463 139798689363776 fingerprinting_utils.py:49] Writing fingerprint to /home/yuhaoge2/out/tpugraphs_tiles/model_5c8e47d1ec0636094298e56617c4077d/fingerprint.pb
I1128 12:58:34.893481 139798689363776 train_lib.py:75] wrote /home/yuhaoge2/out/tpugraphs_tiles/model_5c8e47d1ec0636094298e56617c4077d
140/140 [==============================] - 33s 224ms/step - loss: 1.4754 - opa_metric: 0.8674 - val_loss: 1.5195 - val_opa_metric: 0.8657
140/140 [==============================] - 33s 223ms/step - loss: 1.4558 - opa_metric: 0.8685 - val_loss: 1.5628 - val_opa_metric: 0.8635
140/140 [==============================] - 33s 225ms/step - loss: 1.4268 - opa_metric: 0.8721 - val_loss: 1.4987 - val_opa_metric: 0.8678
140/140 [==============================] - 34s 234ms/step - loss: 1.4443 - opa_metric: 0.8695 - val_loss: 1.4930 - val_opa_metric: 0.8679
140/140 [==============================] - 34s 235ms/step - loss: 1.4255 - opa_metric: 0.8713 - val_loss: 1.4718 - val_opa_metric: 0.8713
I1128 13:01:22.068171 139798689363776 train_lib.py:154]  * [@21] Validation (NEW BEST): 0.8713415861129761
I1128 13:01:22.068807 139798689363776 train_lib.py:70] wrote /home/yuhaoge2/out/tpugraphs_tiles/run_5c8e47d1ec0636094298e56617c4077d.jsonz
I1128 13:01:23.016196 139798689363776 signature_serialization.py:156] Function `_wrapped_model` contains input name(s) args_0, 54040, resource with unsupported characters which will be renamed to args_0_18, early_join_sageagg_private__op_embedding_embedding_embedding_lookup_54040, early_join_sageagg_sequential_3_dense_6_tensordot_readvariableop_resource in the SavedModel.
I1128 13:01:23.274636 139798689363776 save.py:289] Found untraced functions such as _update_step_xla while saving (showing 1 of 1). These functions will not be directly callable after loading.
INFO:tensorflow:Assets written to: /home/yuhaoge2/out/tpugraphs_tiles/model_5c8e47d1ec0636094298e56617c4077d/assets
I1128 13:01:23.947611 139798689363776 builder_impl.py:801] Assets written to: /home/yuhaoge2/out/tpugraphs_tiles/model_5c8e47d1ec0636094298e56617c4077d/assets
I1128 13:01:23.972006 139798689363776 fingerprinting_utils.py:49] Writing fingerprint to /home/yuhaoge2/out/tpugraphs_tiles/model_5c8e47d1ec0636094298e56617c4077d/fingerprint.pb
I1128 13:01:23.998582 139798689363776 train_lib.py:75] wrote /home/yuhaoge2/out/tpugraphs_tiles/model_5c8e47d1ec0636094298e56617c4077d
140/140 [==============================] - 35s 236ms/step - loss: 1.4146 - opa_metric: 0.8715 - val_loss: 1.4965 - val_opa_metric: 0.8686
140/140 [==============================] - 34s 235ms/step - loss: 1.4052 - opa_metric: 0.8731 - val_loss: 1.4870 - val_opa_metric: 0.8704
140/140 [==============================] - 34s 236ms/step - loss: 1.4039 - opa_metric: 0.8733 - val_loss: 1.4355 - val_opa_metric: 0.8742
I1128 13:03:07.745633 139798689363776 train_lib.py:154]  * [@24] Validation (NEW BEST): 0.8742256760597229
I1128 13:03:07.746682 139798689363776 train_lib.py:70] wrote /home/yuhaoge2/out/tpugraphs_tiles/run_5c8e47d1ec0636094298e56617c4077d.jsonz
I1128 13:03:08.714612 139798689363776 signature_serialization.py:156] Function `_wrapped_model` contains input name(s) args_0, 58854, resource with unsupported characters which will be renamed to args_0_18, early_join_sageagg_private__op_embedding_embedding_embedding_lookup_58854, early_join_sageagg_sequential_3_dense_6_tensordot_readvariableop_resource in the SavedModel.
I1128 13:03:08.978291 139798689363776 save.py:289] Found untraced functions such as _update_step_xla while saving (showing 1 of 1). These functions will not be directly callable after loading.
INFO:tensorflow:Assets written to: /home/yuhaoge2/out/tpugraphs_tiles/model_5c8e47d1ec0636094298e56617c4077d/assets
I1128 13:03:09.688532 139798689363776 builder_impl.py:801] Assets written to: /home/yuhaoge2/out/tpugraphs_tiles/model_5c8e47d1ec0636094298e56617c4077d/assets
I1128 13:03:09.715051 139798689363776 fingerprinting_utils.py:49] Writing fingerprint to /home/yuhaoge2/out/tpugraphs_tiles/model_5c8e47d1ec0636094298e56617c4077d/fingerprint.pb
I1128 13:03:09.745108 139798689363776 train_lib.py:75] wrote /home/yuhaoge2/out/tpugraphs_tiles/model_5c8e47d1ec0636094298e56617c4077d
140/140 [==============================] - 34s 237ms/step - loss: 1.3787 - opa_metric: 0.8755 - val_loss: 1.4599 - val_opa_metric: 0.8675
140/140 [==============================] - 33s 227ms/step - loss: 1.4145 - opa_metric: 0.8739 - val_loss: 1.4202 - val_opa_metric: 0.8754
I1128 13:04:16.829220 139798689363776 train_lib.py:154]  * [@26] Validation (NEW BEST): 0.8753702044487
I1128 13:04:16.829964 139798689363776 train_lib.py:70] wrote /home/yuhaoge2/out/tpugraphs_tiles/run_5c8e47d1ec0636094298e56617c4077d.jsonz
I1128 13:04:18.157439 139798689363776 signature_serialization.py:156] Function `_wrapped_model` contains input name(s) args_0, 62976, resource with unsupported characters which will be renamed to args_0_18, early_join_sageagg_private__op_embedding_embedding_embedding_lookup_62976, early_join_sageagg_sequential_3_dense_6_tensordot_readvariableop_resource in the SavedModel.
I1128 13:04:18.418746 139798689363776 save.py:289] Found untraced functions such as _update_step_xla while saving (showing 1 of 1). These functions will not be directly callable after loading.
INFO:tensorflow:Assets written to: /home/yuhaoge2/out/tpugraphs_tiles/model_5c8e47d1ec0636094298e56617c4077d/assets
I1128 13:04:19.115411 139798689363776 builder_impl.py:801] Assets written to: /home/yuhaoge2/out/tpugraphs_tiles/model_5c8e47d1ec0636094298e56617c4077d/assets
I1128 13:04:19.139957 139798689363776 fingerprinting_utils.py:49] Writing fingerprint to /home/yuhaoge2/out/tpugraphs_tiles/model_5c8e47d1ec0636094298e56617c4077d/fingerprint.pb
I1128 13:04:19.167335 139798689363776 train_lib.py:75] wrote /home/yuhaoge2/out/tpugraphs_tiles/model_5c8e47d1ec0636094298e56617c4077d
140/140 [==============================] - 33s 225ms/step - loss: 1.3863 - opa_metric: 0.8752 - val_loss: 1.4221 - val_opa_metric: 0.8744
140/140 [==============================] - 33s 222ms/step - loss: 1.3567 - opa_metric: 0.8781 - val_loss: 1.4609 - val_opa_metric: 0.8687
140/140 [==============================] - 33s 223ms/step - loss: 1.3587 - opa_metric: 0.8777 - val_loss: 1.4787 - val_opa_metric: 0.8731
140/140 [==============================] - 33s 223ms/step - loss: 1.3659 - opa_metric: 0.8774 - val_loss: 1.4633 - val_opa_metric: 0.8729
140/140 [==============================] - 32s 224ms/step - loss: 1.3720 - opa_metric: 0.8771 - val_loss: 1.4798 - val_opa_metric: 0.8706
140/140 [==============================] - 33s 223ms/step - loss: 1.3418 - opa_metric: 0.8802 - val_loss: 1.4497 - val_opa_metric: 0.8725
140/140 [==============================] - 33s 224ms/step - loss: 1.3458 - opa_metric: 0.8781 - val_loss: 1.4358 - val_opa_metric: 0.8735
140/140 [==============================] - 33s 223ms/step - loss: 1.3553 - opa_metric: 0.8778 - val_loss: 1.3821 - val_opa_metric: 0.8746
140/140 [==============================] - 33s 223ms/step - loss: 1.3424 - opa_metric: 0.8781 - val_loss: 1.4038 - val_opa_metric: 0.8785
I1128 13:09:14.193471 139798689363776 train_lib.py:154]  * [@35] Validation (NEW BEST): 0.8785232305526733
I1128 13:09:14.194502 139798689363776 train_lib.py:70] wrote /home/yuhaoge2/out/tpugraphs_tiles/run_5c8e47d1ec0636094298e56617c4077d.jsonz
I1128 13:09:15.163298 139798689363776 signature_serialization.py:156] Function `_wrapped_model` contains input name(s) args_0, 71942, resource with unsupported characters which will be renamed to args_0_18, early_join_sageagg_private__op_embedding_embedding_embedding_lookup_71942, early_join_sageagg_sequential_3_dense_6_tensordot_readvariableop_resource in the SavedModel.
I1128 13:09:15.425094 139798689363776 save.py:289] Found untraced functions such as _update_step_xla while saving (showing 1 of 1). These functions will not be directly callable after loading.
INFO:tensorflow:Assets written to: /home/yuhaoge2/out/tpugraphs_tiles/model_5c8e47d1ec0636094298e56617c4077d/assets
I1128 13:09:16.134828 139798689363776 builder_impl.py:801] Assets written to: /home/yuhaoge2/out/tpugraphs_tiles/model_5c8e47d1ec0636094298e56617c4077d/assets
I1128 13:09:16.159416 139798689363776 fingerprinting_utils.py:49] Writing fingerprint to /home/yuhaoge2/out/tpugraphs_tiles/model_5c8e47d1ec0636094298e56617c4077d/fingerprint.pb
I1128 13:09:16.187479 139798689363776 train_lib.py:75] wrote /home/yuhaoge2/out/tpugraphs_tiles/model_5c8e47d1ec0636094298e56617c4077d
140/140 [==============================] - 33s 224ms/step - loss: 1.3377 - opa_metric: 0.8804 - val_loss: 1.5707 - val_opa_metric: 0.8627
140/140 [==============================] - 33s 224ms/step - loss: 1.3313 - opa_metric: 0.8806 - val_loss: 1.4142 - val_opa_metric: 0.8804
I1128 13:10:22.047459 139798689363776 train_lib.py:154]  * [@37] Validation (NEW BEST): 0.8804037570953369
I1128 13:10:22.048130 139798689363776 train_lib.py:70] wrote /home/yuhaoge2/out/tpugraphs_tiles/run_5c8e47d1ec0636094298e56617c4077d.jsonz
I1128 13:10:23.184442 139798689363776 signature_serialization.py:156] Function `_wrapped_model` contains input name(s) args_0, 76064, resource with unsupported characters which will be renamed to args_0_18, early_join_sageagg_private__op_embedding_embedding_embedding_lookup_76064, early_join_sageagg_sequential_3_dense_6_tensordot_readvariableop_resource in the SavedModel.
I1128 13:10:23.440619 139798689363776 save.py:289] Found untraced functions such as _update_step_xla while saving (showing 1 of 1). These functions will not be directly callable after loading.
INFO:tensorflow:Assets written to: /home/yuhaoge2/out/tpugraphs_tiles/model_5c8e47d1ec0636094298e56617c4077d/assets
I1128 13:10:24.101601 139798689363776 builder_impl.py:801] Assets written to: /home/yuhaoge2/out/tpugraphs_tiles/model_5c8e47d1ec0636094298e56617c4077d/assets
I1128 13:10:24.125899 139798689363776 fingerprinting_utils.py:49] Writing fingerprint to /home/yuhaoge2/out/tpugraphs_tiles/model_5c8e47d1ec0636094298e56617c4077d/fingerprint.pb
I1128 13:10:24.152875 139798689363776 train_lib.py:75] wrote /home/yuhaoge2/out/tpugraphs_tiles/model_5c8e47d1ec0636094298e56617c4077d
140/140 [==============================] - 32s 222ms/step - loss: 1.3421 - opa_metric: 0.8790 - val_loss: 1.4096 - val_opa_metric: 0.8740
140/140 [==============================] - 33s 223ms/step - loss: 1.3306 - opa_metric: 0.8800 - val_loss: 1.4090 - val_opa_metric: 0.8740
140/140 [==============================] - 32s 222ms/step - loss: 1.3190 - opa_metric: 0.8817 - val_loss: 1.5199 - val_opa_metric: 0.8730
140/140 [==============================] - 33s 224ms/step - loss: 1.3139 - opa_metric: 0.8817 - val_loss: 1.4183 - val_opa_metric: 0.8757
140/140 [==============================] - 33s 224ms/step - loss: 1.3301 - opa_metric: 0.8810 - val_loss: 1.4192 - val_opa_metric: 0.8744
140/140 [==============================] - 33s 225ms/step - loss: 1.2990 - opa_metric: 0.8840 - val_loss: 1.3403 - val_opa_metric: 0.8818
I1128 13:13:40.998479 139798689363776 train_lib.py:154]  * [@43] Validation (NEW BEST): 0.8817859292030334
I1128 13:13:40.999523 139798689363776 train_lib.py:70] wrote /home/yuhaoge2/out/tpugraphs_tiles/run_5c8e47d1ec0636094298e56617c4077d.jsonz
I1128 13:13:41.953676 139798689363776 signature_serialization.py:156] Function `_wrapped_model` contains input name(s) args_0, 82954, resource with unsupported characters which will be renamed to args_0_18, early_join_sageagg_private__op_embedding_embedding_embedding_lookup_82954, early_join_sageagg_sequential_3_dense_6_tensordot_readvariableop_resource in the SavedModel.
I1128 13:13:42.209557 139798689363776 save.py:289] Found untraced functions such as _update_step_xla while saving (showing 1 of 1). These functions will not be directly callable after loading.
INFO:tensorflow:Assets written to: /home/yuhaoge2/out/tpugraphs_tiles/model_5c8e47d1ec0636094298e56617c4077d/assets
I1128 13:13:42.865435 139798689363776 builder_impl.py:801] Assets written to: /home/yuhaoge2/out/tpugraphs_tiles/model_5c8e47d1ec0636094298e56617c4077d/assets
I1128 13:13:42.889868 139798689363776 fingerprinting_utils.py:49] Writing fingerprint to /home/yuhaoge2/out/tpugraphs_tiles/model_5c8e47d1ec0636094298e56617c4077d/fingerprint.pb
I1128 13:13:42.916808 139798689363776 train_lib.py:75] wrote /home/yuhaoge2/out/tpugraphs_tiles/model_5c8e47d1ec0636094298e56617c4077d
140/140 [==============================] - 34s 233ms/step - loss: 1.3130 - opa_metric: 0.8820 - val_loss: 1.4217 - val_opa_metric: 0.8764
140/140 [==============================] - 34s 233ms/step - loss: 1.3284 - opa_metric: 0.8804 - val_loss: 1.3694 - val_opa_metric: 0.8781
140/140 [==============================] - 34s 234ms/step - loss: 1.3052 - opa_metric: 0.8830 - val_loss: 1.3550 - val_opa_metric: 0.8815
140/140 [==============================] - 34s 234ms/step - loss: 1.3126 - opa_metric: 0.8824 - val_loss: 1.3775 - val_opa_metric: 0.8804
140/140 [==============================] - 34s 232ms/step - loss: 1.2765 - opa_metric: 0.8861 - val_loss: 1.3561 - val_opa_metric: 0.8811
140/140 [==============================] - 36s 245ms/step - loss: 1.2814 - opa_metric: 0.8852 - val_loss: 1.4307 - val_opa_metric: 0.8742
140/140 [==============================] - 36s 246ms/step - loss: 1.3004 - opa_metric: 0.8837 - val_loss: 1.3829 - val_opa_metric: 0.8770
140/140 [==============================] - 36s 246ms/step - loss: 1.2884 - opa_metric: 0.8846 - val_loss: 1.4447 - val_opa_metric: 0.8734
140/140 [==============================] - 36s 247ms/step - loss: 1.2842 - opa_metric: 0.8856 - val_loss: 1.3630 - val_opa_metric: 0.8778
140/140 [==============================] - 35s 245ms/step - loss: 1.2898 - opa_metric: 0.8859 - val_loss: 1.3674 - val_opa_metric: 0.8794
140/140 [==============================] - 36s 245ms/step - loss: 1.2878 - opa_metric: 0.8851 - val_loss: 1.4284 - val_opa_metric: 0.8820
I1128 13:20:07.349859 139798689363776 train_lib.py:154]  * [@54] Validation (NEW BEST): 0.8819782733917236
I1128 13:20:07.350898 139798689363776 train_lib.py:70] wrote /home/yuhaoge2/out/tpugraphs_tiles/run_5c8e47d1ec0636094298e56617c4077d.jsonz
I1128 13:20:08.517746 139798689363776 signature_serialization.py:156] Function `_wrapped_model` contains input name(s) args_0, 93304, resource with unsupported characters which will be renamed to args_0_18, early_join_sageagg_private__op_embedding_embedding_embedding_lookup_93304, early_join_sageagg_sequential_3_dense_6_tensordot_readvariableop_resource in the SavedModel.
I1128 13:20:08.776423 139798689363776 save.py:289] Found untraced functions such as _update_step_xla while saving (showing 1 of 1). These functions will not be directly callable after loading.
INFO:tensorflow:Assets written to: /home/yuhaoge2/out/tpugraphs_tiles/model_5c8e47d1ec0636094298e56617c4077d/assets
I1128 13:20:09.445575 139798689363776 builder_impl.py:801] Assets written to: /home/yuhaoge2/out/tpugraphs_tiles/model_5c8e47d1ec0636094298e56617c4077d/assets
I1128 13:20:09.470306 139798689363776 fingerprinting_utils.py:49] Writing fingerprint to /home/yuhaoge2/out/tpugraphs_tiles/model_5c8e47d1ec0636094298e56617c4077d/fingerprint.pb
I1128 13:20:09.497294 139798689363776 train_lib.py:75] wrote /home/yuhaoge2/out/tpugraphs_tiles/model_5c8e47d1ec0636094298e56617c4077d
140/140 [==============================] - 35s 236ms/step - loss: 1.2908 - opa_metric: 0.8846 - val_loss: 1.4023 - val_opa_metric: 0.8813
140/140 [==============================] - 33s 226ms/step - loss: 1.2829 - opa_metric: 0.8848 - val_loss: 1.3729 - val_opa_metric: 0.8804
140/140 [==============================] - 32s 221ms/step - loss: 1.2622 - opa_metric: 0.8872 - val_loss: 1.3771 - val_opa_metric: 0.8796
140/140 [==============================] - 32s 220ms/step - loss: 1.2789 - opa_metric: 0.8858 - val_loss: 1.3612 - val_opa_metric: 0.8827
I1128 13:22:22.612260 139798689363776 train_lib.py:154]  * [@58] Validation (NEW BEST): 0.8827151656150818
I1128 13:22:22.613130 139798689363776 train_lib.py:70] wrote /home/yuhaoge2/out/tpugraphs_tiles/run_5c8e47d1ec0636094298e56617c4077d.jsonz
I1128 13:22:23.551121 139798689363776 signature_serialization.py:156] Function `_wrapped_model` contains input name(s) args_0, 98810, resource with unsupported characters which will be renamed to args_0_18, early_join_sageagg_private__op_embedding_embedding_embedding_lookup_98810, early_join_sageagg_sequential_3_dense_6_tensordot_readvariableop_resource in the SavedModel.
I1128 13:22:23.809663 139798689363776 save.py:289] Found untraced functions such as _update_step_xla while saving (showing 1 of 1). These functions will not be directly callable after loading.
INFO:tensorflow:Assets written to: /home/yuhaoge2/out/tpugraphs_tiles/model_5c8e47d1ec0636094298e56617c4077d/assets
I1128 13:22:24.485502 139798689363776 builder_impl.py:801] Assets written to: /home/yuhaoge2/out/tpugraphs_tiles/model_5c8e47d1ec0636094298e56617c4077d/assets
I1128 13:22:24.509797 139798689363776 fingerprinting_utils.py:49] Writing fingerprint to /home/yuhaoge2/out/tpugraphs_tiles/model_5c8e47d1ec0636094298e56617c4077d/fingerprint.pb
I1128 13:22:24.536010 139798689363776 train_lib.py:75] wrote /home/yuhaoge2/out/tpugraphs_tiles/model_5c8e47d1ec0636094298e56617c4077d
140/140 [==============================] - 32s 221ms/step - loss: 1.2829 - opa_metric: 0.8853 - val_loss: 1.3488 - val_opa_metric: 0.8842
I1128 13:22:56.899856 139798689363776 train_lib.py:154]  * [@59] Validation (NEW BEST): 0.8841962218284607
I1128 13:22:56.900898 139798689363776 train_lib.py:70] wrote /home/yuhaoge2/out/tpugraphs_tiles/run_5c8e47d1ec0636094298e56617c4077d.jsonz
I1128 13:22:58.071500 139798689363776 signature_serialization.py:156] Function `_wrapped_model` contains input name(s) args_0, 102240, resource with unsupported characters which will be renamed to args_0_18, early_join_sageagg_private__op_embedding_embedding_embedding_lookup_102240, early_join_sageagg_sequential_3_dense_6_tensordot_readvariableop_resource in the SavedModel.
I1128 13:22:58.330906 139798689363776 save.py:289] Found untraced functions such as _update_step_xla while saving (showing 1 of 1). These functions will not be directly callable after loading.
INFO:tensorflow:Assets written to: /home/yuhaoge2/out/tpugraphs_tiles/model_5c8e47d1ec0636094298e56617c4077d/assets
I1128 13:22:59.008646 139798689363776 builder_impl.py:801] Assets written to: /home/yuhaoge2/out/tpugraphs_tiles/model_5c8e47d1ec0636094298e56617c4077d/assets
I1128 13:22:59.033424 139798689363776 fingerprinting_utils.py:49] Writing fingerprint to /home/yuhaoge2/out/tpugraphs_tiles/model_5c8e47d1ec0636094298e56617c4077d/fingerprint.pb
I1128 13:22:59.060634 139798689363776 train_lib.py:75] wrote /home/yuhaoge2/out/tpugraphs_tiles/model_5c8e47d1ec0636094298e56617c4077d
140/140 [==============================] - 32s 221ms/step - loss: 1.2675 - opa_metric: 0.8871 - val_loss: 1.3761 - val_opa_metric: 0.8814
140/140 [==============================] - 32s 221ms/step - loss: 1.2740 - opa_metric: 0.8854 - val_loss: 1.4390 - val_opa_metric: 0.8767
140/140 [==============================] - 32s 220ms/step - loss: 1.2690 - opa_metric: 0.8857 - val_loss: 1.3833 - val_opa_metric: 0.8799
140/140 [==============================] - 32s 221ms/step - loss: 1.2824 - opa_metric: 0.8842 - val_loss: 1.3682 - val_opa_metric: 0.8823
140/140 [==============================] - 32s 220ms/step - loss: 1.2697 - opa_metric: 0.8861 - val_loss: 1.3563 - val_opa_metric: 0.8796
140/140 [==============================] - 32s 220ms/step - loss: 1.2625 - opa_metric: 0.8866 - val_loss: 1.3512 - val_opa_metric: 0.8798
140/140 [==============================] - 33s 222ms/step - loss: 1.2572 - opa_metric: 0.8880 - val_loss: 1.3768 - val_opa_metric: 0.8795
140/140 [==============================] - 32s 222ms/step - loss: 1.2657 - opa_metric: 0.8866 - val_loss: 1.3225 - val_opa_metric: 0.8838
140/140 [==============================] - 32s 222ms/step - loss: 1.2534 - opa_metric: 0.8874 - val_loss: 1.3381 - val_opa_metric: 0.8844
I1128 13:27:51.528954 139798689363776 train_lib.py:154]  * [@68] Validation (NEW BEST): 0.8843892216682434
I1128 13:27:51.530160 139798689363776 train_lib.py:70] wrote /home/yuhaoge2/out/tpugraphs_tiles/run_5c8e47d1ec0636094298e56617c4077d.jsonz
I1128 13:27:52.497392 139798689363776 signature_serialization.py:156] Function `_wrapped_model` contains input name(s) args_0, 111206, resource with unsupported characters which will be renamed to args_0_18, early_join_sageagg_private__op_embedding_embedding_embedding_lookup_111206, early_join_sageagg_sequential_3_dense_6_tensordot_readvariableop_resource in the SavedModel.
I1128 13:27:52.757988 139798689363776 save.py:289] Found untraced functions such as _update_step_xla while saving (showing 1 of 1). These functions will not be directly callable after loading.
INFO:tensorflow:Assets written to: /home/yuhaoge2/out/tpugraphs_tiles/model_5c8e47d1ec0636094298e56617c4077d/assets
I1128 13:27:53.451575 139798689363776 builder_impl.py:801] Assets written to: /home/yuhaoge2/out/tpugraphs_tiles/model_5c8e47d1ec0636094298e56617c4077d/assets
I1128 13:27:53.476192 139798689363776 fingerprinting_utils.py:49] Writing fingerprint to /home/yuhaoge2/out/tpugraphs_tiles/model_5c8e47d1ec0636094298e56617c4077d/fingerprint.pb
I1128 13:27:53.503109 139798689363776 train_lib.py:75] wrote /home/yuhaoge2/out/tpugraphs_tiles/model_5c8e47d1ec0636094298e56617c4077d
140/140 [==============================] - 32s 219ms/step - loss: 1.2609 - opa_metric: 0.8874 - val_loss: 1.4025 - val_opa_metric: 0.8709
140/140 [==============================] - 32s 222ms/step - loss: 1.2591 - opa_metric: 0.8872 - val_loss: 1.3853 - val_opa_metric: 0.8800
140/140 [==============================] - 32s 220ms/step - loss: 1.2635 - opa_metric: 0.8869 - val_loss: 1.3475 - val_opa_metric: 0.8804
140/140 [==============================] - 32s 220ms/step - loss: 1.2546 - opa_metric: 0.8878 - val_loss: 1.3880 - val_opa_metric: 0.8816
140/140 [==============================] - 32s 222ms/step - loss: 1.2369 - opa_metric: 0.8893 - val_loss: 1.3297 - val_opa_metric: 0.8812
140/140 [==============================] - 32s 219ms/step - loss: 1.2310 - opa_metric: 0.8900 - val_loss: 1.3116 - val_opa_metric: 0.8846
I1128 13:31:07.339852 139798689363776 train_lib.py:154]  * [@74] Validation (NEW BEST): 0.8846354484558105
I1128 13:31:07.341011 139798689363776 train_lib.py:70] wrote /home/yuhaoge2/out/tpugraphs_tiles/run_5c8e47d1ec0636094298e56617c4077d.jsonz
I1128 13:31:08.313615 139798689363776 signature_serialization.py:156] Function `_wrapped_model` contains input name(s) args_0, 118096, resource with unsupported characters which will be renamed to args_0_18, early_join_sageagg_private__op_embedding_embedding_embedding_lookup_118096, early_join_sageagg_sequential_3_dense_6_tensordot_readvariableop_resource in the SavedModel.
I1128 13:31:08.783338 139798689363776 save.py:289] Found untraced functions such as _update_step_xla while saving (showing 1 of 1). These functions will not be directly callable after loading.
INFO:tensorflow:Assets written to: /home/yuhaoge2/out/tpugraphs_tiles/model_5c8e47d1ec0636094298e56617c4077d/assets
I1128 13:31:09.460513 139798689363776 builder_impl.py:801] Assets written to: /home/yuhaoge2/out/tpugraphs_tiles/model_5c8e47d1ec0636094298e56617c4077d/assets
I1128 13:31:09.485916 139798689363776 fingerprinting_utils.py:49] Writing fingerprint to /home/yuhaoge2/out/tpugraphs_tiles/model_5c8e47d1ec0636094298e56617c4077d/fingerprint.pb
I1128 13:31:09.515329 139798689363776 train_lib.py:75] wrote /home/yuhaoge2/out/tpugraphs_tiles/model_5c8e47d1ec0636094298e56617c4077d
140/140 [==============================] - 32s 221ms/step - loss: 1.2426 - opa_metric: 0.8891 - val_loss: 1.3075 - val_opa_metric: 0.8857
I1128 13:31:41.570906 139798689363776 train_lib.py:154]  * [@75] Validation (NEW BEST): 0.8856625556945801
I1128 13:31:41.571824 139798689363776 train_lib.py:70] wrote /home/yuhaoge2/out/tpugraphs_tiles/run_5c8e47d1ec0636094298e56617c4077d.jsonz
I1128 13:31:42.525768 139798689363776 signature_serialization.py:156] Function `_wrapped_model` contains input name(s) args_0, 121526, resource with unsupported characters which will be renamed to args_0_18, early_join_sageagg_private__op_embedding_embedding_embedding_lookup_121526, early_join_sageagg_sequential_3_dense_6_tensordot_readvariableop_resource in the SavedModel.
I1128 13:31:42.785751 139798689363776 save.py:289] Found untraced functions such as _update_step_xla while saving (showing 1 of 1). These functions will not be directly callable after loading.
INFO:tensorflow:Assets written to: /home/yuhaoge2/out/tpugraphs_tiles/model_5c8e47d1ec0636094298e56617c4077d/assets
I1128 13:31:43.462564 139798689363776 builder_impl.py:801] Assets written to: /home/yuhaoge2/out/tpugraphs_tiles/model_5c8e47d1ec0636094298e56617c4077d/assets
I1128 13:31:43.486945 139798689363776 fingerprinting_utils.py:49] Writing fingerprint to /home/yuhaoge2/out/tpugraphs_tiles/model_5c8e47d1ec0636094298e56617c4077d/fingerprint.pb
I1128 13:31:43.513298 139798689363776 train_lib.py:75] wrote /home/yuhaoge2/out/tpugraphs_tiles/model_5c8e47d1ec0636094298e56617c4077d
140/140 [==============================] - 32s 221ms/step - loss: 1.2422 - opa_metric: 0.8889 - val_loss: 1.3287 - val_opa_metric: 0.8828
140/140 [==============================] - 33s 224ms/step - loss: 1.2485 - opa_metric: 0.8884 - val_loss: 1.3791 - val_opa_metric: 0.8765
140/140 [==============================] - 33s 230ms/step - loss: 1.2453 - opa_metric: 0.8882 - val_loss: 1.4195 - val_opa_metric: 0.8790
140/140 [==============================] - 33s 232ms/step - loss: 1.2198 - opa_metric: 0.8904 - val_loss: 1.3608 - val_opa_metric: 0.8817
140/140 [==============================] - 34s 234ms/step - loss: 1.2282 - opa_metric: 0.8898 - val_loss: 1.3267 - val_opa_metric: 0.8874
I1128 13:34:29.717678 139798689363776 train_lib.py:154]  * [@80] Validation (NEW BEST): 0.8873807787895203
I1128 13:34:29.718951 139798689363776 train_lib.py:70] wrote /home/yuhaoge2/out/tpugraphs_tiles/run_5c8e47d1ec0636094298e56617c4077d.jsonz
I1128 13:34:30.685492 139798689363776 signature_serialization.py:156] Function `_wrapped_model` contains input name(s) args_0, 127724, resource with unsupported characters which will be renamed to args_0_18, early_join_sageagg_private__op_embedding_embedding_embedding_lookup_127724, early_join_sageagg_sequential_3_dense_6_tensordot_readvariableop_resource in the SavedModel.
I1128 13:34:30.944091 139798689363776 save.py:289] Found untraced functions such as _update_step_xla while saving (showing 1 of 1). These functions will not be directly callable after loading.
INFO:tensorflow:Assets written to: /home/yuhaoge2/out/tpugraphs_tiles/model_5c8e47d1ec0636094298e56617c4077d/assets
I1128 13:34:31.612048 139798689363776 builder_impl.py:801] Assets written to: /home/yuhaoge2/out/tpugraphs_tiles/model_5c8e47d1ec0636094298e56617c4077d/assets
I1128 13:34:31.636617 139798689363776 fingerprinting_utils.py:49] Writing fingerprint to /home/yuhaoge2/out/tpugraphs_tiles/model_5c8e47d1ec0636094298e56617c4077d/fingerprint.pb
I1128 13:34:31.664352 139798689363776 train_lib.py:75] wrote /home/yuhaoge2/out/tpugraphs_tiles/model_5c8e47d1ec0636094298e56617c4077d
140/140 [==============================] - 34s 232ms/step - loss: 1.2364 - opa_metric: 0.8893 - val_loss: 1.3343 - val_opa_metric: 0.8842
140/140 [==============================] - 34s 234ms/step - loss: 1.2406 - opa_metric: 0.8887 - val_loss: 1.3318 - val_opa_metric: 0.8869
140/140 [==============================] - 34s 234ms/step - loss: 1.2364 - opa_metric: 0.8893 - val_loss: 1.3249 - val_opa_metric: 0.8844
140/140 [==============================] - 33s 224ms/step - loss: 1.2022 - opa_metric: 0.8924 - val_loss: 1.3397 - val_opa_metric: 0.8822
140/140 [==============================] - 32s 220ms/step - loss: 1.2397 - opa_metric: 0.8897 - val_loss: 1.3958 - val_opa_metric: 0.8810
140/140 [==============================] - 32s 221ms/step - loss: 1.2248 - opa_metric: 0.8910 - val_loss: 1.3036 - val_opa_metric: 0.8884
I1128 13:37:50.871585 139798689363776 train_lib.py:154]  * [@86] Validation (NEW BEST): 0.8884327411651611
I1128 13:37:50.872527 139798689363776 train_lib.py:70] wrote /home/yuhaoge2/out/tpugraphs_tiles/run_5c8e47d1ec0636094298e56617c4077d.jsonz
I1128 13:37:52.070869 139798689363776 signature_serialization.py:156] Function `_wrapped_model` contains input name(s) args_0, 134614, resource with unsupported characters which will be renamed to args_0_18, early_join_sageagg_private__op_embedding_embedding_embedding_lookup_134614, early_join_sageagg_sequential_3_dense_6_tensordot_readvariableop_resource in the SavedModel.
I1128 13:37:52.330642 139798689363776 save.py:289] Found untraced functions such as _update_step_xla while saving (showing 1 of 1). These functions will not be directly callable after loading.
INFO:tensorflow:Assets written to: /home/yuhaoge2/out/tpugraphs_tiles/model_5c8e47d1ec0636094298e56617c4077d/assets
I1128 13:37:53.002225 139798689363776 builder_impl.py:801] Assets written to: /home/yuhaoge2/out/tpugraphs_tiles/model_5c8e47d1ec0636094298e56617c4077d/assets
I1128 13:37:53.026626 139798689363776 fingerprinting_utils.py:49] Writing fingerprint to /home/yuhaoge2/out/tpugraphs_tiles/model_5c8e47d1ec0636094298e56617c4077d/fingerprint.pb
I1128 13:37:53.053156 139798689363776 train_lib.py:75] wrote /home/yuhaoge2/out/tpugraphs_tiles/model_5c8e47d1ec0636094298e56617c4077d
140/140 [==============================] - 32s 221ms/step - loss: 1.2427 - opa_metric: 0.8885 - val_loss: 1.3280 - val_opa_metric: 0.8834
140/140 [==============================] - 32s 222ms/step - loss: 1.2415 - opa_metric: 0.8892 - val_loss: 1.3524 - val_opa_metric: 0.8821
140/140 [==============================] - 32s 220ms/step - loss: 1.2262 - opa_metric: 0.8916 - val_loss: 1.3923 - val_opa_metric: 0.8787
140/140 [==============================] - 32s 220ms/step - loss: 1.2413 - opa_metric: 0.8897 - val_loss: 1.3047 - val_opa_metric: 0.8871
140/140 [==============================] - 32s 221ms/step - loss: 1.2213 - opa_metric: 0.8910 - val_loss: 1.4277 - val_opa_metric: 0.8739
140/140 [==============================] - 32s 219ms/step - loss: 1.2375 - opa_metric: 0.8891 - val_loss: 1.3300 - val_opa_metric: 0.8868
140/140 [==============================] - 32s 219ms/step - loss: 1.2173 - opa_metric: 0.8914 - val_loss: 1.2609 - val_opa_metric: 0.8887
I1128 13:41:39.161535 139798689363776 train_lib.py:154]  * [@93] Validation (NEW BEST): 0.8886760473251343
I1128 13:41:39.162870 139798689363776 train_lib.py:70] wrote /home/yuhaoge2/out/tpugraphs_tiles/run_5c8e47d1ec0636094298e56617c4077d.jsonz
I1128 13:41:40.112047 139798689363776 signature_serialization.py:156] Function `_wrapped_model` contains input name(s) args_0, 142196, resource with unsupported characters which will be renamed to args_0_18, early_join_sageagg_private__op_embedding_embedding_embedding_lookup_142196, early_join_sageagg_sequential_3_dense_6_tensordot_readvariableop_resource in the SavedModel.
I1128 13:41:40.368589 139798689363776 save.py:289] Found untraced functions such as _update_step_xla while saving (showing 1 of 1). These functions will not be directly callable after loading.
INFO:tensorflow:Assets written to: /home/yuhaoge2/out/tpugraphs_tiles/model_5c8e47d1ec0636094298e56617c4077d/assets
I1128 13:41:41.026743 139798689363776 builder_impl.py:801] Assets written to: /home/yuhaoge2/out/tpugraphs_tiles/model_5c8e47d1ec0636094298e56617c4077d/assets
I1128 13:41:41.051166 139798689363776 fingerprinting_utils.py:49] Writing fingerprint to /home/yuhaoge2/out/tpugraphs_tiles/model_5c8e47d1ec0636094298e56617c4077d/fingerprint.pb
I1128 13:41:41.077488 139798689363776 train_lib.py:75] wrote /home/yuhaoge2/out/tpugraphs_tiles/model_5c8e47d1ec0636094298e56617c4077d
140/140 [==============================] - 32s 220ms/step - loss: 1.2091 - opa_metric: 0.8915 - val_loss: 1.3562 - val_opa_metric: 0.8811
140/140 [==============================] - 32s 220ms/step - loss: 1.2209 - opa_metric: 0.8905 - val_loss: 1.3151 - val_opa_metric: 0.8846
140/140 [==============================] - 32s 222ms/step - loss: 1.2209 - opa_metric: 0.8903 - val_loss: 1.3254 - val_opa_metric: 0.8847
140/140 [==============================] - 32s 221ms/step - loss: 1.2408 - opa_metric: 0.8898 - val_loss: 1.3814 - val_opa_metric: 0.8796
140/140 [==============================] - 32s 222ms/step - loss: 1.2231 - opa_metric: 0.8899 - val_loss: 1.3461 - val_opa_metric: 0.8881
140/140 [==============================] - 32s 221ms/step - loss: 1.2213 - opa_metric: 0.8912 - val_loss: 1.3086 - val_opa_metric: 0.8882
140/140 [==============================] - 32s 222ms/step - loss: 1.2183 - opa_metric: 0.8909 - val_loss: 1.3903 - val_opa_metric: 0.8832
140/140 [==============================] - 32s 221ms/step - loss: 1.2206 - opa_metric: 0.8908 - val_loss: 1.2677 - val_opa_metric: 0.8920
I1128 13:46:00.018218 139798689363776 train_lib.py:154]  * [@101] Validation (NEW BEST): 0.8920236825942993
I1128 13:46:00.019605 139798689363776 train_lib.py:70] wrote /home/yuhaoge2/out/tpugraphs_tiles/run_5c8e47d1ec0636094298e56617c4077d.jsonz
I1128 13:46:01.195484 139798689363776 signature_serialization.py:156] Function `_wrapped_model` contains input name(s) args_0, 150470, resource with unsupported characters which will be renamed to args_0_18, early_join_sageagg_private__op_embedding_embedding_embedding_lookup_150470, early_join_sageagg_sequential_3_dense_6_tensordot_readvariableop_resource in the SavedModel.
I1128 13:46:01.455921 139798689363776 save.py:289] Found untraced functions such as _update_step_xla while saving (showing 1 of 1). These functions will not be directly callable after loading.
INFO:tensorflow:Assets written to: /home/yuhaoge2/out/tpugraphs_tiles/model_5c8e47d1ec0636094298e56617c4077d/assets
I1128 13:46:02.146270 139798689363776 builder_impl.py:801] Assets written to: /home/yuhaoge2/out/tpugraphs_tiles/model_5c8e47d1ec0636094298e56617c4077d/assets
I1128 13:46:02.171131 139798689363776 fingerprinting_utils.py:49] Writing fingerprint to /home/yuhaoge2/out/tpugraphs_tiles/model_5c8e47d1ec0636094298e56617c4077d/fingerprint.pb
I1128 13:46:02.199892 139798689363776 train_lib.py:75] wrote /home/yuhaoge2/out/tpugraphs_tiles/model_5c8e47d1ec0636094298e56617c4077d
140/140 [==============================] - 33s 221ms/step - loss: 1.2168 - opa_metric: 0.8921 - val_loss: 1.3234 - val_opa_metric: 0.8828
140/140 [==============================] - 32s 221ms/step - loss: 1.2042 - opa_metric: 0.8925 - val_loss: 1.2956 - val_opa_metric: 0.8850
140/140 [==============================] - 32s 221ms/step - loss: 1.1966 - opa_metric: 0.8938 - val_loss: 1.3080 - val_opa_metric: 0.8852
140/140 [==============================] - 32s 222ms/step - loss: 1.2012 - opa_metric: 0.8916 - val_loss: 1.2993 - val_opa_metric: 0.8880
140/140 [==============================] - 32s 218ms/step - loss: 1.2192 - opa_metric: 0.8905 - val_loss: 1.2749 - val_opa_metric: 0.8879
140/140 [==============================] - 32s 221ms/step - loss: 1.2222 - opa_metric: 0.8912 - val_loss: 1.3457 - val_opa_metric: 0.8835
140/140 [==============================] - 32s 221ms/step - loss: 1.2143 - opa_metric: 0.8914 - val_loss: 1.3011 - val_opa_metric: 0.8869
140/140 [==============================] - 33s 223ms/step - loss: 1.2158 - opa_metric: 0.8923 - val_loss: 1.3051 - val_opa_metric: 0.8847
140/140 [==============================] - 33s 227ms/step - loss: 1.2148 - opa_metric: 0.8913 - val_loss: 1.3808 - val_opa_metric: 0.8805
140/140 [==============================] - 34s 232ms/step - loss: 1.2072 - opa_metric: 0.8931 - val_loss: 1.3181 - val_opa_metric: 0.8830
140/140 [==============================] - 34s 232ms/step - loss: 1.1995 - opa_metric: 0.8924 - val_loss: 1.3073 - val_opa_metric: 0.8868
140/140 [==============================] - 33s 232ms/step - loss: 1.2064 - opa_metric: 0.8920 - val_loss: 1.3482 - val_opa_metric: 0.8816
140/140 [==============================] - 34s 232ms/step - loss: 1.2189 - opa_metric: 0.8914 - val_loss: 1.3857 - val_opa_metric: 0.8782
140/140 [==============================] - 34s 234ms/step - loss: 1.2040 - opa_metric: 0.8926 - val_loss: 1.3250 - val_opa_metric: 0.8827
140/140 [==============================] - 33s 230ms/step - loss: 1.2082 - opa_metric: 0.8918 - val_loss: 1.3291 - val_opa_metric: 0.8854
140/140 [==============================] - 32s 222ms/step - loss: 1.2028 - opa_metric: 0.8925 - val_loss: 1.2988 - val_opa_metric: 0.8859
140/140 [==============================] - 33s 222ms/step - loss: 1.2040 - opa_metric: 0.8921 - val_loss: 1.3320 - val_opa_metric: 0.8835
140/140 [==============================] - 32s 222ms/step - loss: 1.2074 - opa_metric: 0.8913 - val_loss: 1.3590 - val_opa_metric: 0.8823
140/140 [==============================] - 32s 219ms/step - loss: 1.2081 - opa_metric: 0.8914 - val_loss: 1.2883 - val_opa_metric: 0.8860
140/140 [==============================] - 32s 220ms/step - loss: 1.2071 - opa_metric: 0.8929 - val_loss: 1.3089 - val_opa_metric: 0.8855
I1128 13:57:00.612374 139798689363776 train_lib.py:158] [@121] Best accuracy was attained at epoch 101. Stopping.
I1128 14:08:19.457113 139798689363776 train_lib.py:70] wrote /home/yuhaoge2/out/tpugraphs_tiles/run_5c8e47d1ec0636094298e56617c4077d.jsonz
I1128 14:08:20.601945 139798689363776 signature_serialization.py:156] Function `_wrapped_model` contains input name(s) args_0, 625175, resource with unsupported characters which will be renamed to args_0_18, early_join_sageagg_private__op_embedding_embedding_embedding_lookup_625175, early_join_sageagg_sequential_3_dense_6_tensordot_readvariableop_resource in the SavedModel.
I1128 14:08:20.864042 139798689363776 save.py:289] Found untraced functions such as _update_step_xla while saving (showing 1 of 1). These functions will not be directly callable after loading.
INFO:tensorflow:Assets written to: /home/yuhaoge2/out/tpugraphs_tiles/model_5c8e47d1ec0636094298e56617c4077d/assets
I1128 14:08:21.554478 139798689363776 builder_impl.py:801] Assets written to: /home/yuhaoge2/out/tpugraphs_tiles/model_5c8e47d1ec0636094298e56617c4077d/assets
I1128 14:08:21.579564 139798689363776 fingerprinting_utils.py:49] Writing fingerprint to /home/yuhaoge2/out/tpugraphs_tiles/model_5c8e47d1ec0636094298e56617c4077d/fingerprint.pb
I1128 14:08:21.608063 139798689363776 train_lib.py:75] wrote /home/yuhaoge2/out/tpugraphs_tiles/model_5c8e47d1ec0636094298e56617c4077d
***  Wrote /home/yuhaoge2/out/tpugraphs_tiles/results_1701197316935.csv
