2023-11-28 16:42:30.678941: I tensorflow/core/util/port.cc:113] oneDNN custom operations are on. You may see slightly different numerical results due to floating-point round-off errors from different computation orders. To turn them off, set the environment variable `TF_ENABLE_ONEDNN_OPTS=0`.
2023-11-28 16:42:30.680889: I external/local_tsl/tsl/cuda/cudart_stub.cc:31] Could not find cuda drivers on your machine, GPU will not be used.
2023-11-28 16:42:30.712796: E external/local_xla/xla/stream_executor/cuda/cuda_dnn.cc:9261] Unable to register cuDNN factory: Attempting to register factory for plugin cuDNN when one has already been registered
2023-11-28 16:42:30.712822: E external/local_xla/xla/stream_executor/cuda/cuda_fft.cc:607] Unable to register cuFFT factory: Attempting to register factory for plugin cuFFT when one has already been registered
2023-11-28 16:42:30.713780: E external/local_xla/xla/stream_executor/cuda/cuda_blas.cc:1515] Unable to register cuBLAS factory: Attempting to register factory for plugin cuBLAS when one has already been registered
2023-11-28 16:42:30.719017: I external/local_tsl/tsl/cuda/cudart_stub.cc:31] Could not find cuda drivers on your machine, GPU will not be used.
2023-11-28 16:42:30.719196: I tensorflow/core/platform/cpu_feature_guard.cc:182] This TensorFlow binary is optimized to use available CPU instructions in performance-critical operations.
To enable the following instructions: AVX2 AVX512F AVX512_VNNI FMA, in other operations, rebuild TensorFlow with the appropriate compiler flags.
2023-11-28 16:42:31.317276: W tensorflow/compiler/tf2tensorrt/utils/py_utils.cc:38] TF-TRT Warning: Could not find TensorRT
2023-11-28 16:42:33.984103: W tensorflow/core/common_runtime/gpu/gpu_device.cc:2256] Cannot dlopen some GPU libraries. Please make sure the missing libraries mentioned above are installed properly if you would like to use GPU. Follow the guide at https://www.tensorflow.org/install/gpu for how to download and setup the required libraries for your platform.
Skipping registering GPU devices...
dataset cache file:  /home/yuhaoge2/data/tpugraphs/cache/tile/44c1d1b5b349d53913a79a6a496c4893-cache.npz
node_feat (225459, 140)
node_opcode (225459,)
edge_index (236894, 2)
config_feat (10947590, 24)
config_runtime (10947590,)
config_runtime_normalizers (10947590,)
edge_ranges (5626,)
node_ranges (5626,)
config_ranges (5626,)
tile_id (5625,)
loaded from /home/yuhaoge2/data/tpugraphs/cache/tile/44c1d1b5b349d53913a79a6a496c4893-cache.npz
dataset cache file:  /home/yuhaoge2/data/tpugraphs/cache/tile/a0d31b6910f2f0ab2ad99d48e6cecc27-cache.npz
node_feat (31699, 140)
node_opcode (31699,)
edge_index (33519, 2)
config_feat (1042735, 24)
config_runtime (1042735,)
config_runtime_normalizers (1042735,)
edge_ranges (677,)
node_ranges (677,)
config_ranges (677,)
tile_id (676,)
loaded from /home/yuhaoge2/data/tpugraphs/cache/tile/a0d31b6910f2f0ab2ad99d48e6cecc27-cache.npz
dataset cache file:  /home/yuhaoge2/data/tpugraphs/cache/tile/f49ccbd77dd342efcacfac025d19814e-cache.npz
node_feat (30749, 140)
node_opcode (30749,)
edge_index (31747, 2)
config_feat (1420536, 24)
config_runtime (1420536,)
config_runtime_normalizers (1420536,)
edge_ranges (845,)
node_ranges (845,)
config_ranges (845,)
tile_id (844,)
loaded from /home/yuhaoge2/data/tpugraphs/cache/tile/f49ccbd77dd342efcacfac025d19814e-cache.npz
model_name EarlyJoinSAGEAGGRes
model_class <class 'tpu_graphs.baselines.tiles.models.EarlyJoinSAGEAGGRes'>
140/140 [==============================] - 41s 258ms/step - loss: 3.0663 - opa_metric: 0.7237 - val_loss: 2.8501 - val_opa_metric: 0.7452
I1128 16:43:27.076922 140278730295104 train_lib.py:154]  * [@0] Validation (NEW BEST): 0.7452154159545898
I1128 16:43:27.077538 140278730295104 train_lib.py:70] wrote /home/yuhaoge2/out/tpugraphs_tiles/run_b5bafe6c5b60722a48140a257dbc37c7.jsonz
I1128 16:43:28.262293 140278730295104 signature_serialization.py:156] Function `_wrapped_model` contains input name(s) args_0, 6893, resource with unsupported characters which will be renamed to args_0_18, early_join_sageagg_res_private__op_embedding_embedding_embedding_lookup_6893, early_join_sageagg_res_sequential_3_dense_6_tensordot_readvariableop_resource in the SavedModel.
I1128 16:43:28.579140 140278730295104 save.py:289] Found untraced functions such as _update_step_xla while saving (showing 1 of 1). These functions will not be directly callable after loading.
INFO:tensorflow:Assets written to: /home/yuhaoge2/out/tpugraphs_tiles/model_b5bafe6c5b60722a48140a257dbc37c7/assets
I1128 16:43:29.040727 140278730295104 builder_impl.py:801] Assets written to: /home/yuhaoge2/out/tpugraphs_tiles/model_b5bafe6c5b60722a48140a257dbc37c7/assets
I1128 16:43:29.065848 140278730295104 fingerprinting_utils.py:49] Writing fingerprint to /home/yuhaoge2/out/tpugraphs_tiles/model_b5bafe6c5b60722a48140a257dbc37c7/fingerprint.pb
I1128 16:43:29.093593 140278730295104 train_lib.py:75] wrote /home/yuhaoge2/out/tpugraphs_tiles/model_b5bafe6c5b60722a48140a257dbc37c7
140/140 [==============================] - 35s 241ms/step - loss: 2.5085 - opa_metric: 0.7757 - val_loss: 2.2969 - val_opa_metric: 0.7984
I1128 16:44:04.513710 140278730295104 train_lib.py:154]  * [@1] Validation (NEW BEST): 0.7983843088150024
I1128 16:44:04.514523 140278730295104 train_lib.py:70] wrote /home/yuhaoge2/out/tpugraphs_tiles/run_b5bafe6c5b60722a48140a257dbc37c7.jsonz
I1128 16:44:05.517020 140278730295104 signature_serialization.py:156] Function `_wrapped_model` contains input name(s) args_0, 10506, resource with unsupported characters which will be renamed to args_0_18, early_join_sageagg_res_private__op_embedding_embedding_embedding_lookup_10506, early_join_sageagg_res_sequential_3_dense_6_tensordot_readvariableop_resource in the SavedModel.
I1128 16:44:05.794806 140278730295104 save.py:289] Found untraced functions such as _update_step_xla while saving (showing 1 of 1). These functions will not be directly callable after loading.
INFO:tensorflow:Assets written to: /home/yuhaoge2/out/tpugraphs_tiles/model_b5bafe6c5b60722a48140a257dbc37c7/assets
I1128 16:44:06.486279 140278730295104 builder_impl.py:801] Assets written to: /home/yuhaoge2/out/tpugraphs_tiles/model_b5bafe6c5b60722a48140a257dbc37c7/assets
I1128 16:44:06.511591 140278730295104 fingerprinting_utils.py:49] Writing fingerprint to /home/yuhaoge2/out/tpugraphs_tiles/model_b5bafe6c5b60722a48140a257dbc37c7/fingerprint.pb
I1128 16:44:06.538410 140278730295104 train_lib.py:75] wrote /home/yuhaoge2/out/tpugraphs_tiles/model_b5bafe6c5b60722a48140a257dbc37c7
140/140 [==============================] - 35s 238ms/step - loss: 2.2240 - opa_metric: 0.8032 - val_loss: 2.0079 - val_opa_metric: 0.8256
I1128 16:44:41.528399 140278730295104 train_lib.py:154]  * [@2] Validation (NEW BEST): 0.8255648016929626
I1128 16:44:41.529152 140278730295104 train_lib.py:70] wrote /home/yuhaoge2/out/tpugraphs_tiles/run_b5bafe6c5b60722a48140a257dbc37c7.jsonz
I1128 16:44:42.730821 140278730295104 signature_serialization.py:156] Function `_wrapped_model` contains input name(s) args_0, 14090, resource with unsupported characters which will be renamed to args_0_18, early_join_sageagg_res_private__op_embedding_embedding_embedding_lookup_14090, early_join_sageagg_res_sequential_3_dense_6_tensordot_readvariableop_resource in the SavedModel.
I1128 16:44:43.009226 140278730295104 save.py:289] Found untraced functions such as _update_step_xla while saving (showing 1 of 1). These functions will not be directly callable after loading.
INFO:tensorflow:Assets written to: /home/yuhaoge2/out/tpugraphs_tiles/model_b5bafe6c5b60722a48140a257dbc37c7/assets
I1128 16:44:43.680101 140278730295104 builder_impl.py:801] Assets written to: /home/yuhaoge2/out/tpugraphs_tiles/model_b5bafe6c5b60722a48140a257dbc37c7/assets
I1128 16:44:43.705794 140278730295104 fingerprinting_utils.py:49] Writing fingerprint to /home/yuhaoge2/out/tpugraphs_tiles/model_b5bafe6c5b60722a48140a257dbc37c7/fingerprint.pb
I1128 16:44:43.733625 140278730295104 train_lib.py:75] wrote /home/yuhaoge2/out/tpugraphs_tiles/model_b5bafe6c5b60722a48140a257dbc37c7
140/140 [==============================] - 35s 242ms/step - loss: 2.0268 - opa_metric: 0.8183 - val_loss: 1.9395 - val_opa_metric: 0.8370
I1128 16:45:19.088846 140278730295104 train_lib.py:154]  * [@3] Validation (NEW BEST): 0.837013304233551
I1128 16:45:19.089469 140278730295104 train_lib.py:70] wrote /home/yuhaoge2/out/tpugraphs_tiles/run_b5bafe6c5b60722a48140a257dbc37c7.jsonz
I1128 16:45:20.095147 140278730295104 signature_serialization.py:156] Function `_wrapped_model` contains input name(s) args_0, 17674, resource with unsupported characters which will be renamed to args_0_18, early_join_sageagg_res_private__op_embedding_embedding_embedding_lookup_17674, early_join_sageagg_res_sequential_3_dense_6_tensordot_readvariableop_resource in the SavedModel.
I1128 16:45:20.374576 140278730295104 save.py:289] Found untraced functions such as _update_step_xla while saving (showing 1 of 1). These functions will not be directly callable after loading.
INFO:tensorflow:Assets written to: /home/yuhaoge2/out/tpugraphs_tiles/model_b5bafe6c5b60722a48140a257dbc37c7/assets
I1128 16:45:21.044524 140278730295104 builder_impl.py:801] Assets written to: /home/yuhaoge2/out/tpugraphs_tiles/model_b5bafe6c5b60722a48140a257dbc37c7/assets
I1128 16:45:21.070029 140278730295104 fingerprinting_utils.py:49] Writing fingerprint to /home/yuhaoge2/out/tpugraphs_tiles/model_b5bafe6c5b60722a48140a257dbc37c7/fingerprint.pb
I1128 16:45:21.098480 140278730295104 train_lib.py:75] wrote /home/yuhaoge2/out/tpugraphs_tiles/model_b5bafe6c5b60722a48140a257dbc37c7
140/140 [==============================] - 35s 239ms/step - loss: 1.9886 - opa_metric: 0.8206 - val_loss: 1.8600 - val_opa_metric: 0.8340
140/140 [==============================] - 35s 237ms/step - loss: 1.8637 - opa_metric: 0.8293 - val_loss: 1.9239 - val_opa_metric: 0.8270
140/140 [==============================] - 36s 245ms/step - loss: 1.8066 - opa_metric: 0.8347 - val_loss: 1.8262 - val_opa_metric: 0.8379
I1128 16:47:07.084696 140278730295104 train_lib.py:154]  * [@6] Validation (NEW BEST): 0.8379489183425903
I1128 16:47:07.085499 140278730295104 train_lib.py:70] wrote /home/yuhaoge2/out/tpugraphs_tiles/run_b5bafe6c5b60722a48140a257dbc37c7.jsonz
I1128 16:47:08.093807 140278730295104 signature_serialization.py:156] Function `_wrapped_model` contains input name(s) args_0, 22642, resource with unsupported characters which will be renamed to args_0_18, early_join_sageagg_res_private__op_embedding_embedding_embedding_lookup_22642, early_join_sageagg_res_sequential_3_dense_6_tensordot_readvariableop_resource in the SavedModel.
I1128 16:47:08.588890 140278730295104 save.py:289] Found untraced functions such as _update_step_xla while saving (showing 1 of 1). These functions will not be directly callable after loading.
INFO:tensorflow:Assets written to: /home/yuhaoge2/out/tpugraphs_tiles/model_b5bafe6c5b60722a48140a257dbc37c7/assets
I1128 16:47:09.257848 140278730295104 builder_impl.py:801] Assets written to: /home/yuhaoge2/out/tpugraphs_tiles/model_b5bafe6c5b60722a48140a257dbc37c7/assets
I1128 16:47:09.283946 140278730295104 fingerprinting_utils.py:49] Writing fingerprint to /home/yuhaoge2/out/tpugraphs_tiles/model_b5bafe6c5b60722a48140a257dbc37c7/fingerprint.pb
I1128 16:47:09.313879 140278730295104 train_lib.py:75] wrote /home/yuhaoge2/out/tpugraphs_tiles/model_b5bafe6c5b60722a48140a257dbc37c7
140/140 [==============================] - 37s 251ms/step - loss: 1.7908 - opa_metric: 0.8361 - val_loss: 1.7391 - val_opa_metric: 0.8409
I1128 16:47:45.977593 140278730295104 train_lib.py:154]  * [@7] Validation (NEW BEST): 0.8408964276313782
I1128 16:47:45.978207 140278730295104 train_lib.py:70] wrote /home/yuhaoge2/out/tpugraphs_tiles/run_b5bafe6c5b60722a48140a257dbc37c7.jsonz
I1128 16:47:46.960002 140278730295104 signature_serialization.py:156] Function `_wrapped_model` contains input name(s) args_0, 26226, resource with unsupported characters which will be renamed to args_0_18, early_join_sageagg_res_private__op_embedding_embedding_embedding_lookup_26226, early_join_sageagg_res_sequential_3_dense_6_tensordot_readvariableop_resource in the SavedModel.
I1128 16:47:47.233220 140278730295104 save.py:289] Found untraced functions such as _update_step_xla while saving (showing 1 of 1). These functions will not be directly callable after loading.
INFO:tensorflow:Assets written to: /home/yuhaoge2/out/tpugraphs_tiles/model_b5bafe6c5b60722a48140a257dbc37c7/assets
I1128 16:47:47.894595 140278730295104 builder_impl.py:801] Assets written to: /home/yuhaoge2/out/tpugraphs_tiles/model_b5bafe6c5b60722a48140a257dbc37c7/assets
I1128 16:47:47.920050 140278730295104 fingerprinting_utils.py:49] Writing fingerprint to /home/yuhaoge2/out/tpugraphs_tiles/model_b5bafe6c5b60722a48140a257dbc37c7/fingerprint.pb
I1128 16:47:47.947291 140278730295104 train_lib.py:75] wrote /home/yuhaoge2/out/tpugraphs_tiles/model_b5bafe6c5b60722a48140a257dbc37c7
140/140 [==============================] - 37s 249ms/step - loss: 1.7257 - opa_metric: 0.8414 - val_loss: 1.7105 - val_opa_metric: 0.8496
I1128 16:48:24.680292 140278730295104 train_lib.py:154]  * [@8] Validation (NEW BEST): 0.849613606929779
I1128 16:48:24.681087 140278730295104 train_lib.py:70] wrote /home/yuhaoge2/out/tpugraphs_tiles/run_b5bafe6c5b60722a48140a257dbc37c7.jsonz
I1128 16:48:25.677052 140278730295104 signature_serialization.py:156] Function `_wrapped_model` contains input name(s) args_0, 29810, resource with unsupported characters which will be renamed to args_0_18, early_join_sageagg_res_private__op_embedding_embedding_embedding_lookup_29810, early_join_sageagg_res_sequential_3_dense_6_tensordot_readvariableop_resource in the SavedModel.
I1128 16:48:25.953140 140278730295104 save.py:289] Found untraced functions such as _update_step_xla while saving (showing 1 of 1). These functions will not be directly callable after loading.
INFO:tensorflow:Assets written to: /home/yuhaoge2/out/tpugraphs_tiles/model_b5bafe6c5b60722a48140a257dbc37c7/assets
I1128 16:48:26.832896 140278730295104 builder_impl.py:801] Assets written to: /home/yuhaoge2/out/tpugraphs_tiles/model_b5bafe6c5b60722a48140a257dbc37c7/assets
I1128 16:48:26.861747 140278730295104 fingerprinting_utils.py:49] Writing fingerprint to /home/yuhaoge2/out/tpugraphs_tiles/model_b5bafe6c5b60722a48140a257dbc37c7/fingerprint.pb
I1128 16:48:26.892882 140278730295104 train_lib.py:75] wrote /home/yuhaoge2/out/tpugraphs_tiles/model_b5bafe6c5b60722a48140a257dbc37c7
140/140 [==============================] - 37s 250ms/step - loss: 1.7185 - opa_metric: 0.8415 - val_loss: 1.8334 - val_opa_metric: 0.8292
140/140 [==============================] - 36s 249ms/step - loss: 1.6823 - opa_metric: 0.8437 - val_loss: 1.7011 - val_opa_metric: 0.8470
140/140 [==============================] - 36s 249ms/step - loss: 1.6495 - opa_metric: 0.8484 - val_loss: 1.6681 - val_opa_metric: 0.8442
140/140 [==============================] - 36s 243ms/step - loss: 1.6443 - opa_metric: 0.8484 - val_loss: 1.5884 - val_opa_metric: 0.8611
I1128 16:50:51.924650 140278730295104 train_lib.py:154]  * [@12] Validation (NEW BEST): 0.8610966205596924
I1128 16:50:51.925552 140278730295104 train_lib.py:70] wrote /home/yuhaoge2/out/tpugraphs_tiles/run_b5bafe6c5b60722a48140a257dbc37c7.jsonz
I1128 16:50:52.941744 140278730295104 signature_serialization.py:156] Function `_wrapped_model` contains input name(s) args_0, 35470, resource with unsupported characters which will be renamed to args_0_18, early_join_sageagg_res_private__op_embedding_embedding_embedding_lookup_35470, early_join_sageagg_res_sequential_3_dense_6_tensordot_readvariableop_resource in the SavedModel.
I1128 16:50:53.224361 140278730295104 save.py:289] Found untraced functions such as _update_step_xla while saving (showing 1 of 1). These functions will not be directly callable after loading.
INFO:tensorflow:Assets written to: /home/yuhaoge2/out/tpugraphs_tiles/model_b5bafe6c5b60722a48140a257dbc37c7/assets
I1128 16:50:53.920289 140278730295104 builder_impl.py:801] Assets written to: /home/yuhaoge2/out/tpugraphs_tiles/model_b5bafe6c5b60722a48140a257dbc37c7/assets
I1128 16:50:53.946076 140278730295104 fingerprinting_utils.py:49] Writing fingerprint to /home/yuhaoge2/out/tpugraphs_tiles/model_b5bafe6c5b60722a48140a257dbc37c7/fingerprint.pb
I1128 16:50:53.974351 140278730295104 train_lib.py:75] wrote /home/yuhaoge2/out/tpugraphs_tiles/model_b5bafe6c5b60722a48140a257dbc37c7
140/140 [==============================] - 35s 236ms/step - loss: 1.6092 - opa_metric: 0.8524 - val_loss: 1.6226 - val_opa_metric: 0.8547
140/140 [==============================] - 35s 236ms/step - loss: 1.5649 - opa_metric: 0.8554 - val_loss: 1.5792 - val_opa_metric: 0.8556
140/140 [==============================] - 34s 236ms/step - loss: 1.6152 - opa_metric: 0.8516 - val_loss: 1.6522 - val_opa_metric: 0.8500
140/140 [==============================] - 34s 235ms/step - loss: 1.5478 - opa_metric: 0.8577 - val_loss: 1.6787 - val_opa_metric: 0.8538
140/140 [==============================] - 34s 234ms/step - loss: 1.5349 - opa_metric: 0.8586 - val_loss: 1.6060 - val_opa_metric: 0.8552
140/140 [==============================] - 35s 240ms/step - loss: 1.4967 - opa_metric: 0.8636 - val_loss: 1.5539 - val_opa_metric: 0.8610
140/140 [==============================] - 34s 236ms/step - loss: 1.4872 - opa_metric: 0.8638 - val_loss: 1.5459 - val_opa_metric: 0.8674
I1128 16:54:55.033333 140278730295104 train_lib.py:154]  * [@19] Validation (NEW BEST): 0.8673842549324036
I1128 16:54:55.034242 140278730295104 train_lib.py:70] wrote /home/yuhaoge2/out/tpugraphs_tiles/run_b5bafe6c5b60722a48140a257dbc37c7.jsonz
I1128 16:54:56.054199 140278730295104 signature_serialization.py:156] Function `_wrapped_model` contains input name(s) args_0, 43206, resource with unsupported characters which will be renamed to args_0_18, early_join_sageagg_res_private__op_embedding_embedding_embedding_lookup_43206, early_join_sageagg_res_sequential_3_dense_6_tensordot_readvariableop_resource in the SavedModel.
I1128 16:54:56.338303 140278730295104 save.py:289] Found untraced functions such as _update_step_xla while saving (showing 1 of 1). These functions will not be directly callable after loading.
INFO:tensorflow:Assets written to: /home/yuhaoge2/out/tpugraphs_tiles/model_b5bafe6c5b60722a48140a257dbc37c7/assets
I1128 16:54:57.027147 140278730295104 builder_impl.py:801] Assets written to: /home/yuhaoge2/out/tpugraphs_tiles/model_b5bafe6c5b60722a48140a257dbc37c7/assets
I1128 16:54:57.052590 140278730295104 fingerprinting_utils.py:49] Writing fingerprint to /home/yuhaoge2/out/tpugraphs_tiles/model_b5bafe6c5b60722a48140a257dbc37c7/fingerprint.pb
I1128 16:54:57.082669 140278730295104 train_lib.py:75] wrote /home/yuhaoge2/out/tpugraphs_tiles/model_b5bafe6c5b60722a48140a257dbc37c7
140/140 [==============================] - 34s 236ms/step - loss: 1.5089 - opa_metric: 0.8619 - val_loss: 1.5807 - val_opa_metric: 0.8580
140/140 [==============================] - 34s 235ms/step - loss: 1.4835 - opa_metric: 0.8647 - val_loss: 1.5127 - val_opa_metric: 0.8666
140/140 [==============================] - 35s 236ms/step - loss: 1.4593 - opa_metric: 0.8670 - val_loss: 1.5095 - val_opa_metric: 0.8645
140/140 [==============================] - 35s 236ms/step - loss: 1.4593 - opa_metric: 0.8673 - val_loss: 1.5823 - val_opa_metric: 0.8562
140/140 [==============================] - 34s 236ms/step - loss: 1.4569 - opa_metric: 0.8681 - val_loss: 1.4998 - val_opa_metric: 0.8679
I1128 16:57:49.652706 140278730295104 train_lib.py:154]  * [@24] Validation (NEW BEST): 0.8679192662239075
I1128 16:57:49.653618 140278730295104 train_lib.py:70] wrote /home/yuhaoge2/out/tpugraphs_tiles/run_b5bafe6c5b60722a48140a257dbc37c7.jsonz
I1128 16:57:50.916497 140278730295104 signature_serialization.py:156] Function `_wrapped_model` contains input name(s) args_0, 49558, resource with unsupported characters which will be renamed to args_0_18, early_join_sageagg_res_private__op_embedding_embedding_embedding_lookup_49558, early_join_sageagg_res_sequential_3_dense_6_tensordot_readvariableop_resource in the SavedModel.
I1128 16:57:51.196487 140278730295104 save.py:289] Found untraced functions such as _update_step_xla while saving (showing 1 of 1). These functions will not be directly callable after loading.
INFO:tensorflow:Assets written to: /home/yuhaoge2/out/tpugraphs_tiles/model_b5bafe6c5b60722a48140a257dbc37c7/assets
I1128 16:57:51.851606 140278730295104 builder_impl.py:801] Assets written to: /home/yuhaoge2/out/tpugraphs_tiles/model_b5bafe6c5b60722a48140a257dbc37c7/assets
I1128 16:57:51.877286 140278730295104 fingerprinting_utils.py:49] Writing fingerprint to /home/yuhaoge2/out/tpugraphs_tiles/model_b5bafe6c5b60722a48140a257dbc37c7/fingerprint.pb
I1128 16:57:51.906542 140278730295104 train_lib.py:75] wrote /home/yuhaoge2/out/tpugraphs_tiles/model_b5bafe6c5b60722a48140a257dbc37c7
140/140 [==============================] - 34s 236ms/step - loss: 1.4340 - opa_metric: 0.8694 - val_loss: 1.5183 - val_opa_metric: 0.8628
140/140 [==============================] - 34s 235ms/step - loss: 1.4424 - opa_metric: 0.8698 - val_loss: 1.6001 - val_opa_metric: 0.8584
140/140 [==============================] - 34s 236ms/step - loss: 1.4469 - opa_metric: 0.8682 - val_loss: 1.4333 - val_opa_metric: 0.8724
I1128 16:59:34.839838 140278730295104 train_lib.py:154]  * [@27] Validation (NEW BEST): 0.8724063634872437
I1128 16:59:34.840810 140278730295104 train_lib.py:70] wrote /home/yuhaoge2/out/tpugraphs_tiles/run_b5bafe6c5b60722a48140a257dbc37c7.jsonz
I1128 16:59:35.849610 140278730295104 signature_serialization.py:156] Function `_wrapped_model` contains input name(s) args_0, 54526, resource with unsupported characters which will be renamed to args_0_18, early_join_sageagg_res_private__op_embedding_embedding_embedding_lookup_54526, early_join_sageagg_res_sequential_3_dense_6_tensordot_readvariableop_resource in the SavedModel.
I1128 16:59:36.129164 140278730295104 save.py:289] Found untraced functions such as _update_step_xla while saving (showing 1 of 1). These functions will not be directly callable after loading.
INFO:tensorflow:Assets written to: /home/yuhaoge2/out/tpugraphs_tiles/model_b5bafe6c5b60722a48140a257dbc37c7/assets
I1128 16:59:36.842911 140278730295104 builder_impl.py:801] Assets written to: /home/yuhaoge2/out/tpugraphs_tiles/model_b5bafe6c5b60722a48140a257dbc37c7/assets
I1128 16:59:36.868494 140278730295104 fingerprinting_utils.py:49] Writing fingerprint to /home/yuhaoge2/out/tpugraphs_tiles/model_b5bafe6c5b60722a48140a257dbc37c7/fingerprint.pb
I1128 16:59:36.897334 140278730295104 train_lib.py:75] wrote /home/yuhaoge2/out/tpugraphs_tiles/model_b5bafe6c5b60722a48140a257dbc37c7
140/140 [==============================] - 35s 236ms/step - loss: 1.4446 - opa_metric: 0.8697 - val_loss: 1.5542 - val_opa_metric: 0.8652
140/140 [==============================] - 34s 237ms/step - loss: 1.4273 - opa_metric: 0.8703 - val_loss: 1.5140 - val_opa_metric: 0.8659
140/140 [==============================] - 34s 235ms/step - loss: 1.4120 - opa_metric: 0.8725 - val_loss: 1.5028 - val_opa_metric: 0.8648
140/140 [==============================] - 34s 236ms/step - loss: 1.3897 - opa_metric: 0.8740 - val_loss: 1.4412 - val_opa_metric: 0.8721
140/140 [==============================] - 34s 235ms/step - loss: 1.4142 - opa_metric: 0.8716 - val_loss: 1.4915 - val_opa_metric: 0.8656
140/140 [==============================] - 34s 234ms/step - loss: 1.4034 - opa_metric: 0.8722 - val_loss: 1.4705 - val_opa_metric: 0.8701
140/140 [==============================] - 34s 237ms/step - loss: 1.4043 - opa_metric: 0.8725 - val_loss: 1.4310 - val_opa_metric: 0.8745
I1128 17:03:36.796764 140278730295104 train_lib.py:154]  * [@34] Validation (NEW BEST): 0.8744562864303589
I1128 17:03:36.797789 140278730295104 train_lib.py:70] wrote /home/yuhaoge2/out/tpugraphs_tiles/run_b5bafe6c5b60722a48140a257dbc37c7.jsonz
I1128 17:03:38.033228 140278730295104 signature_serialization.py:156] Function `_wrapped_model` contains input name(s) args_0, 62262, resource with unsupported characters which will be renamed to args_0_18, early_join_sageagg_res_private__op_embedding_embedding_embedding_lookup_62262, early_join_sageagg_res_sequential_3_dense_6_tensordot_readvariableop_resource in the SavedModel.
I1128 17:03:38.315167 140278730295104 save.py:289] Found untraced functions such as _update_step_xla while saving (showing 1 of 1). These functions will not be directly callable after loading.
INFO:tensorflow:Assets written to: /home/yuhaoge2/out/tpugraphs_tiles/model_b5bafe6c5b60722a48140a257dbc37c7/assets
I1128 17:03:39.042352 140278730295104 builder_impl.py:801] Assets written to: /home/yuhaoge2/out/tpugraphs_tiles/model_b5bafe6c5b60722a48140a257dbc37c7/assets
I1128 17:03:39.068078 140278730295104 fingerprinting_utils.py:49] Writing fingerprint to /home/yuhaoge2/out/tpugraphs_tiles/model_b5bafe6c5b60722a48140a257dbc37c7/fingerprint.pb
I1128 17:03:39.099955 140278730295104 train_lib.py:75] wrote /home/yuhaoge2/out/tpugraphs_tiles/model_b5bafe6c5b60722a48140a257dbc37c7
140/140 [==============================] - 34s 234ms/step - loss: 1.3888 - opa_metric: 0.8729 - val_loss: 1.4129 - val_opa_metric: 0.8721
140/140 [==============================] - 35s 240ms/step - loss: 1.4042 - opa_metric: 0.8719 - val_loss: 1.4029 - val_opa_metric: 0.8727
140/140 [==============================] - 36s 247ms/step - loss: 1.3756 - opa_metric: 0.8750 - val_loss: 1.5281 - val_opa_metric: 0.8691
140/140 [==============================] - 36s 247ms/step - loss: 1.3915 - opa_metric: 0.8737 - val_loss: 1.4379 - val_opa_metric: 0.8734
140/140 [==============================] - 36s 248ms/step - loss: 1.3677 - opa_metric: 0.8761 - val_loss: 1.4263 - val_opa_metric: 0.8769
I1128 17:06:35.989494 140278730295104 train_lib.py:154]  * [@39] Validation (NEW BEST): 0.8768888115882874
I1128 17:06:35.990528 140278730295104 train_lib.py:70] wrote /home/yuhaoge2/out/tpugraphs_tiles/run_b5bafe6c5b60722a48140a257dbc37c7.jsonz
I1128 17:06:36.999013 140278730295104 signature_serialization.py:156] Function `_wrapped_model` contains input name(s) args_0, 68614, resource with unsupported characters which will be renamed to args_0_18, early_join_sageagg_res_private__op_embedding_embedding_embedding_lookup_68614, early_join_sageagg_res_sequential_3_dense_6_tensordot_readvariableop_resource in the SavedModel.
I1128 17:06:37.279861 140278730295104 save.py:289] Found untraced functions such as _update_step_xla while saving (showing 1 of 1). These functions will not be directly callable after loading.
INFO:tensorflow:Assets written to: /home/yuhaoge2/out/tpugraphs_tiles/model_b5bafe6c5b60722a48140a257dbc37c7/assets
I1128 17:06:37.976167 140278730295104 builder_impl.py:801] Assets written to: /home/yuhaoge2/out/tpugraphs_tiles/model_b5bafe6c5b60722a48140a257dbc37c7/assets
I1128 17:06:38.001912 140278730295104 fingerprinting_utils.py:49] Writing fingerprint to /home/yuhaoge2/out/tpugraphs_tiles/model_b5bafe6c5b60722a48140a257dbc37c7/fingerprint.pb
I1128 17:06:38.029771 140278730295104 train_lib.py:75] wrote /home/yuhaoge2/out/tpugraphs_tiles/model_b5bafe6c5b60722a48140a257dbc37c7
140/140 [==============================] - 36s 247ms/step - loss: 1.3881 - opa_metric: 0.8744 - val_loss: 1.5005 - val_opa_metric: 0.8643
140/140 [==============================] - 36s 247ms/step - loss: 1.3768 - opa_metric: 0.8752 - val_loss: 1.4311 - val_opa_metric: 0.8722
140/140 [==============================] - 35s 244ms/step - loss: 1.3779 - opa_metric: 0.8748 - val_loss: 1.4560 - val_opa_metric: 0.8715
140/140 [==============================] - 34s 235ms/step - loss: 1.3638 - opa_metric: 0.8756 - val_loss: 1.3778 - val_opa_metric: 0.8800
I1128 17:08:58.835195 140278730295104 train_lib.py:154]  * [@43] Validation (NEW BEST): 0.8799623847007751
I1128 17:08:58.836254 140278730295104 train_lib.py:70] wrote /home/yuhaoge2/out/tpugraphs_tiles/run_b5bafe6c5b60722a48140a257dbc37c7.jsonz
I1128 17:09:00.067137 140278730295104 signature_serialization.py:156] Function `_wrapped_model` contains input name(s) args_0, 74274, resource with unsupported characters which will be renamed to args_0_18, early_join_sageagg_res_private__op_embedding_embedding_embedding_lookup_74274, early_join_sageagg_res_sequential_3_dense_6_tensordot_readvariableop_resource in the SavedModel.
I1128 17:09:00.348254 140278730295104 save.py:289] Found untraced functions such as _update_step_xla while saving (showing 1 of 1). These functions will not be directly callable after loading.
INFO:tensorflow:Assets written to: /home/yuhaoge2/out/tpugraphs_tiles/model_b5bafe6c5b60722a48140a257dbc37c7/assets
I1128 17:09:00.988363 140278730295104 builder_impl.py:801] Assets written to: /home/yuhaoge2/out/tpugraphs_tiles/model_b5bafe6c5b60722a48140a257dbc37c7/assets
I1128 17:09:01.013942 140278730295104 fingerprinting_utils.py:49] Writing fingerprint to /home/yuhaoge2/out/tpugraphs_tiles/model_b5bafe6c5b60722a48140a257dbc37c7/fingerprint.pb
I1128 17:09:01.042306 140278730295104 train_lib.py:75] wrote /home/yuhaoge2/out/tpugraphs_tiles/model_b5bafe6c5b60722a48140a257dbc37c7
140/140 [==============================] - 34s 236ms/step - loss: 1.3526 - opa_metric: 0.8779 - val_loss: 1.4455 - val_opa_metric: 0.8723
140/140 [==============================] - 35s 235ms/step - loss: 1.3453 - opa_metric: 0.8781 - val_loss: 1.3874 - val_opa_metric: 0.8767
140/140 [==============================] - 34s 236ms/step - loss: 1.3653 - opa_metric: 0.8772 - val_loss: 1.4044 - val_opa_metric: 0.8760
140/140 [==============================] - 35s 236ms/step - loss: 1.3530 - opa_metric: 0.8765 - val_loss: 1.4790 - val_opa_metric: 0.8711
140/140 [==============================] - 34s 234ms/step - loss: 1.3366 - opa_metric: 0.8783 - val_loss: 1.4031 - val_opa_metric: 0.8755
140/140 [==============================] - 34s 234ms/step - loss: 1.3429 - opa_metric: 0.8794 - val_loss: 1.3425 - val_opa_metric: 0.8803
I1128 17:12:28.040839 140278730295104 train_lib.py:154]  * [@49] Validation (NEW BEST): 0.8803481459617615
I1128 17:12:28.041754 140278730295104 train_lib.py:70] wrote /home/yuhaoge2/out/tpugraphs_tiles/run_b5bafe6c5b60722a48140a257dbc37c7.jsonz
I1128 17:12:29.036548 140278730295104 signature_serialization.py:156] Function `_wrapped_model` contains input name(s) args_0, 81318, resource with unsupported characters which will be renamed to args_0_18, early_join_sageagg_res_private__op_embedding_embedding_embedding_lookup_81318, early_join_sageagg_res_sequential_3_dense_6_tensordot_readvariableop_resource in the SavedModel.
I1128 17:12:29.314498 140278730295104 save.py:289] Found untraced functions such as _update_step_xla while saving (showing 1 of 1). These functions will not be directly callable after loading.
INFO:tensorflow:Assets written to: /home/yuhaoge2/out/tpugraphs_tiles/model_b5bafe6c5b60722a48140a257dbc37c7/assets
I1128 17:12:29.949929 140278730295104 builder_impl.py:801] Assets written to: /home/yuhaoge2/out/tpugraphs_tiles/model_b5bafe6c5b60722a48140a257dbc37c7/assets
I1128 17:12:29.975303 140278730295104 fingerprinting_utils.py:49] Writing fingerprint to /home/yuhaoge2/out/tpugraphs_tiles/model_b5bafe6c5b60722a48140a257dbc37c7/fingerprint.pb
I1128 17:12:30.004097 140278730295104 train_lib.py:75] wrote /home/yuhaoge2/out/tpugraphs_tiles/model_b5bafe6c5b60722a48140a257dbc37c7
140/140 [==============================] - 34s 234ms/step - loss: 1.3391 - opa_metric: 0.8790 - val_loss: 1.3699 - val_opa_metric: 0.8793
140/140 [==============================] - 34s 236ms/step - loss: 1.3510 - opa_metric: 0.8774 - val_loss: 1.4199 - val_opa_metric: 0.8744
140/140 [==============================] - 34s 235ms/step - loss: 1.3094 - opa_metric: 0.8813 - val_loss: 1.4087 - val_opa_metric: 0.8715
140/140 [==============================] - 34s 235ms/step - loss: 1.3327 - opa_metric: 0.8782 - val_loss: 1.4184 - val_opa_metric: 0.8763
140/140 [==============================] - 34s 236ms/step - loss: 1.3431 - opa_metric: 0.8784 - val_loss: 1.4351 - val_opa_metric: 0.8717
140/140 [==============================] - 34s 234ms/step - loss: 1.3300 - opa_metric: 0.8791 - val_loss: 1.3757 - val_opa_metric: 0.8740
140/140 [==============================] - 34s 234ms/step - loss: 1.3252 - opa_metric: 0.8795 - val_loss: 1.3927 - val_opa_metric: 0.8788
140/140 [==============================] - 34s 235ms/step - loss: 1.3095 - opa_metric: 0.8811 - val_loss: 1.3762 - val_opa_metric: 0.8775
140/140 [==============================] - 34s 233ms/step - loss: 1.3235 - opa_metric: 0.8793 - val_loss: 1.4651 - val_opa_metric: 0.8731
140/140 [==============================] - 34s 235ms/step - loss: 1.3328 - opa_metric: 0.8785 - val_loss: 1.3328 - val_opa_metric: 0.8847
I1128 17:18:12.550962 140278730295104 train_lib.py:154]  * [@59] Validation (NEW BEST): 0.8847305178642273
I1128 17:18:12.552115 140278730295104 train_lib.py:70] wrote /home/yuhaoge2/out/tpugraphs_tiles/run_b5bafe6c5b60722a48140a257dbc37c7.jsonz
I1128 17:18:13.771836 140278730295104 signature_serialization.py:156] Function `_wrapped_model` contains input name(s) args_0, 91130, resource with unsupported characters which will be renamed to args_0_18, early_join_sageagg_res_private__op_embedding_embedding_embedding_lookup_91130, early_join_sageagg_res_sequential_3_dense_6_tensordot_readvariableop_resource in the SavedModel.
I1128 17:18:14.050581 140278730295104 save.py:289] Found untraced functions such as _update_step_xla while saving (showing 1 of 1). These functions will not be directly callable after loading.
INFO:tensorflow:Assets written to: /home/yuhaoge2/out/tpugraphs_tiles/model_b5bafe6c5b60722a48140a257dbc37c7/assets
I1128 17:18:14.712049 140278730295104 builder_impl.py:801] Assets written to: /home/yuhaoge2/out/tpugraphs_tiles/model_b5bafe6c5b60722a48140a257dbc37c7/assets
I1128 17:18:14.738086 140278730295104 fingerprinting_utils.py:49] Writing fingerprint to /home/yuhaoge2/out/tpugraphs_tiles/model_b5bafe6c5b60722a48140a257dbc37c7/fingerprint.pb
I1128 17:18:14.771084 140278730295104 train_lib.py:75] wrote /home/yuhaoge2/out/tpugraphs_tiles/model_b5bafe6c5b60722a48140a257dbc37c7
140/140 [==============================] - 35s 236ms/step - loss: 1.3117 - opa_metric: 0.8805 - val_loss: 1.4294 - val_opa_metric: 0.8749
140/140 [==============================] - 35s 237ms/step - loss: 1.3309 - opa_metric: 0.8801 - val_loss: 1.3397 - val_opa_metric: 0.8793
140/140 [==============================] - 35s 238ms/step - loss: 1.3069 - opa_metric: 0.8819 - val_loss: 1.3349 - val_opa_metric: 0.8830
140/140 [==============================] - 36s 245ms/step - loss: 1.3096 - opa_metric: 0.8809 - val_loss: 1.3816 - val_opa_metric: 0.8765
140/140 [==============================] - 36s 247ms/step - loss: 1.2953 - opa_metric: 0.8827 - val_loss: 1.3292 - val_opa_metric: 0.8820
140/140 [==============================] - 35s 246ms/step - loss: 1.3016 - opa_metric: 0.8812 - val_loss: 1.3998 - val_opa_metric: 0.8762
140/140 [==============================] - 36s 247ms/step - loss: 1.3070 - opa_metric: 0.8814 - val_loss: 1.4684 - val_opa_metric: 0.8769
140/140 [==============================] - 36s 248ms/step - loss: 1.3049 - opa_metric: 0.8829 - val_loss: 1.3691 - val_opa_metric: 0.8795
140/140 [==============================] - 36s 246ms/step - loss: 1.3155 - opa_metric: 0.8810 - val_loss: 1.4342 - val_opa_metric: 0.8709
140/140 [==============================] - 34s 235ms/step - loss: 1.3061 - opa_metric: 0.8815 - val_loss: 1.3512 - val_opa_metric: 0.8807
140/140 [==============================] - 34s 236ms/step - loss: 1.3027 - opa_metric: 0.8818 - val_loss: 1.3620 - val_opa_metric: 0.8777
140/140 [==============================] - 34s 235ms/step - loss: 1.2893 - opa_metric: 0.8830 - val_loss: 1.3552 - val_opa_metric: 0.8805
140/140 [==============================] - 34s 234ms/step - loss: 1.2909 - opa_metric: 0.8828 - val_loss: 1.3360 - val_opa_metric: 0.8819
140/140 [==============================] - 34s 235ms/step - loss: 1.2980 - opa_metric: 0.8829 - val_loss: 1.3504 - val_opa_metric: 0.8808
140/140 [==============================] - 34s 234ms/step - loss: 1.2997 - opa_metric: 0.8827 - val_loss: 1.3466 - val_opa_metric: 0.8820
140/140 [==============================] - 34s 234ms/step - loss: 1.3082 - opa_metric: 0.8815 - val_loss: 1.3539 - val_opa_metric: 0.8801
140/140 [==============================] - 34s 236ms/step - loss: 1.2843 - opa_metric: 0.8846 - val_loss: 1.3862 - val_opa_metric: 0.8766
140/140 [==============================] - 34s 235ms/step - loss: 1.3038 - opa_metric: 0.8822 - val_loss: 1.3622 - val_opa_metric: 0.8827
140/140 [==============================] - 34s 234ms/step - loss: 1.2824 - opa_metric: 0.8835 - val_loss: 1.3212 - val_opa_metric: 0.8827
140/140 [==============================] - 34s 234ms/step - loss: 1.2797 - opa_metric: 0.8835 - val_loss: 1.3144 - val_opa_metric: 0.8855
I1128 17:29:51.354125 140278730295104 train_lib.py:154]  * [@79] Validation (NEW BEST): 0.8854648470878601
I1128 17:29:51.355442 140278730295104 train_lib.py:70] wrote /home/yuhaoge2/out/tpugraphs_tiles/run_b5bafe6c5b60722a48140a257dbc37c7.jsonz
I1128 17:29:52.368832 140278730295104 signature_serialization.py:156] Function `_wrapped_model` contains input name(s) args_0, 107862, resource with unsupported characters which will be renamed to args_0_18, early_join_sageagg_res_private__op_embedding_embedding_embedding_lookup_107862, early_join_sageagg_res_sequential_3_dense_6_tensordot_readvariableop_resource in the SavedModel.
I1128 17:29:52.648368 140278730295104 save.py:289] Found untraced functions such as _update_step_xla while saving (showing 1 of 1). These functions will not be directly callable after loading.
INFO:tensorflow:Assets written to: /home/yuhaoge2/out/tpugraphs_tiles/model_b5bafe6c5b60722a48140a257dbc37c7/assets
I1128 17:29:53.323987 140278730295104 builder_impl.py:801] Assets written to: /home/yuhaoge2/out/tpugraphs_tiles/model_b5bafe6c5b60722a48140a257dbc37c7/assets
I1128 17:29:53.349646 140278730295104 fingerprinting_utils.py:49] Writing fingerprint to /home/yuhaoge2/out/tpugraphs_tiles/model_b5bafe6c5b60722a48140a257dbc37c7/fingerprint.pb
I1128 17:29:53.377684 140278730295104 train_lib.py:75] wrote /home/yuhaoge2/out/tpugraphs_tiles/model_b5bafe6c5b60722a48140a257dbc37c7
140/140 [==============================] - 34s 234ms/step - loss: 1.2749 - opa_metric: 0.8846 - val_loss: 1.3479 - val_opa_metric: 0.8808
140/140 [==============================] - 34s 233ms/step - loss: 1.2972 - opa_metric: 0.8828 - val_loss: 1.3994 - val_opa_metric: 0.8751
140/140 [==============================] - 34s 234ms/step - loss: 1.2950 - opa_metric: 0.8816 - val_loss: 1.3760 - val_opa_metric: 0.8750
140/140 [==============================] - 35s 237ms/step - loss: 1.2830 - opa_metric: 0.8833 - val_loss: 1.3403 - val_opa_metric: 0.8823
140/140 [==============================] - 34s 234ms/step - loss: 1.2910 - opa_metric: 0.8820 - val_loss: 1.3256 - val_opa_metric: 0.8827
140/140 [==============================] - 34s 235ms/step - loss: 1.2712 - opa_metric: 0.8855 - val_loss: 1.3260 - val_opa_metric: 0.8828
140/140 [==============================] - 34s 234ms/step - loss: 1.2799 - opa_metric: 0.8835 - val_loss: 1.3479 - val_opa_metric: 0.8783
140/140 [==============================] - 34s 235ms/step - loss: 1.2662 - opa_metric: 0.8850 - val_loss: 1.3323 - val_opa_metric: 0.8821
140/140 [==============================] - 34s 235ms/step - loss: 1.2620 - opa_metric: 0.8851 - val_loss: 1.3287 - val_opa_metric: 0.8823
140/140 [==============================] - 34s 234ms/step - loss: 1.2768 - opa_metric: 0.8844 - val_loss: 1.3018 - val_opa_metric: 0.8866
I1128 17:35:36.058192 140278730295104 train_lib.py:154]  * [@89] Validation (NEW BEST): 0.8866446018218994
I1128 17:35:36.059540 140278730295104 train_lib.py:70] wrote /home/yuhaoge2/out/tpugraphs_tiles/run_b5bafe6c5b60722a48140a257dbc37c7.jsonz
I1128 17:35:37.056431 140278730295104 signature_serialization.py:156] Function `_wrapped_model` contains input name(s) args_0, 117674, resource with unsupported characters which will be renamed to args_0_18, early_join_sageagg_res_private__op_embedding_embedding_embedding_lookup_117674, early_join_sageagg_res_sequential_3_dense_6_tensordot_readvariableop_resource in the SavedModel.
I1128 17:35:37.545066 140278730295104 save.py:289] Found untraced functions such as _update_step_xla while saving (showing 1 of 1). These functions will not be directly callable after loading.
INFO:tensorflow:Assets written to: /home/yuhaoge2/out/tpugraphs_tiles/model_b5bafe6c5b60722a48140a257dbc37c7/assets
I1128 17:35:38.211978 140278730295104 builder_impl.py:801] Assets written to: /home/yuhaoge2/out/tpugraphs_tiles/model_b5bafe6c5b60722a48140a257dbc37c7/assets
I1128 17:35:38.238447 140278730295104 fingerprinting_utils.py:49] Writing fingerprint to /home/yuhaoge2/out/tpugraphs_tiles/model_b5bafe6c5b60722a48140a257dbc37c7/fingerprint.pb
I1128 17:35:38.272274 140278730295104 train_lib.py:75] wrote /home/yuhaoge2/out/tpugraphs_tiles/model_b5bafe6c5b60722a48140a257dbc37c7
140/140 [==============================] - 34s 234ms/step - loss: 1.2661 - opa_metric: 0.8865 - val_loss: 1.2882 - val_opa_metric: 0.8849
140/140 [==============================] - 34s 234ms/step - loss: 1.2776 - opa_metric: 0.8843 - val_loss: 1.3655 - val_opa_metric: 0.8785
140/140 [==============================] - 35s 238ms/step - loss: 1.2680 - opa_metric: 0.8852 - val_loss: 1.3903 - val_opa_metric: 0.8760
140/140 [==============================] - 35s 245ms/step - loss: 1.2778 - opa_metric: 0.8840 - val_loss: 1.3778 - val_opa_metric: 0.8776
140/140 [==============================] - 36s 247ms/step - loss: 1.2765 - opa_metric: 0.8841 - val_loss: 1.3005 - val_opa_metric: 0.8846
140/140 [==============================] - 36s 246ms/step - loss: 1.2784 - opa_metric: 0.8851 - val_loss: 1.2913 - val_opa_metric: 0.8879
I1128 17:39:09.789097 140278730295104 train_lib.py:154]  * [@95] Validation (NEW BEST): 0.8878716230392456
I1128 17:39:09.790567 140278730295104 train_lib.py:70] wrote /home/yuhaoge2/out/tpugraphs_tiles/run_b5bafe6c5b60722a48140a257dbc37c7.jsonz
I1128 17:39:10.785821 140278730295104 signature_serialization.py:156] Function `_wrapped_model` contains input name(s) args_0, 124718, resource with unsupported characters which will be renamed to args_0_18, early_join_sageagg_res_private__op_embedding_embedding_embedding_lookup_124718, early_join_sageagg_res_sequential_3_dense_6_tensordot_readvariableop_resource in the SavedModel.
I1128 17:39:11.060568 140278730295104 save.py:289] Found untraced functions such as _update_step_xla while saving (showing 1 of 1). These functions will not be directly callable after loading.
INFO:tensorflow:Assets written to: /home/yuhaoge2/out/tpugraphs_tiles/model_b5bafe6c5b60722a48140a257dbc37c7/assets
I1128 17:39:11.724745 140278730295104 builder_impl.py:801] Assets written to: /home/yuhaoge2/out/tpugraphs_tiles/model_b5bafe6c5b60722a48140a257dbc37c7/assets
I1128 17:39:11.750474 140278730295104 fingerprinting_utils.py:49] Writing fingerprint to /home/yuhaoge2/out/tpugraphs_tiles/model_b5bafe6c5b60722a48140a257dbc37c7/fingerprint.pb
I1128 17:39:11.778261 140278730295104 train_lib.py:75] wrote /home/yuhaoge2/out/tpugraphs_tiles/model_b5bafe6c5b60722a48140a257dbc37c7
140/140 [==============================] - 36s 247ms/step - loss: 1.2819 - opa_metric: 0.8853 - val_loss: 1.3100 - val_opa_metric: 0.8867
140/140 [==============================] - 36s 246ms/step - loss: 1.2579 - opa_metric: 0.8862 - val_loss: 1.3126 - val_opa_metric: 0.8830
140/140 [==============================] - 36s 248ms/step - loss: 1.2544 - opa_metric: 0.8859 - val_loss: 1.3557 - val_opa_metric: 0.8845
140/140 [==============================] - 34s 238ms/step - loss: 1.2578 - opa_metric: 0.8872 - val_loss: 1.3219 - val_opa_metric: 0.8836
140/140 [==============================] - 34s 235ms/step - loss: 1.2530 - opa_metric: 0.8871 - val_loss: 1.2859 - val_opa_metric: 0.8852
140/140 [==============================] - 34s 233ms/step - loss: 1.2459 - opa_metric: 0.8877 - val_loss: 1.3039 - val_opa_metric: 0.8857
140/140 [==============================] - 34s 234ms/step - loss: 1.2498 - opa_metric: 0.8862 - val_loss: 1.3201 - val_opa_metric: 0.8849
140/140 [==============================] - 34s 235ms/step - loss: 1.2689 - opa_metric: 0.8852 - val_loss: 1.3564 - val_opa_metric: 0.8799
140/140 [==============================] - 34s 236ms/step - loss: 1.2545 - opa_metric: 0.8867 - val_loss: 1.3465 - val_opa_metric: 0.8793
140/140 [==============================] - 34s 234ms/step - loss: 1.2795 - opa_metric: 0.8849 - val_loss: 1.3849 - val_opa_metric: 0.8796
140/140 [==============================] - 34s 234ms/step - loss: 1.2549 - opa_metric: 0.8867 - val_loss: 1.3543 - val_opa_metric: 0.8840
140/140 [==============================] - 34s 233ms/step - loss: 1.2532 - opa_metric: 0.8860 - val_loss: 1.3000 - val_opa_metric: 0.8859
140/140 [==============================] - 34s 233ms/step - loss: 1.2469 - opa_metric: 0.8873 - val_loss: 1.3354 - val_opa_metric: 0.8824
140/140 [==============================] - 34s 234ms/step - loss: 1.2519 - opa_metric: 0.8863 - val_loss: 1.3177 - val_opa_metric: 0.8849
140/140 [==============================] - 34s 233ms/step - loss: 1.2509 - opa_metric: 0.8867 - val_loss: 1.2856 - val_opa_metric: 0.8825
140/140 [==============================] - 34s 233ms/step - loss: 1.2479 - opa_metric: 0.8870 - val_loss: 1.3446 - val_opa_metric: 0.8816
140/140 [==============================] - 34s 234ms/step - loss: 1.2605 - opa_metric: 0.8860 - val_loss: 1.3800 - val_opa_metric: 0.8778
140/140 [==============================] - 34s 234ms/step - loss: 1.2506 - opa_metric: 0.8875 - val_loss: 1.2949 - val_opa_metric: 0.8878
140/140 [==============================] - 34s 235ms/step - loss: 1.2408 - opa_metric: 0.8879 - val_loss: 1.2930 - val_opa_metric: 0.8847
140/140 [==============================] - 34s 235ms/step - loss: 1.2283 - opa_metric: 0.8888 - val_loss: 1.3373 - val_opa_metric: 0.8850
I1128 17:50:41.402692 140278730295104 train_lib.py:158] [@115] Best accuracy was attained at epoch 95. Stopping.
I1128 18:03:05.533733 140278730295104 train_lib.py:70] wrote /home/yuhaoge2/out/tpugraphs_tiles/run_b5bafe6c5b60722a48140a257dbc37c7.jsonz
I1128 18:03:06.768998 140278730295104 signature_serialization.py:156] Function `_wrapped_model` contains input name(s) args_0, 613254, resource with unsupported characters which will be renamed to args_0_18, early_join_sageagg_res_private__op_embedding_embedding_embedding_lookup_613254, early_join_sageagg_res_sequential_3_dense_6_tensordot_readvariableop_resource in the SavedModel.
I1128 18:03:07.050157 140278730295104 save.py:289] Found untraced functions such as _update_step_xla while saving (showing 1 of 1). These functions will not be directly callable after loading.
INFO:tensorflow:Assets written to: /home/yuhaoge2/out/tpugraphs_tiles/model_b5bafe6c5b60722a48140a257dbc37c7/assets
I1128 18:03:07.731390 140278730295104 builder_impl.py:801] Assets written to: /home/yuhaoge2/out/tpugraphs_tiles/model_b5bafe6c5b60722a48140a257dbc37c7/assets
I1128 18:03:07.757039 140278730295104 fingerprinting_utils.py:49] Writing fingerprint to /home/yuhaoge2/out/tpugraphs_tiles/model_b5bafe6c5b60722a48140a257dbc37c7/fingerprint.pb
I1128 18:03:07.786190 140278730295104 train_lib.py:75] wrote /home/yuhaoge2/out/tpugraphs_tiles/model_b5bafe6c5b60722a48140a257dbc37c7
***  Wrote /home/yuhaoge2/out/tpugraphs_tiles/results_1701211353984.csv
