2023-11-30 18:48:34.526044: I tensorflow/core/util/port.cc:113] oneDNN custom operations are on. You may see slightly different numerical results due to floating-point round-off errors from different computation orders. To turn them off, set the environment variable `TF_ENABLE_ONEDNN_OPTS=0`.
2023-11-30 18:48:34.528642: I external/local_tsl/tsl/cuda/cudart_stub.cc:31] Could not find cuda drivers on your machine, GPU will not be used.
2023-11-30 18:48:34.572440: E external/local_xla/xla/stream_executor/cuda/cuda_dnn.cc:9261] Unable to register cuDNN factory: Attempting to register factory for plugin cuDNN when one has already been registered
2023-11-30 18:48:34.572498: E external/local_xla/xla/stream_executor/cuda/cuda_fft.cc:607] Unable to register cuFFT factory: Attempting to register factory for plugin cuFFT when one has already been registered
2023-11-30 18:48:34.573728: E external/local_xla/xla/stream_executor/cuda/cuda_blas.cc:1515] Unable to register cuBLAS factory: Attempting to register factory for plugin cuBLAS when one has already been registered
2023-11-30 18:48:34.580774: I external/local_tsl/tsl/cuda/cudart_stub.cc:31] Could not find cuda drivers on your machine, GPU will not be used.
2023-11-30 18:48:34.581038: I tensorflow/core/platform/cpu_feature_guard.cc:182] This TensorFlow binary is optimized to use available CPU instructions in performance-critical operations.
To enable the following instructions: AVX2 AVX512F AVX512_VNNI FMA, in other operations, rebuild TensorFlow with the appropriate compiler flags.
2023-11-30 18:48:35.473020: W tensorflow/compiler/tf2tensorrt/utils/py_utils.cc:38] TF-TRT Warning: Could not find TensorRT
2023-11-30 18:48:36.693600: W tensorflow/core/common_runtime/gpu/gpu_device.cc:2256] Cannot dlopen some GPU libraries. Please make sure the missing libraries mentioned above are installed properly if you would like to use GPU. Follow the guide at https://www.tensorflow.org/install/gpu for how to download and setup the required libraries for your platform.
Skipping registering GPU devices...
dataset cache file:  /home/yuhaoge2/data/tpugraphs/cache/tile/44c1d1b5b349d53913a79a6a496c4893-cache.npz
node_feat (225459, 140)
node_opcode (225459,)
edge_index (236894, 2)
config_feat (10947590, 24)
config_runtime (10947590,)
config_runtime_normalizers (10947590,)
edge_ranges (5626,)
node_ranges (5626,)
config_ranges (5626,)
tile_id (5625,)
loaded from /home/yuhaoge2/data/tpugraphs/cache/tile/44c1d1b5b349d53913a79a6a496c4893-cache.npz
dataset cache file:  /home/yuhaoge2/data/tpugraphs/cache/tile/a0d31b6910f2f0ab2ad99d48e6cecc27-cache.npz
node_feat (31699, 140)
node_opcode (31699,)
edge_index (33519, 2)
config_feat (1042735, 24)
config_runtime (1042735,)
config_runtime_normalizers (1042735,)
edge_ranges (677,)
node_ranges (677,)
config_ranges (677,)
tile_id (676,)
loaded from /home/yuhaoge2/data/tpugraphs/cache/tile/a0d31b6910f2f0ab2ad99d48e6cecc27-cache.npz
dataset cache file:  /home/yuhaoge2/data/tpugraphs/cache/tile/f49ccbd77dd342efcacfac025d19814e-cache.npz
node_feat (30749, 140)
node_opcode (30749,)
edge_index (31747, 2)
config_feat (1420536, 24)
config_runtime (1420536,)
config_runtime_normalizers (1420536,)
edge_ranges (845,)
node_ranges (845,)
config_ranges (845,)
tile_id (844,)
loaded from /home/yuhaoge2/data/tpugraphs/cache/tile/f49ccbd77dd342efcacfac025d19814e-cache.npz
model_name EarlyJoinSAGE
model_class <class 'tpu_graphs.baselines.tiles.models.EarlyJoinSAGE'>
562/562 [==============================] - 29s 39ms/step - loss: 14.6097 - opa_metric: 0.7406 - val_loss: 14.4157 - val_opa_metric: 0.7422
I1130 18:49:19.832406 140637492152128 train_lib.py:154]  * [@0] Validation (NEW BEST): 0.7422217726707458
I1130 18:49:19.833192 140637492152128 train_lib.py:70] wrote /home/yuhaoge2/out/tpugraphs_tiles/run_473ebb30935bfbdb85f07eca35474dd9.jsonz
I1130 18:49:21.734249 140637492152128 signature_serialization.py:156] Function `_wrapped_model` contains input name(s) args_0, 10119, resource with unsupported characters which will be renamed to args_0_18, early_join_sage_private__op_embedding_embedding_embedding_lookup_10119, early_join_sage_sequential_3_dense_5_biasadd_readvariableop_resource in the SavedModel.
I1130 18:49:22.149828 140637492152128 save.py:289] Found untraced functions such as _update_step_xla while saving (showing 1 of 1). These functions will not be directly callable after loading.
INFO:tensorflow:Assets written to: /home/yuhaoge2/out/tpugraphs_tiles/model_473ebb30935bfbdb85f07eca35474dd9/assets
I1130 18:49:22.788857 140637492152128 builder_impl.py:801] Assets written to: /home/yuhaoge2/out/tpugraphs_tiles/model_473ebb30935bfbdb85f07eca35474dd9/assets
I1130 18:49:22.831500 140637492152128 fingerprinting_utils.py:49] Writing fingerprint to /home/yuhaoge2/out/tpugraphs_tiles/model_473ebb30935bfbdb85f07eca35474dd9/fingerprint.pb
I1130 18:49:22.885210 140637492152128 train_lib.py:75] wrote /home/yuhaoge2/out/tpugraphs_tiles/model_473ebb30935bfbdb85f07eca35474dd9
562/562 [==============================] - 24s 38ms/step - loss: 14.1443 - opa_metric: 0.7581 - val_loss: 15.2290 - val_opa_metric: 0.7708
I1130 18:49:47.054607 140637492152128 train_lib.py:154]  * [@1] Validation (NEW BEST): 0.7708197832107544
I1130 18:49:47.055873 140637492152128 train_lib.py:70] wrote /home/yuhaoge2/out/tpugraphs_tiles/run_473ebb30935bfbdb85f07eca35474dd9.jsonz
I1130 18:49:48.744652 140637492152128 signature_serialization.py:156] Function `_wrapped_model` contains input name(s) args_0, 16336, resource with unsupported characters which will be renamed to args_0_18, early_join_sage_private__op_embedding_embedding_embedding_lookup_16336, early_join_sage_sequential_3_dense_5_biasadd_readvariableop_resource in the SavedModel.
I1130 18:49:49.080624 140637492152128 save.py:289] Found untraced functions such as _update_step_xla while saving (showing 1 of 1). These functions will not be directly callable after loading.
INFO:tensorflow:Assets written to: /home/yuhaoge2/out/tpugraphs_tiles/model_473ebb30935bfbdb85f07eca35474dd9/assets
I1130 18:49:49.981901 140637492152128 builder_impl.py:801] Assets written to: /home/yuhaoge2/out/tpugraphs_tiles/model_473ebb30935bfbdb85f07eca35474dd9/assets
I1130 18:49:50.025363 140637492152128 fingerprinting_utils.py:49] Writing fingerprint to /home/yuhaoge2/out/tpugraphs_tiles/model_473ebb30935bfbdb85f07eca35474dd9/fingerprint.pb
I1130 18:49:50.083755 140637492152128 train_lib.py:75] wrote /home/yuhaoge2/out/tpugraphs_tiles/model_473ebb30935bfbdb85f07eca35474dd9
562/562 [==============================] - 24s 38ms/step - loss: 13.8540 - opa_metric: 0.7787 - val_loss: 13.8112 - val_opa_metric: 0.7943
I1130 18:50:14.579180 140637492152128 train_lib.py:154]  * [@2] Validation (NEW BEST): 0.7943444848060608
I1130 18:50:14.580130 140637492152128 train_lib.py:70] wrote /home/yuhaoge2/out/tpugraphs_tiles/run_473ebb30935bfbdb85f07eca35474dd9.jsonz
I1130 18:50:16.243344 140637492152128 signature_serialization.py:156] Function `_wrapped_model` contains input name(s) args_0, 22526, resource with unsupported characters which will be renamed to args_0_18, early_join_sage_private__op_embedding_embedding_embedding_lookup_22526, early_join_sage_sequential_3_dense_5_biasadd_readvariableop_resource in the SavedModel.
I1130 18:50:16.587965 140637492152128 save.py:289] Found untraced functions such as _update_step_xla while saving (showing 1 of 1). These functions will not be directly callable after loading.
INFO:tensorflow:Assets written to: /home/yuhaoge2/out/tpugraphs_tiles/model_473ebb30935bfbdb85f07eca35474dd9/assets
I1130 18:50:17.187050 140637492152128 builder_impl.py:801] Assets written to: /home/yuhaoge2/out/tpugraphs_tiles/model_473ebb30935bfbdb85f07eca35474dd9/assets
I1130 18:50:17.226924 140637492152128 fingerprinting_utils.py:49] Writing fingerprint to /home/yuhaoge2/out/tpugraphs_tiles/model_473ebb30935bfbdb85f07eca35474dd9/fingerprint.pb
I1130 18:50:17.281928 140637492152128 train_lib.py:75] wrote /home/yuhaoge2/out/tpugraphs_tiles/model_473ebb30935bfbdb85f07eca35474dd9
562/562 [==============================] - 23s 37ms/step - loss: 13.7075 - opa_metric: 0.7912 - val_loss: 13.4810 - val_opa_metric: 0.7959
I1130 18:50:58.431748 140637492152128 train_lib.py:154]  * [@3] Validation (NEW BEST): 0.7958945631980896
I1130 18:50:58.432809 140637492152128 train_lib.py:70] wrote /home/yuhaoge2/out/tpugraphs_tiles/run_473ebb30935bfbdb85f07eca35474dd9.jsonz
I1130 18:51:00.139586 140637492152128 signature_serialization.py:156] Function `_wrapped_model` contains input name(s) args_0, 28716, resource with unsupported characters which will be renamed to args_0_18, early_join_sage_private__op_embedding_embedding_embedding_lookup_28716, early_join_sage_sequential_3_dense_5_biasadd_readvariableop_resource in the SavedModel.
I1130 18:51:00.496132 140637492152128 save.py:289] Found untraced functions such as _update_step_xla while saving (showing 1 of 1). These functions will not be directly callable after loading.
INFO:tensorflow:Assets written to: /home/yuhaoge2/out/tpugraphs_tiles/model_473ebb30935bfbdb85f07eca35474dd9/assets
I1130 18:51:01.116648 140637492152128 builder_impl.py:801] Assets written to: /home/yuhaoge2/out/tpugraphs_tiles/model_473ebb30935bfbdb85f07eca35474dd9/assets
I1130 18:51:01.157011 140637492152128 fingerprinting_utils.py:49] Writing fingerprint to /home/yuhaoge2/out/tpugraphs_tiles/model_473ebb30935bfbdb85f07eca35474dd9/fingerprint.pb
I1130 18:51:01.207760 140637492152128 train_lib.py:75] wrote /home/yuhaoge2/out/tpugraphs_tiles/model_473ebb30935bfbdb85f07eca35474dd9
562/562 [==============================] - 23s 37ms/step - loss: 13.4371 - opa_metric: 0.8018 - val_loss: 13.4100 - val_opa_metric: 0.8103
I1130 18:51:24.689593 140637492152128 train_lib.py:154]  * [@4] Validation (NEW BEST): 0.8103430271148682
I1130 18:51:24.690993 140637492152128 train_lib.py:70] wrote /home/yuhaoge2/out/tpugraphs_tiles/run_473ebb30935bfbdb85f07eca35474dd9.jsonz
I1130 18:51:26.642273 140637492152128 signature_serialization.py:156] Function `_wrapped_model` contains input name(s) args_0, 34906, resource with unsupported characters which will be renamed to args_0_18, early_join_sage_private__op_embedding_embedding_embedding_lookup_34906, early_join_sage_sequential_3_dense_5_biasadd_readvariableop_resource in the SavedModel.
I1130 18:51:26.964292 140637492152128 save.py:289] Found untraced functions such as _update_step_xla while saving (showing 1 of 1). These functions will not be directly callable after loading.
INFO:tensorflow:Assets written to: /home/yuhaoge2/out/tpugraphs_tiles/model_473ebb30935bfbdb85f07eca35474dd9/assets
I1130 18:51:27.522382 140637492152128 builder_impl.py:801] Assets written to: /home/yuhaoge2/out/tpugraphs_tiles/model_473ebb30935bfbdb85f07eca35474dd9/assets
I1130 18:51:27.561234 140637492152128 fingerprinting_utils.py:49] Writing fingerprint to /home/yuhaoge2/out/tpugraphs_tiles/model_473ebb30935bfbdb85f07eca35474dd9/fingerprint.pb
I1130 18:51:27.607543 140637492152128 train_lib.py:75] wrote /home/yuhaoge2/out/tpugraphs_tiles/model_473ebb30935bfbdb85f07eca35474dd9
562/562 [==============================] - 24s 38ms/step - loss: 13.4013 - opa_metric: 0.8060 - val_loss: 13.4492 - val_opa_metric: 0.7968
562/562 [==============================] - 24s 37ms/step - loss: 13.3140 - opa_metric: 0.8120 - val_loss: 13.5495 - val_opa_metric: 0.8036
562/562 [==============================] - 23s 37ms/step - loss: 13.2367 - opa_metric: 0.8158 - val_loss: 13.4299 - val_opa_metric: 0.8134
I1130 18:52:39.080059 140637492152128 train_lib.py:154]  * [@7] Validation (NEW BEST): 0.8134146928787231
I1130 18:52:39.081496 140637492152128 train_lib.py:70] wrote /home/yuhaoge2/out/tpugraphs_tiles/run_473ebb30935bfbdb85f07eca35474dd9.jsonz
I1130 18:52:40.851745 140637492152128 signature_serialization.py:156] Function `_wrapped_model` contains input name(s) args_0, 46248, resource with unsupported characters which will be renamed to args_0_18, early_join_sage_private__op_embedding_embedding_embedding_lookup_46248, early_join_sage_sequential_3_dense_5_biasadd_readvariableop_resource in the SavedModel.
I1130 18:52:41.222671 140637492152128 save.py:289] Found untraced functions such as _update_step_xla while saving (showing 1 of 1). These functions will not be directly callable after loading.
INFO:tensorflow:Assets written to: /home/yuhaoge2/out/tpugraphs_tiles/model_473ebb30935bfbdb85f07eca35474dd9/assets
I1130 18:52:41.861367 140637492152128 builder_impl.py:801] Assets written to: /home/yuhaoge2/out/tpugraphs_tiles/model_473ebb30935bfbdb85f07eca35474dd9/assets
I1130 18:52:41.904505 140637492152128 fingerprinting_utils.py:49] Writing fingerprint to /home/yuhaoge2/out/tpugraphs_tiles/model_473ebb30935bfbdb85f07eca35474dd9/fingerprint.pb
I1130 18:52:41.963141 140637492152128 train_lib.py:75] wrote /home/yuhaoge2/out/tpugraphs_tiles/model_473ebb30935bfbdb85f07eca35474dd9
562/562 [==============================] - 24s 37ms/step - loss: 13.1482 - opa_metric: 0.8182 - val_loss: 13.5362 - val_opa_metric: 0.8217
I1130 18:53:05.808608 140637492152128 train_lib.py:154]  * [@8] Validation (NEW BEST): 0.8217014670372009
I1130 18:53:05.809563 140637492152128 train_lib.py:70] wrote /home/yuhaoge2/out/tpugraphs_tiles/run_473ebb30935bfbdb85f07eca35474dd9.jsonz
I1130 18:53:07.794876 140637492152128 signature_serialization.py:156] Function `_wrapped_model` contains input name(s) args_0, 52438, resource with unsupported characters which will be renamed to args_0_18, early_join_sage_private__op_embedding_embedding_embedding_lookup_52438, early_join_sage_sequential_3_dense_5_biasadd_readvariableop_resource in the SavedModel.
I1130 18:53:08.127692 140637492152128 save.py:289] Found untraced functions such as _update_step_xla while saving (showing 1 of 1). These functions will not be directly callable after loading.
INFO:tensorflow:Assets written to: /home/yuhaoge2/out/tpugraphs_tiles/model_473ebb30935bfbdb85f07eca35474dd9/assets
I1130 18:53:08.705550 140637492152128 builder_impl.py:801] Assets written to: /home/yuhaoge2/out/tpugraphs_tiles/model_473ebb30935bfbdb85f07eca35474dd9/assets
I1130 18:53:08.746739 140637492152128 fingerprinting_utils.py:49] Writing fingerprint to /home/yuhaoge2/out/tpugraphs_tiles/model_473ebb30935bfbdb85f07eca35474dd9/fingerprint.pb
I1130 18:53:08.792371 140637492152128 train_lib.py:75] wrote /home/yuhaoge2/out/tpugraphs_tiles/model_473ebb30935bfbdb85f07eca35474dd9
562/562 [==============================] - 23s 37ms/step - loss: 13.1141 - opa_metric: 0.8224 - val_loss: 13.3643 - val_opa_metric: 0.8173
562/562 [==============================] - 24s 38ms/step - loss: 13.1272 - opa_metric: 0.8236 - val_loss: 13.1760 - val_opa_metric: 0.8219
I1130 18:53:56.336027 140637492152128 train_lib.py:154]  * [@10] Validation (NEW BEST): 0.8219009041786194
I1130 18:53:56.337520 140637492152128 train_lib.py:70] wrote /home/yuhaoge2/out/tpugraphs_tiles/run_473ebb30935bfbdb85f07eca35474dd9.jsonz
I1130 18:53:58.037733 140637492152128 signature_serialization.py:156] Function `_wrapped_model` contains input name(s) args_0, 61204, resource with unsupported characters which will be renamed to args_0_18, early_join_sage_private__op_embedding_embedding_embedding_lookup_61204, early_join_sage_sequential_3_dense_5_biasadd_readvariableop_resource in the SavedModel.
I1130 18:53:58.390623 140637492152128 save.py:289] Found untraced functions such as _update_step_xla while saving (showing 1 of 1). These functions will not be directly callable after loading.
INFO:tensorflow:Assets written to: /home/yuhaoge2/out/tpugraphs_tiles/model_473ebb30935bfbdb85f07eca35474dd9/assets
I1130 18:53:59.009547 140637492152128 builder_impl.py:801] Assets written to: /home/yuhaoge2/out/tpugraphs_tiles/model_473ebb30935bfbdb85f07eca35474dd9/assets
I1130 18:53:59.048557 140637492152128 fingerprinting_utils.py:49] Writing fingerprint to /home/yuhaoge2/out/tpugraphs_tiles/model_473ebb30935bfbdb85f07eca35474dd9/fingerprint.pb
I1130 18:53:59.095777 140637492152128 train_lib.py:75] wrote /home/yuhaoge2/out/tpugraphs_tiles/model_473ebb30935bfbdb85f07eca35474dd9
562/562 [==============================] - 23s 37ms/step - loss: 13.0389 - opa_metric: 0.8239 - val_loss: 13.1279 - val_opa_metric: 0.8258
I1130 18:54:22.772762 140637492152128 train_lib.py:154]  * [@11] Validation (NEW BEST): 0.8258035778999329
I1130 18:54:22.773756 140637492152128 train_lib.py:70] wrote /home/yuhaoge2/out/tpugraphs_tiles/run_473ebb30935bfbdb85f07eca35474dd9.jsonz
I1130 18:54:24.698092 140637492152128 signature_serialization.py:156] Function `_wrapped_model` contains input name(s) args_0, 67394, resource with unsupported characters which will be renamed to args_0_18, early_join_sage_private__op_embedding_embedding_embedding_lookup_67394, early_join_sage_sequential_3_dense_5_biasadd_readvariableop_resource in the SavedModel.
I1130 18:54:25.052766 140637492152128 save.py:289] Found untraced functions such as _update_step_xla while saving (showing 1 of 1). These functions will not be directly callable after loading.
INFO:tensorflow:Assets written to: /home/yuhaoge2/out/tpugraphs_tiles/model_473ebb30935bfbdb85f07eca35474dd9/assets
I1130 18:54:25.663102 140637492152128 builder_impl.py:801] Assets written to: /home/yuhaoge2/out/tpugraphs_tiles/model_473ebb30935bfbdb85f07eca35474dd9/assets
I1130 18:54:25.701478 140637492152128 fingerprinting_utils.py:49] Writing fingerprint to /home/yuhaoge2/out/tpugraphs_tiles/model_473ebb30935bfbdb85f07eca35474dd9/fingerprint.pb
I1130 18:54:25.752281 140637492152128 train_lib.py:75] wrote /home/yuhaoge2/out/tpugraphs_tiles/model_473ebb30935bfbdb85f07eca35474dd9
562/562 [==============================] - 24s 38ms/step - loss: 12.9861 - opa_metric: 0.8284 - val_loss: 13.2934 - val_opa_metric: 0.8154
562/562 [==============================] - 23s 37ms/step - loss: 12.9553 - opa_metric: 0.8278 - val_loss: 13.1043 - val_opa_metric: 0.8271
I1130 18:55:13.194325 140637492152128 train_lib.py:154]  * [@13] Validation (NEW BEST): 0.8271303772926331
I1130 18:55:13.195615 140637492152128 train_lib.py:70] wrote /home/yuhaoge2/out/tpugraphs_tiles/run_473ebb30935bfbdb85f07eca35474dd9.jsonz
I1130 18:55:14.979816 140637492152128 signature_serialization.py:156] Function `_wrapped_model` contains input name(s) args_0, 76160, resource with unsupported characters which will be renamed to args_0_18, early_join_sage_private__op_embedding_embedding_embedding_lookup_76160, early_join_sage_sequential_3_dense_5_biasadd_readvariableop_resource in the SavedModel.
I1130 18:55:15.348572 140637492152128 save.py:289] Found untraced functions such as _update_step_xla while saving (showing 1 of 1). These functions will not be directly callable after loading.
INFO:tensorflow:Assets written to: /home/yuhaoge2/out/tpugraphs_tiles/model_473ebb30935bfbdb85f07eca35474dd9/assets
I1130 18:55:15.968240 140637492152128 builder_impl.py:801] Assets written to: /home/yuhaoge2/out/tpugraphs_tiles/model_473ebb30935bfbdb85f07eca35474dd9/assets
I1130 18:55:16.009113 140637492152128 fingerprinting_utils.py:49] Writing fingerprint to /home/yuhaoge2/out/tpugraphs_tiles/model_473ebb30935bfbdb85f07eca35474dd9/fingerprint.pb
I1130 18:55:16.069968 140637492152128 train_lib.py:75] wrote /home/yuhaoge2/out/tpugraphs_tiles/model_473ebb30935bfbdb85f07eca35474dd9
562/562 [==============================] - 27s 44ms/step - loss: 12.8748 - opa_metric: 0.8328 - val_loss: 13.0176 - val_opa_metric: 0.8327
I1130 18:55:43.254080 140637492152128 train_lib.py:154]  * [@14] Validation (NEW BEST): 0.8326992392539978
I1130 18:55:43.255479 140637492152128 train_lib.py:70] wrote /home/yuhaoge2/out/tpugraphs_tiles/run_473ebb30935bfbdb85f07eca35474dd9.jsonz
I1130 18:55:44.956451 140637492152128 signature_serialization.py:156] Function `_wrapped_model` contains input name(s) args_0, 82350, resource with unsupported characters which will be renamed to args_0_18, early_join_sage_private__op_embedding_embedding_embedding_lookup_82350, early_join_sage_sequential_3_dense_5_biasadd_readvariableop_resource in the SavedModel.
I1130 18:55:45.310454 140637492152128 save.py:289] Found untraced functions such as _update_step_xla while saving (showing 1 of 1). These functions will not be directly callable after loading.
INFO:tensorflow:Assets written to: /home/yuhaoge2/out/tpugraphs_tiles/model_473ebb30935bfbdb85f07eca35474dd9/assets
I1130 18:55:46.323314 140637492152128 builder_impl.py:801] Assets written to: /home/yuhaoge2/out/tpugraphs_tiles/model_473ebb30935bfbdb85f07eca35474dd9/assets
I1130 18:55:46.364634 140637492152128 fingerprinting_utils.py:49] Writing fingerprint to /home/yuhaoge2/out/tpugraphs_tiles/model_473ebb30935bfbdb85f07eca35474dd9/fingerprint.pb
I1130 18:55:46.416651 140637492152128 train_lib.py:75] wrote /home/yuhaoge2/out/tpugraphs_tiles/model_473ebb30935bfbdb85f07eca35474dd9
562/562 [==============================] - 30s 46ms/step - loss: 12.8915 - opa_metric: 0.8340 - val_loss: 13.2310 - val_opa_metric: 0.8287
562/562 [==============================] - 30s 46ms/step - loss: 12.8205 - opa_metric: 0.8361 - val_loss: 13.2490 - val_opa_metric: 0.8297
562/562 [==============================] - 29s 46ms/step - loss: 12.7978 - opa_metric: 0.8389 - val_loss: 12.8541 - val_opa_metric: 0.8393
I1130 18:57:15.742926 140637492152128 train_lib.py:154]  * [@17] Validation (NEW BEST): 0.8393187522888184
I1130 18:57:15.744530 140637492152128 train_lib.py:70] wrote /home/yuhaoge2/out/tpugraphs_tiles/run_473ebb30935bfbdb85f07eca35474dd9.jsonz
I1130 18:57:17.488245 140637492152128 signature_serialization.py:156] Function `_wrapped_model` contains input name(s) args_0, 93692, resource with unsupported characters which will be renamed to args_0_18, early_join_sage_private__op_embedding_embedding_embedding_lookup_93692, early_join_sage_sequential_3_dense_5_biasadd_readvariableop_resource in the SavedModel.
I1130 18:57:17.845432 140637492152128 save.py:289] Found untraced functions such as _update_step_xla while saving (showing 1 of 1). These functions will not be directly callable after loading.
INFO:tensorflow:Assets written to: /home/yuhaoge2/out/tpugraphs_tiles/model_473ebb30935bfbdb85f07eca35474dd9/assets
I1130 18:57:18.524594 140637492152128 builder_impl.py:801] Assets written to: /home/yuhaoge2/out/tpugraphs_tiles/model_473ebb30935bfbdb85f07eca35474dd9/assets
I1130 18:57:18.563885 140637492152128 fingerprinting_utils.py:49] Writing fingerprint to /home/yuhaoge2/out/tpugraphs_tiles/model_473ebb30935bfbdb85f07eca35474dd9/fingerprint.pb
I1130 18:57:18.620434 140637492152128 train_lib.py:75] wrote /home/yuhaoge2/out/tpugraphs_tiles/model_473ebb30935bfbdb85f07eca35474dd9
562/562 [==============================] - 30s 46ms/step - loss: 12.7978 - opa_metric: 0.8400 - val_loss: 13.1170 - val_opa_metric: 0.8364
562/562 [==============================] - 28s 44ms/step - loss: 12.7506 - opa_metric: 0.8414 - val_loss: 12.9234 - val_opa_metric: 0.8387
562/562 [==============================] - 30s 46ms/step - loss: 12.7201 - opa_metric: 0.8430 - val_loss: 13.2657 - val_opa_metric: 0.8381
562/562 [==============================] - 30s 46ms/step - loss: 12.6949 - opa_metric: 0.8416 - val_loss: 12.7939 - val_opa_metric: 0.8435
I1130 18:59:16.521747 140637492152128 train_lib.py:154]  * [@21] Validation (NEW BEST): 0.8434800505638123
I1130 18:59:16.523172 140637492152128 train_lib.py:70] wrote /home/yuhaoge2/out/tpugraphs_tiles/run_473ebb30935bfbdb85f07eca35474dd9.jsonz
I1130 18:59:18.203533 140637492152128 signature_serialization.py:156] Function `_wrapped_model` contains input name(s) args_0, 107610, resource with unsupported characters which will be renamed to args_0_18, early_join_sage_private__op_embedding_embedding_embedding_lookup_107610, early_join_sage_sequential_3_dense_5_biasadd_readvariableop_resource in the SavedModel.
I1130 18:59:18.539336 140637492152128 save.py:289] Found untraced functions such as _update_step_xla while saving (showing 1 of 1). These functions will not be directly callable after loading.
INFO:tensorflow:Assets written to: /home/yuhaoge2/out/tpugraphs_tiles/model_473ebb30935bfbdb85f07eca35474dd9/assets
I1130 18:59:19.120845 140637492152128 builder_impl.py:801] Assets written to: /home/yuhaoge2/out/tpugraphs_tiles/model_473ebb30935bfbdb85f07eca35474dd9/assets
I1130 18:59:19.158771 140637492152128 fingerprinting_utils.py:49] Writing fingerprint to /home/yuhaoge2/out/tpugraphs_tiles/model_473ebb30935bfbdb85f07eca35474dd9/fingerprint.pb
I1130 18:59:19.203814 140637492152128 train_lib.py:75] wrote /home/yuhaoge2/out/tpugraphs_tiles/model_473ebb30935bfbdb85f07eca35474dd9
562/562 [==============================] - 29s 46ms/step - loss: 12.7466 - opa_metric: 0.8445 - val_loss: 13.1899 - val_opa_metric: 0.8295
562/562 [==============================] - 29s 46ms/step - loss: 13.2561 - opa_metric: 0.8477 - val_loss: 13.1677 - val_opa_metric: 0.8399
562/562 [==============================] - 30s 46ms/step - loss: 12.5946 - opa_metric: 0.8479 - val_loss: 13.0511 - val_opa_metric: 0.8390
562/562 [==============================] - 29s 46ms/step - loss: 12.7028 - opa_metric: 0.8465 - val_loss: 13.0746 - val_opa_metric: 0.8412
562/562 [==============================] - 30s 46ms/step - loss: 12.5993 - opa_metric: 0.8495 - val_loss: 12.8421 - val_opa_metric: 0.8450
I1130 19:01:47.389106 140637492152128 train_lib.py:154]  * [@26] Validation (NEW BEST): 0.8450274467468262
I1130 19:01:47.391857 140637492152128 train_lib.py:70] wrote /home/yuhaoge2/out/tpugraphs_tiles/run_473ebb30935bfbdb85f07eca35474dd9.jsonz
I1130 19:01:49.649288 140637492152128 signature_serialization.py:156] Function `_wrapped_model` contains input name(s) args_0, 124104, resource with unsupported characters which will be renamed to args_0_18, early_join_sage_private__op_embedding_embedding_embedding_lookup_124104, early_join_sage_sequential_3_dense_5_biasadd_readvariableop_resource in the SavedModel.
I1130 19:01:49.995764 140637492152128 save.py:289] Found untraced functions such as _update_step_xla while saving (showing 1 of 1). These functions will not be directly callable after loading.
INFO:tensorflow:Assets written to: /home/yuhaoge2/out/tpugraphs_tiles/model_473ebb30935bfbdb85f07eca35474dd9/assets
I1130 19:01:50.590720 140637492152128 builder_impl.py:801] Assets written to: /home/yuhaoge2/out/tpugraphs_tiles/model_473ebb30935bfbdb85f07eca35474dd9/assets
I1130 19:01:50.629538 140637492152128 fingerprinting_utils.py:49] Writing fingerprint to /home/yuhaoge2/out/tpugraphs_tiles/model_473ebb30935bfbdb85f07eca35474dd9/fingerprint.pb
I1130 19:01:50.678283 140637492152128 train_lib.py:75] wrote /home/yuhaoge2/out/tpugraphs_tiles/model_473ebb30935bfbdb85f07eca35474dd9
562/562 [==============================] - 29s 46ms/step - loss: 12.5902 - opa_metric: 0.8496 - val_loss: 12.9524 - val_opa_metric: 0.8486
I1130 19:02:20.258500 140637492152128 train_lib.py:154]  * [@27] Validation (NEW BEST): 0.8485680222511292
I1130 19:02:20.260467 140637492152128 train_lib.py:70] wrote /home/yuhaoge2/out/tpugraphs_tiles/run_473ebb30935bfbdb85f07eca35474dd9.jsonz
I1130 19:02:21.950908 140637492152128 signature_serialization.py:156] Function `_wrapped_model` contains input name(s) args_0, 130294, resource with unsupported characters which will be renamed to args_0_18, early_join_sage_private__op_embedding_embedding_embedding_lookup_130294, early_join_sage_sequential_3_dense_5_biasadd_readvariableop_resource in the SavedModel.
I1130 19:02:22.292124 140637492152128 save.py:289] Found untraced functions such as _update_step_xla while saving (showing 1 of 1). These functions will not be directly callable after loading.
INFO:tensorflow:Assets written to: /home/yuhaoge2/out/tpugraphs_tiles/model_473ebb30935bfbdb85f07eca35474dd9/assets
I1130 19:02:22.877690 140637492152128 builder_impl.py:801] Assets written to: /home/yuhaoge2/out/tpugraphs_tiles/model_473ebb30935bfbdb85f07eca35474dd9/assets
I1130 19:02:22.916184 140637492152128 fingerprinting_utils.py:49] Writing fingerprint to /home/yuhaoge2/out/tpugraphs_tiles/model_473ebb30935bfbdb85f07eca35474dd9/fingerprint.pb
I1130 19:02:22.963964 140637492152128 train_lib.py:75] wrote /home/yuhaoge2/out/tpugraphs_tiles/model_473ebb30935bfbdb85f07eca35474dd9
562/562 [==============================] - 29s 45ms/step - loss: 12.6127 - opa_metric: 0.8496 - val_loss: 12.8328 - val_opa_metric: 0.8459
562/562 [==============================] - 26s 40ms/step - loss: 12.5430 - opa_metric: 0.8508 - val_loss: 12.6562 - val_opa_metric: 0.8480
562/562 [==============================] - 28s 44ms/step - loss: 12.5361 - opa_metric: 0.8519 - val_loss: 12.9182 - val_opa_metric: 0.8417
562/562 [==============================] - 30s 46ms/step - loss: 12.4948 - opa_metric: 0.8547 - val_loss: 12.7821 - val_opa_metric: 0.8498
I1130 19:04:15.935061 140637492152128 train_lib.py:154]  * [@31] Validation (NEW BEST): 0.8498030304908752
I1130 19:04:15.937642 140637492152128 train_lib.py:70] wrote /home/yuhaoge2/out/tpugraphs_tiles/run_473ebb30935bfbdb85f07eca35474dd9.jsonz
I1130 19:04:18.013017 140637492152128 signature_serialization.py:156] Function `_wrapped_model` contains input name(s) args_0, 144212, resource with unsupported characters which will be renamed to args_0_18, early_join_sage_private__op_embedding_embedding_embedding_lookup_144212, early_join_sage_sequential_3_dense_5_biasadd_readvariableop_resource in the SavedModel.
I1130 19:04:18.354606 140637492152128 save.py:289] Found untraced functions such as _update_step_xla while saving (showing 1 of 1). These functions will not be directly callable after loading.
INFO:tensorflow:Assets written to: /home/yuhaoge2/out/tpugraphs_tiles/model_473ebb30935bfbdb85f07eca35474dd9/assets
I1130 19:04:18.945676 140637492152128 builder_impl.py:801] Assets written to: /home/yuhaoge2/out/tpugraphs_tiles/model_473ebb30935bfbdb85f07eca35474dd9/assets
I1130 19:04:18.983889 140637492152128 fingerprinting_utils.py:49] Writing fingerprint to /home/yuhaoge2/out/tpugraphs_tiles/model_473ebb30935bfbdb85f07eca35474dd9/fingerprint.pb
I1130 19:04:19.030248 140637492152128 train_lib.py:75] wrote /home/yuhaoge2/out/tpugraphs_tiles/model_473ebb30935bfbdb85f07eca35474dd9
562/562 [==============================] - 30s 46ms/step - loss: 12.5569 - opa_metric: 0.8549 - val_loss: 12.7911 - val_opa_metric: 0.8471
562/562 [==============================] - 30s 46ms/step - loss: 12.4942 - opa_metric: 0.8577 - val_loss: 12.9616 - val_opa_metric: 0.8529
I1130 19:05:18.564768 140637492152128 train_lib.py:154]  * [@33] Validation (NEW BEST): 0.8529139757156372
I1130 19:05:18.566504 140637492152128 train_lib.py:70] wrote /home/yuhaoge2/out/tpugraphs_tiles/run_473ebb30935bfbdb85f07eca35474dd9.jsonz
I1130 19:05:20.278568 140637492152128 signature_serialization.py:156] Function `_wrapped_model` contains input name(s) args_0, 152978, resource with unsupported characters which will be renamed to args_0_18, early_join_sage_private__op_embedding_embedding_embedding_lookup_152978, early_join_sage_sequential_3_dense_5_biasadd_readvariableop_resource in the SavedModel.
I1130 19:05:20.622261 140637492152128 save.py:289] Found untraced functions such as _update_step_xla while saving (showing 1 of 1). These functions will not be directly callable after loading.
INFO:tensorflow:Assets written to: /home/yuhaoge2/out/tpugraphs_tiles/model_473ebb30935bfbdb85f07eca35474dd9/assets
I1130 19:05:21.218503 140637492152128 builder_impl.py:801] Assets written to: /home/yuhaoge2/out/tpugraphs_tiles/model_473ebb30935bfbdb85f07eca35474dd9/assets
I1130 19:05:21.257118 140637492152128 fingerprinting_utils.py:49] Writing fingerprint to /home/yuhaoge2/out/tpugraphs_tiles/model_473ebb30935bfbdb85f07eca35474dd9/fingerprint.pb
I1130 19:05:21.305516 140637492152128 train_lib.py:75] wrote /home/yuhaoge2/out/tpugraphs_tiles/model_473ebb30935bfbdb85f07eca35474dd9
562/562 [==============================] - 30s 46ms/step - loss: 12.8833 - opa_metric: 0.8576 - val_loss: 12.6234 - val_opa_metric: 0.8577
I1130 19:05:51.141172 140637492152128 train_lib.py:154]  * [@34] Validation (NEW BEST): 0.8577451705932617
I1130 19:05:51.142894 140637492152128 train_lib.py:70] wrote /home/yuhaoge2/out/tpugraphs_tiles/run_473ebb30935bfbdb85f07eca35474dd9.jsonz
I1130 19:05:53.234772 140637492152128 signature_serialization.py:156] Function `_wrapped_model` contains input name(s) args_0, 159168, resource with unsupported characters which will be renamed to args_0_18, early_join_sage_private__op_embedding_embedding_embedding_lookup_159168, early_join_sage_sequential_3_dense_5_biasadd_readvariableop_resource in the SavedModel.
I1130 19:05:53.588602 140637492152128 save.py:289] Found untraced functions such as _update_step_xla while saving (showing 1 of 1). These functions will not be directly callable after loading.
INFO:tensorflow:Assets written to: /home/yuhaoge2/out/tpugraphs_tiles/model_473ebb30935bfbdb85f07eca35474dd9/assets
I1130 19:05:54.197087 140637492152128 builder_impl.py:801] Assets written to: /home/yuhaoge2/out/tpugraphs_tiles/model_473ebb30935bfbdb85f07eca35474dd9/assets
I1130 19:05:54.236088 140637492152128 fingerprinting_utils.py:49] Writing fingerprint to /home/yuhaoge2/out/tpugraphs_tiles/model_473ebb30935bfbdb85f07eca35474dd9/fingerprint.pb
I1130 19:05:54.285748 140637492152128 train_lib.py:75] wrote /home/yuhaoge2/out/tpugraphs_tiles/model_473ebb30935bfbdb85f07eca35474dd9
562/562 [==============================] - 30s 46ms/step - loss: 12.4965 - opa_metric: 0.8566 - val_loss: 12.8069 - val_opa_metric: 0.8504
562/562 [==============================] - 30s 46ms/step - loss: 12.5008 - opa_metric: 0.8586 - val_loss: 12.7606 - val_opa_metric: 0.8531
562/562 [==============================] - 30s 46ms/step - loss: 12.4597 - opa_metric: 0.8565 - val_loss: 12.7389 - val_opa_metric: 0.8545
562/562 [==============================] - 29s 46ms/step - loss: 12.4191 - opa_metric: 0.8591 - val_loss: 12.7490 - val_opa_metric: 0.8525
562/562 [==============================] - 30s 46ms/step - loss: 12.5709 - opa_metric: 0.8595 - val_loss: 12.9002 - val_opa_metric: 0.8544
562/562 [==============================] - 29s 46ms/step - loss: 12.4230 - opa_metric: 0.8623 - val_loss: 12.6961 - val_opa_metric: 0.8575
562/562 [==============================] - 30s 46ms/step - loss: 12.4221 - opa_metric: 0.8620 - val_loss: 12.9281 - val_opa_metric: 0.8490
562/562 [==============================] - 29s 46ms/step - loss: 12.3985 - opa_metric: 0.8639 - val_loss: 12.7481 - val_opa_metric: 0.8618
I1130 19:09:52.499892 140637492152128 train_lib.py:154]  * [@42] Validation (NEW BEST): 0.8617523908615112
I1130 19:09:52.501561 140637492152128 train_lib.py:70] wrote /home/yuhaoge2/out/tpugraphs_tiles/run_473ebb30935bfbdb85f07eca35474dd9.jsonz
I1130 19:09:54.203690 140637492152128 signature_serialization.py:156] Function `_wrapped_model` contains input name(s) args_0, 183390, resource with unsupported characters which will be renamed to args_0_18, early_join_sage_private__op_embedding_embedding_embedding_lookup_183390, early_join_sage_sequential_3_dense_5_biasadd_readvariableop_resource in the SavedModel.
I1130 19:09:54.545985 140637492152128 save.py:289] Found untraced functions such as _update_step_xla while saving (showing 1 of 1). These functions will not be directly callable after loading.
INFO:tensorflow:Assets written to: /home/yuhaoge2/out/tpugraphs_tiles/model_473ebb30935bfbdb85f07eca35474dd9/assets
I1130 19:09:55.139972 140637492152128 builder_impl.py:801] Assets written to: /home/yuhaoge2/out/tpugraphs_tiles/model_473ebb30935bfbdb85f07eca35474dd9/assets
I1130 19:09:55.178470 140637492152128 fingerprinting_utils.py:49] Writing fingerprint to /home/yuhaoge2/out/tpugraphs_tiles/model_473ebb30935bfbdb85f07eca35474dd9/fingerprint.pb
I1130 19:09:55.226673 140637492152128 train_lib.py:75] wrote /home/yuhaoge2/out/tpugraphs_tiles/model_473ebb30935bfbdb85f07eca35474dd9
562/562 [==============================] - 30s 46ms/step - loss: 12.4352 - opa_metric: 0.8628 - val_loss: 12.4786 - val_opa_metric: 0.8592
562/562 [==============================] - 30s 46ms/step - loss: 12.3855 - opa_metric: 0.8643 - val_loss: 12.6632 - val_opa_metric: 0.8616
562/562 [==============================] - 30s 46ms/step - loss: 12.4180 - opa_metric: 0.8640 - val_loss: 12.6249 - val_opa_metric: 0.8650
I1130 19:11:24.366888 140637492152128 train_lib.py:154]  * [@45] Validation (NEW BEST): 0.8649917840957642
I1130 19:11:24.368866 140637492152128 train_lib.py:70] wrote /home/yuhaoge2/out/tpugraphs_tiles/run_473ebb30935bfbdb85f07eca35474dd9.jsonz
I1130 19:11:26.459584 140637492152128 signature_serialization.py:156] Function `_wrapped_model` contains input name(s) args_0, 194732, resource with unsupported characters which will be renamed to args_0_18, early_join_sage_private__op_embedding_embedding_embedding_lookup_194732, early_join_sage_sequential_3_dense_5_biasadd_readvariableop_resource in the SavedModel.
I1130 19:11:26.808653 140637492152128 save.py:289] Found untraced functions such as _update_step_xla while saving (showing 1 of 1). These functions will not be directly callable after loading.
INFO:tensorflow:Assets written to: /home/yuhaoge2/out/tpugraphs_tiles/model_473ebb30935bfbdb85f07eca35474dd9/assets
I1130 19:11:27.405866 140637492152128 builder_impl.py:801] Assets written to: /home/yuhaoge2/out/tpugraphs_tiles/model_473ebb30935bfbdb85f07eca35474dd9/assets
I1130 19:11:27.444697 140637492152128 fingerprinting_utils.py:49] Writing fingerprint to /home/yuhaoge2/out/tpugraphs_tiles/model_473ebb30935bfbdb85f07eca35474dd9/fingerprint.pb
I1130 19:11:27.494895 140637492152128 train_lib.py:75] wrote /home/yuhaoge2/out/tpugraphs_tiles/model_473ebb30935bfbdb85f07eca35474dd9
562/562 [==============================] - 30s 46ms/step - loss: 12.3438 - opa_metric: 0.8652 - val_loss: 12.6169 - val_opa_metric: 0.8631
562/562 [==============================] - 30s 46ms/step - loss: 12.3956 - opa_metric: 0.8645 - val_loss: 12.8817 - val_opa_metric: 0.8573
562/562 [==============================] - 30s 46ms/step - loss: 12.3726 - opa_metric: 0.8650 - val_loss: 12.5840 - val_opa_metric: 0.8544
562/562 [==============================] - 30s 46ms/step - loss: 12.4357 - opa_metric: 0.8654 - val_loss: 12.9637 - val_opa_metric: 0.8554
562/562 [==============================] - 30s 46ms/step - loss: 12.3306 - opa_metric: 0.8677 - val_loss: 12.6345 - val_opa_metric: 0.8634
562/562 [==============================] - 30s 46ms/step - loss: 12.3101 - opa_metric: 0.8655 - val_loss: 12.5965 - val_opa_metric: 0.8620
562/562 [==============================] - 29s 46ms/step - loss: 12.3191 - opa_metric: 0.8668 - val_loss: 12.4974 - val_opa_metric: 0.8643
562/562 [==============================] - 29s 46ms/step - loss: 12.4249 - opa_metric: 0.8661 - val_loss: 12.6389 - val_opa_metric: 0.8597
562/562 [==============================] - 30s 47ms/step - loss: 12.3184 - opa_metric: 0.8690 - val_loss: 13.3245 - val_opa_metric: 0.8587
562/562 [==============================] - 29s 46ms/step - loss: 12.2977 - opa_metric: 0.8686 - val_loss: 12.6947 - val_opa_metric: 0.8637
562/562 [==============================] - 30s 47ms/step - loss: 12.3609 - opa_metric: 0.8680 - val_loss: 12.4908 - val_opa_metric: 0.8688
I1130 19:16:54.988239 140637492152128 train_lib.py:154]  * [@56] Validation (NEW BEST): 0.8688148260116577
I1130 19:16:54.991453 140637492152128 train_lib.py:70] wrote /home/yuhaoge2/out/tpugraphs_tiles/run_473ebb30935bfbdb85f07eca35474dd9.jsonz
I1130 19:16:56.756233 140637492152128 signature_serialization.py:156] Function `_wrapped_model` contains input name(s) args_0, 226682, resource with unsupported characters which will be renamed to args_0_18, early_join_sage_private__op_embedding_embedding_embedding_lookup_226682, early_join_sage_sequential_3_dense_5_biasadd_readvariableop_resource in the SavedModel.
I1130 19:16:57.105083 140637492152128 save.py:289] Found untraced functions such as _update_step_xla while saving (showing 1 of 1). These functions will not be directly callable after loading.
INFO:tensorflow:Assets written to: /home/yuhaoge2/out/tpugraphs_tiles/model_473ebb30935bfbdb85f07eca35474dd9/assets
I1130 19:16:57.706655 140637492152128 builder_impl.py:801] Assets written to: /home/yuhaoge2/out/tpugraphs_tiles/model_473ebb30935bfbdb85f07eca35474dd9/assets
I1130 19:16:57.745416 140637492152128 fingerprinting_utils.py:49] Writing fingerprint to /home/yuhaoge2/out/tpugraphs_tiles/model_473ebb30935bfbdb85f07eca35474dd9/fingerprint.pb
I1130 19:16:57.793732 140637492152128 train_lib.py:75] wrote /home/yuhaoge2/out/tpugraphs_tiles/model_473ebb30935bfbdb85f07eca35474dd9
562/562 [==============================] - 29s 46ms/step - loss: 12.2886 - opa_metric: 0.8687 - val_loss: 12.7424 - val_opa_metric: 0.8590
562/562 [==============================] - 30s 46ms/step - loss: 12.3134 - opa_metric: 0.8676 - val_loss: 12.6834 - val_opa_metric: 0.8666
562/562 [==============================] - 29s 46ms/step - loss: 12.3309 - opa_metric: 0.8692 - val_loss: 12.3690 - val_opa_metric: 0.8673
562/562 [==============================] - 30s 46ms/step - loss: 12.2825 - opa_metric: 0.8696 - val_loss: 12.6899 - val_opa_metric: 0.8661
562/562 [==============================] - 29s 46ms/step - loss: 12.2518 - opa_metric: 0.8696 - val_loss: 12.7941 - val_opa_metric: 0.8607
562/562 [==============================] - 29s 46ms/step - loss: 12.2705 - opa_metric: 0.8689 - val_loss: 12.7121 - val_opa_metric: 0.8698
I1130 19:19:55.647910 140637492152128 train_lib.py:154]  * [@62] Validation (NEW BEST): 0.8698127269744873
I1130 19:19:55.649703 140637492152128 train_lib.py:70] wrote /home/yuhaoge2/out/tpugraphs_tiles/run_473ebb30935bfbdb85f07eca35474dd9.jsonz
I1130 19:19:57.328155 140637492152128 signature_serialization.py:156] Function `_wrapped_model` contains input name(s) args_0, 245752, resource with unsupported characters which will be renamed to args_0_18, early_join_sage_private__op_embedding_embedding_embedding_lookup_245752, early_join_sage_sequential_3_dense_5_biasadd_readvariableop_resource in the SavedModel.
I1130 19:19:57.664642 140637492152128 save.py:289] Found untraced functions such as _update_step_xla while saving (showing 1 of 1). These functions will not be directly callable after loading.
INFO:tensorflow:Assets written to: /home/yuhaoge2/out/tpugraphs_tiles/model_473ebb30935bfbdb85f07eca35474dd9/assets
I1130 19:19:58.640536 140637492152128 builder_impl.py:801] Assets written to: /home/yuhaoge2/out/tpugraphs_tiles/model_473ebb30935bfbdb85f07eca35474dd9/assets
I1130 19:19:58.680430 140637492152128 fingerprinting_utils.py:49] Writing fingerprint to /home/yuhaoge2/out/tpugraphs_tiles/model_473ebb30935bfbdb85f07eca35474dd9/fingerprint.pb
I1130 19:19:58.730331 140637492152128 train_lib.py:75] wrote /home/yuhaoge2/out/tpugraphs_tiles/model_473ebb30935bfbdb85f07eca35474dd9
562/562 [==============================] - 28s 43ms/step - loss: 12.2650 - opa_metric: 0.8707 - val_loss: 13.5178 - val_opa_metric: 0.8615
562/562 [==============================] - 26s 41ms/step - loss: 12.2979 - opa_metric: 0.8704 - val_loss: 12.5688 - val_opa_metric: 0.8688
562/562 [==============================] - 28s 44ms/step - loss: 12.3089 - opa_metric: 0.8708 - val_loss: 12.6977 - val_opa_metric: 0.8630
562/562 [==============================] - 29s 46ms/step - loss: 12.2786 - opa_metric: 0.8706 - val_loss: 12.3527 - val_opa_metric: 0.8717
I1130 19:21:50.947051 140637492152128 train_lib.py:154]  * [@66] Validation (NEW BEST): 0.871692955493927
I1130 19:21:50.950080 140637492152128 train_lib.py:70] wrote /home/yuhaoge2/out/tpugraphs_tiles/run_473ebb30935bfbdb85f07eca35474dd9.jsonz
I1130 19:21:52.647937 140637492152128 signature_serialization.py:156] Function `_wrapped_model` contains input name(s) args_0, 259670, resource with unsupported characters which will be renamed to args_0_18, early_join_sage_private__op_embedding_embedding_embedding_lookup_259670, early_join_sage_sequential_3_dense_5_biasadd_readvariableop_resource in the SavedModel.
I1130 19:21:52.983790 140637492152128 save.py:289] Found untraced functions such as _update_step_xla while saving (showing 1 of 1). These functions will not be directly callable after loading.
INFO:tensorflow:Assets written to: /home/yuhaoge2/out/tpugraphs_tiles/model_473ebb30935bfbdb85f07eca35474dd9/assets
I1130 19:21:53.572781 140637492152128 builder_impl.py:801] Assets written to: /home/yuhaoge2/out/tpugraphs_tiles/model_473ebb30935bfbdb85f07eca35474dd9/assets
I1130 19:21:53.610937 140637492152128 fingerprinting_utils.py:49] Writing fingerprint to /home/yuhaoge2/out/tpugraphs_tiles/model_473ebb30935bfbdb85f07eca35474dd9/fingerprint.pb
I1130 19:21:53.656084 140637492152128 train_lib.py:75] wrote /home/yuhaoge2/out/tpugraphs_tiles/model_473ebb30935bfbdb85f07eca35474dd9
562/562 [==============================] - 30s 46ms/step - loss: 12.2932 - opa_metric: 0.8719 - val_loss: 12.7634 - val_opa_metric: 0.8634
562/562 [==============================] - 30s 46ms/step - loss: 12.2368 - opa_metric: 0.8726 - val_loss: 12.7493 - val_opa_metric: 0.8625
562/562 [==============================] - 30s 46ms/step - loss: 13.9453 - opa_metric: 0.8724 - val_loss: 13.0296 - val_opa_metric: 0.8615
562/562 [==============================] - 30s 46ms/step - loss: 12.2291 - opa_metric: 0.8721 - val_loss: 12.8443 - val_opa_metric: 0.8673
562/562 [==============================] - 30s 46ms/step - loss: 12.2570 - opa_metric: 0.8711 - val_loss: 12.3973 - val_opa_metric: 0.8663
562/562 [==============================] - 30s 46ms/step - loss: 12.2572 - opa_metric: 0.8715 - val_loss: 12.8155 - val_opa_metric: 0.8650
562/562 [==============================] - 30s 46ms/step - loss: 12.2588 - opa_metric: 0.8720 - val_loss: 12.4653 - val_opa_metric: 0.8646
562/562 [==============================] - 30s 46ms/step - loss: 12.2560 - opa_metric: 0.8732 - val_loss: 12.4611 - val_opa_metric: 0.8679
562/562 [==============================] - 29s 46ms/step - loss: 12.1945 - opa_metric: 0.8735 - val_loss: 12.3570 - val_opa_metric: 0.8709
562/562 [==============================] - 30s 46ms/step - loss: 12.2479 - opa_metric: 0.8721 - val_loss: 12.5382 - val_opa_metric: 0.8664
562/562 [==============================] - 30s 46ms/step - loss: 12.1924 - opa_metric: 0.8736 - val_loss: 12.5300 - val_opa_metric: 0.8684
562/562 [==============================] - 30s 46ms/step - loss: 12.2166 - opa_metric: 0.8745 - val_loss: 12.3069 - val_opa_metric: 0.8742
I1130 19:27:50.410774 140637492152128 train_lib.py:154]  * [@78] Validation (NEW BEST): 0.8741946816444397
I1130 19:27:50.412654 140637492152128 train_lib.py:70] wrote /home/yuhaoge2/out/tpugraphs_tiles/run_473ebb30935bfbdb85f07eca35474dd9.jsonz
I1130 19:27:52.104598 140637492152128 signature_serialization.py:156] Function `_wrapped_model` contains input name(s) args_0, 294196, resource with unsupported characters which will be renamed to args_0_18, early_join_sage_private__op_embedding_embedding_embedding_lookup_294196, early_join_sage_sequential_3_dense_5_biasadd_readvariableop_resource in the SavedModel.
I1130 19:27:52.446560 140637492152128 save.py:289] Found untraced functions such as _update_step_xla while saving (showing 1 of 1). These functions will not be directly callable after loading.
INFO:tensorflow:Assets written to: /home/yuhaoge2/out/tpugraphs_tiles/model_473ebb30935bfbdb85f07eca35474dd9/assets
I1130 19:27:53.035557 140637492152128 builder_impl.py:801] Assets written to: /home/yuhaoge2/out/tpugraphs_tiles/model_473ebb30935bfbdb85f07eca35474dd9/assets
I1130 19:27:53.073570 140637492152128 fingerprinting_utils.py:49] Writing fingerprint to /home/yuhaoge2/out/tpugraphs_tiles/model_473ebb30935bfbdb85f07eca35474dd9/fingerprint.pb
I1130 19:27:53.119958 140637492152128 train_lib.py:75] wrote /home/yuhaoge2/out/tpugraphs_tiles/model_473ebb30935bfbdb85f07eca35474dd9
562/562 [==============================] - 30s 46ms/step - loss: 12.2343 - opa_metric: 0.8734 - val_loss: 12.5280 - val_opa_metric: 0.8654
562/562 [==============================] - 29s 46ms/step - loss: 12.2317 - opa_metric: 0.8732 - val_loss: 12.3439 - val_opa_metric: 0.8663
562/562 [==============================] - 30s 46ms/step - loss: 12.2224 - opa_metric: 0.8729 - val_loss: 12.4306 - val_opa_metric: 0.8753
I1130 19:29:22.317013 140637492152128 train_lib.py:154]  * [@81] Validation (NEW BEST): 0.8752740621566772
I1130 19:29:22.319690 140637492152128 train_lib.py:70] wrote /home/yuhaoge2/out/tpugraphs_tiles/run_473ebb30935bfbdb85f07eca35474dd9.jsonz
I1130 19:29:24.537504 140637492152128 signature_serialization.py:156] Function `_wrapped_model` contains input name(s) args_0, 305538, resource with unsupported characters which will be renamed to args_0_18, early_join_sage_private__op_embedding_embedding_embedding_lookup_305538, early_join_sage_sequential_3_dense_5_biasadd_readvariableop_resource in the SavedModel.
I1130 19:29:24.882807 140637492152128 save.py:289] Found untraced functions such as _update_step_xla while saving (showing 1 of 1). These functions will not be directly callable after loading.
INFO:tensorflow:Assets written to: /home/yuhaoge2/out/tpugraphs_tiles/model_473ebb30935bfbdb85f07eca35474dd9/assets
I1130 19:29:25.476997 140637492152128 builder_impl.py:801] Assets written to: /home/yuhaoge2/out/tpugraphs_tiles/model_473ebb30935bfbdb85f07eca35474dd9/assets
I1130 19:29:25.515900 140637492152128 fingerprinting_utils.py:49] Writing fingerprint to /home/yuhaoge2/out/tpugraphs_tiles/model_473ebb30935bfbdb85f07eca35474dd9/fingerprint.pb
I1130 19:29:25.566007 140637492152128 train_lib.py:75] wrote /home/yuhaoge2/out/tpugraphs_tiles/model_473ebb30935bfbdb85f07eca35474dd9
562/562 [==============================] - 30s 47ms/step - loss: 12.1867 - opa_metric: 0.8748 - val_loss: 12.4497 - val_opa_metric: 0.8721
562/562 [==============================] - 30s 46ms/step - loss: 12.2121 - opa_metric: 0.8740 - val_loss: 12.5669 - val_opa_metric: 0.8737
562/562 [==============================] - 30s 46ms/step - loss: 12.2025 - opa_metric: 0.8744 - val_loss: 12.5552 - val_opa_metric: 0.8699
562/562 [==============================] - 29s 46ms/step - loss: 12.2292 - opa_metric: 0.8737 - val_loss: 12.4703 - val_opa_metric: 0.8689
562/562 [==============================] - 30s 47ms/step - loss: 12.2353 - opa_metric: 0.8748 - val_loss: 12.3933 - val_opa_metric: 0.8723
562/562 [==============================] - 30s 46ms/step - loss: 12.2112 - opa_metric: 0.8758 - val_loss: 12.4584 - val_opa_metric: 0.8655
562/562 [==============================] - 30s 46ms/step - loss: 12.1554 - opa_metric: 0.8771 - val_loss: 12.5645 - val_opa_metric: 0.8635
562/562 [==============================] - 29s 46ms/step - loss: 12.2028 - opa_metric: 0.8744 - val_loss: 12.6684 - val_opa_metric: 0.8627
562/562 [==============================] - 30s 46ms/step - loss: 12.2105 - opa_metric: 0.8759 - val_loss: 12.6812 - val_opa_metric: 0.8717
562/562 [==============================] - 30s 47ms/step - loss: 12.1999 - opa_metric: 0.8761 - val_loss: 12.6887 - val_opa_metric: 0.8692
562/562 [==============================] - 30s 46ms/step - loss: 12.2502 - opa_metric: 0.8764 - val_loss: 12.4870 - val_opa_metric: 0.8703
562/562 [==============================] - 30s 46ms/step - loss: 12.2033 - opa_metric: 0.8760 - val_loss: 12.4900 - val_opa_metric: 0.8719
562/562 [==============================] - 29s 46ms/step - loss: 12.2691 - opa_metric: 0.8747 - val_loss: 12.6144 - val_opa_metric: 0.8597
562/562 [==============================] - 28s 44ms/step - loss: 12.3568 - opa_metric: 0.8757 - val_loss: 12.3823 - val_opa_metric: 0.8699
562/562 [==============================] - 25s 39ms/step - loss: 12.1786 - opa_metric: 0.8773 - val_loss: 12.4098 - val_opa_metric: 0.8695
562/562 [==============================] - 26s 41ms/step - loss: 12.2165 - opa_metric: 0.8752 - val_loss: 12.5066 - val_opa_metric: 0.8744
562/562 [==============================] - 30s 46ms/step - loss: 12.1620 - opa_metric: 0.8755 - val_loss: 12.4791 - val_opa_metric: 0.8672
562/562 [==============================] - 30s 46ms/step - loss: 12.1861 - opa_metric: 0.8753 - val_loss: 12.4916 - val_opa_metric: 0.8670
I1130 19:43:11.081277 140637492152128 train_lib.py:70] wrote /home/yuhaoge2/out/tpugraphs_tiles/run_473ebb30935bfbdb85f07eca35474dd9.jsonz
I1130 19:43:13.309725 140637492152128 signature_serialization.py:156] Function `_wrapped_model` contains input name(s) args_0, 980822, resource with unsupported characters which will be renamed to args_0_18, early_join_sage_private__op_embedding_embedding_embedding_lookup_980822, early_join_sage_sequential_3_dense_5_biasadd_readvariableop_resource in the SavedModel.
I1130 19:43:13.648887 140637492152128 save.py:289] Found untraced functions such as _update_step_xla while saving (showing 1 of 1). These functions will not be directly callable after loading.
INFO:tensorflow:Assets written to: /home/yuhaoge2/out/tpugraphs_tiles/model_473ebb30935bfbdb85f07eca35474dd9/assets
I1130 19:43:14.248780 140637492152128 builder_impl.py:801] Assets written to: /home/yuhaoge2/out/tpugraphs_tiles/model_473ebb30935bfbdb85f07eca35474dd9/assets
I1130 19:43:14.286644 140637492152128 fingerprinting_utils.py:49] Writing fingerprint to /home/yuhaoge2/out/tpugraphs_tiles/model_473ebb30935bfbdb85f07eca35474dd9/fingerprint.pb
I1130 19:43:14.333434 140637492152128 train_lib.py:75] wrote /home/yuhaoge2/out/tpugraphs_tiles/model_473ebb30935bfbdb85f07eca35474dd9
***  Wrote /home/yuhaoge2/out/tpugraphs_tiles/results_1701391716694.csv
